{"C:\\Users\\sanju\\OneDrive\\Desktop\\SEM 2.2\\FWEB\\assignment\\fweb_project with unit testing\\server\\controller\\userController.js":{"path":"C:\\Users\\sanju\\OneDrive\\Desktop\\SEM 2.2\\FWEB\\assignment\\fweb_project with unit testing\\server\\controller\\userController.js","statementMap":{"0":{"start":{"line":1,"column":13},"end":{"line":1,"column":46}},"1":{"start":{"line":2,"column":12},"end":{"line":2,"column":44}},"2":{"start":{"line":3,"column":39},"end":{"line":3,"column":70}},"3":{"start":{"line":4,"column":59},"end":{"line":4,"column":90}},"4":{"start":{"line":5,"column":22},"end":{"line":5,"column":54}},"5":{"start":{"line":6,"column":12},"end":{"line":6,"column":35}},"6":{"start":{"line":7,"column":15},"end":{"line":7,"column":32}},"7":{"start":{"line":8,"column":15},"end":{"line":8,"column":32}},"8":{"start":{"line":9,"column":17},"end":{"line":9,"column":36}},"9":{"start":{"line":10,"column":22},"end":{"line":10,"column":57}},"10":{"start":{"line":13,"column":0},"end":{"line":13,"column":16}},"11":{"start":{"line":14,"column":48},"end":{"line":14,"column":59}},"12":{"start":{"line":19,"column":20},"end":{"line":25,"column":1}},"13":{"start":{"line":20,"column":20},"end":{"line":20,"column":29}},"14":{"start":{"line":23,"column":16},"end":{"line":23,"column":70}},"15":{"start":{"line":24,"column":2},"end":{"line":24,"column":15}},"16":{"start":{"line":28,"column":27},"end":{"line":76,"column":1}},"17":{"start":{"line":29,"column":2},"end":{"line":75,"column":3}},"18":{"start":{"line":30,"column":38},"end":{"line":30,"column":42}},"19":{"start":{"line":33,"column":24},"end":{"line":33,"column":53}},"20":{"start":{"line":35,"column":4},"end":{"line":37,"column":5}},"21":{"start":{"line":36,"column":6},"end":{"line":36,"column":42}},"22":{"start":{"line":40,"column":4},"end":{"line":42,"column":5}},"23":{"start":{"line":41,"column":6},"end":{"line":41,"column":63}},"24":{"start":{"line":44,"column":27},"end":{"line":44,"column":47}},"25":{"start":{"line":45,"column":26},"end":{"line":45,"column":74}},"26":{"start":{"line":47,"column":4},"end":{"line":49,"column":5}},"27":{"start":{"line":48,"column":6},"end":{"line":48,"column":51}},"28":{"start":{"line":51,"column":4},"end":{"line":53,"column":5}},"29":{"start":{"line":52,"column":6},"end":{"line":52,"column":70}},"30":{"start":{"line":55,"column":4},"end":{"line":71,"column":5}},"31":{"start":{"line":57,"column":39},"end":{"line":62,"column":7}},"32":{"start":{"line":64,"column":6},"end":{"line":64,"column":58}},"33":{"start":{"line":66,"column":6},"end":{"line":66,"column":23}},"34":{"start":{"line":69,"column":6},"end":{"line":69,"column":49}},"35":{"start":{"line":74,"column":4},"end":{"line":74,"column":16}},"36":{"start":{"line":78,"column":28},"end":{"line":130,"column":1}},"37":{"start":{"line":79,"column":2},"end":{"line":129,"column":3}},"38":{"start":{"line":80,"column":38},"end":{"line":80,"column":42}},"39":{"start":{"line":83,"column":24},"end":{"line":83,"column":53}},"40":{"start":{"line":85,"column":4},"end":{"line":87,"column":5}},"41":{"start":{"line":86,"column":6},"end":{"line":86,"column":42}},"42":{"start":{"line":90,"column":4},"end":{"line":92,"column":5}},"43":{"start":{"line":91,"column":6},"end":{"line":91,"column":63}},"44":{"start":{"line":94,"column":4},"end":{"line":124,"column":5}},"45":{"start":{"line":96,"column":26},"end":{"line":96,"column":55}},"46":{"start":{"line":99,"column":29},"end":{"line":99,"column":49}},"47":{"start":{"line":100,"column":28},"end":{"line":100,"column":76}},"48":{"start":{"line":102,"column":6},"end":{"line":104,"column":7}},"49":{"start":{"line":103,"column":8},"end":{"line":103,"column":53}},"50":{"start":{"line":106,"column":6},"end":{"line":108,"column":7}},"51":{"start":{"line":107,"column":8},"end":{"line":107,"column":72}},"52":{"start":{"line":111,"column":39},"end":{"line":116,"column":7}},"53":{"start":{"line":118,"column":6},"end":{"line":118,"column":58}},"54":{"start":{"line":120,"column":6},"end":{"line":120,"column":23}},"55":{"start":{"line":123,"column":6},"end":{"line":123,"column":49}},"56":{"start":{"line":128,"column":4},"end":{"line":128,"column":16}},"57":{"start":{"line":134,"column":28},"end":{"line":191,"column":1}},"58":{"start":{"line":135,"column":2},"end":{"line":190,"column":3}},"59":{"start":{"line":138,"column":4},"end":{"line":140,"column":5}},"60":{"start":{"line":139,"column":6},"end":{"line":139,"column":73}},"61":{"start":{"line":143,"column":24},"end":{"line":143,"column":53}},"62":{"start":{"line":145,"column":4},"end":{"line":147,"column":5}},"63":{"start":{"line":146,"column":6},"end":{"line":146,"column":41}},"64":{"start":{"line":150,"column":28},"end":{"line":150,"column":56}},"65":{"start":{"line":153,"column":25},"end":{"line":153,"column":44}},"66":{"start":{"line":156,"column":24},"end":{"line":162,"column":5}},"67":{"start":{"line":163,"column":4},"end":{"line":163,"column":33}},"68":{"start":{"line":166,"column":22},"end":{"line":166,"column":50}},"69":{"start":{"line":168,"column":4},"end":{"line":185,"column":5}},"70":{"start":{"line":170,"column":6},"end":{"line":170,"column":40}},"71":{"start":{"line":171,"column":6},"end":{"line":171,"column":47}},"72":{"start":{"line":172,"column":6},"end":{"line":172,"column":65}},"73":{"start":{"line":173,"column":6},"end":{"line":173,"column":37}},"74":{"start":{"line":176,"column":21},"end":{"line":182,"column":8}},"75":{"start":{"line":184,"column":6},"end":{"line":184,"column":26}},"76":{"start":{"line":187,"column":4},"end":{"line":187,"column":16}},"77":{"start":{"line":189,"column":4},"end":{"line":189,"column":16}},"78":{"start":{"line":196,"column":23},"end":{"line":232,"column":1}},"79":{"start":{"line":197,"column":2},"end":{"line":231,"column":3}},"80":{"start":{"line":198,"column":27},"end":{"line":198,"column":31}},"81":{"start":{"line":201,"column":24},"end":{"line":201,"column":53}},"82":{"start":{"line":203,"column":4},"end":{"line":205,"column":5}},"83":{"start":{"line":204,"column":6},"end":{"line":204,"column":41}},"84":{"start":{"line":208,"column":22},"end":{"line":208,"column":53}},"85":{"start":{"line":210,"column":4},"end":{"line":213,"column":5}},"86":{"start":{"line":212,"column":6},"end":{"line":212,"column":40}},"87":{"start":{"line":216,"column":4},"end":{"line":216,"column":38}},"88":{"start":{"line":217,"column":4},"end":{"line":217,"column":29}},"89":{"start":{"line":221,"column":22},"end":{"line":225,"column":5}},"90":{"start":{"line":226,"column":18},"end":{"line":226,"column":46}},"91":{"start":{"line":228,"column":4},"end":{"line":228,"column":21}},"92":{"start":{"line":230,"column":4},"end":{"line":230,"column":16}},"93":{"start":{"line":235,"column":29},"end":{"line":304,"column":1}},"94":{"start":{"line":236,"column":2},"end":{"line":303,"column":3}},"95":{"start":{"line":237,"column":76},"end":{"line":237,"column":80}},"96":{"start":{"line":240,"column":4},"end":{"line":240,"column":37}},"97":{"start":{"line":241,"column":4},"end":{"line":241,"column":25}},"98":{"start":{"line":242,"column":4},"end":{"line":242,"column":23}},"99":{"start":{"line":243,"column":4},"end":{"line":243,"column":29}},"100":{"start":{"line":244,"column":4},"end":{"line":244,"column":25}},"101":{"start":{"line":245,"column":4},"end":{"line":245,"column":31}},"102":{"start":{"line":249,"column":25},"end":{"line":249,"column":54}},"103":{"start":{"line":251,"column":4},"end":{"line":300,"column":5}},"104":{"start":{"line":252,"column":6},"end":{"line":252,"column":66}},"105":{"start":{"line":256,"column":6},"end":{"line":258,"column":7}},"106":{"start":{"line":257,"column":8},"end":{"line":257,"column":47}},"107":{"start":{"line":260,"column":6},"end":{"line":262,"column":7}},"108":{"start":{"line":261,"column":8},"end":{"line":261,"column":49}},"109":{"start":{"line":264,"column":6},"end":{"line":266,"column":7}},"110":{"start":{"line":265,"column":8},"end":{"line":265,"column":50}},"111":{"start":{"line":268,"column":6},"end":{"line":270,"column":7}},"112":{"start":{"line":269,"column":8},"end":{"line":269,"column":50}},"113":{"start":{"line":273,"column":29},"end":{"line":273,"column":53}},"114":{"start":{"line":274,"column":22},"end":{"line":283,"column":8}},"115":{"start":{"line":286,"column":26},"end":{"line":286,"column":46}},"116":{"start":{"line":289,"column":40},"end":{"line":294,"column":7}},"117":{"start":{"line":297,"column":6},"end":{"line":297,"column":59}},"118":{"start":{"line":299,"column":6},"end":{"line":299,"column":25}},"119":{"start":{"line":302,"column":4},"end":{"line":302,"column":16}},"120":{"start":{"line":307,"column":24},"end":{"line":339,"column":1}},"121":{"start":{"line":308,"column":2},"end":{"line":338,"column":3}},"122":{"start":{"line":309,"column":27},"end":{"line":309,"column":31}},"123":{"start":{"line":313,"column":24},"end":{"line":313,"column":53}},"124":{"start":{"line":315,"column":4},"end":{"line":317,"column":5}},"125":{"start":{"line":316,"column":6},"end":{"line":316,"column":41}},"126":{"start":{"line":320,"column":22},"end":{"line":320,"column":53}},"127":{"start":{"line":322,"column":4},"end":{"line":325,"column":5}},"128":{"start":{"line":324,"column":6},"end":{"line":324,"column":40}},"129":{"start":{"line":327,"column":4},"end":{"line":327,"column":32}},"130":{"start":{"line":328,"column":4},"end":{"line":328,"column":29}},"131":{"start":{"line":331,"column":17},"end":{"line":331,"column":46}},"132":{"start":{"line":333,"column":4},"end":{"line":333,"column":29}},"133":{"start":{"line":334,"column":4},"end":{"line":334,"column":27}},"134":{"start":{"line":337,"column":4},"end":{"line":337,"column":16}},"135":{"start":{"line":342,"column":24},"end":{"line":408,"column":1}},"136":{"start":{"line":343,"column":2},"end":{"line":407,"column":3}},"137":{"start":{"line":344,"column":22},"end":{"line":344,"column":26}},"138":{"start":{"line":347,"column":4},"end":{"line":349,"column":5}},"139":{"start":{"line":348,"column":6},"end":{"line":348,"column":52}},"140":{"start":{"line":352,"column":24},"end":{"line":352,"column":53}},"141":{"start":{"line":354,"column":4},"end":{"line":356,"column":5}},"142":{"start":{"line":355,"column":6},"end":{"line":355,"column":41}},"143":{"start":{"line":358,"column":4},"end":{"line":361,"column":5}},"144":{"start":{"line":359,"column":6},"end":{"line":359,"column":64}},"145":{"start":{"line":364,"column":28},"end":{"line":364,"column":56}},"146":{"start":{"line":367,"column":25},"end":{"line":367,"column":44}},"147":{"start":{"line":369,"column":20},"end":{"line":369,"column":44}},"148":{"start":{"line":370,"column":20},"end":{"line":370,"column":49}},"149":{"start":{"line":371,"column":21},"end":{"line":371,"column":23}},"150":{"start":{"line":374,"column":24},"end":{"line":380,"column":5}},"151":{"start":{"line":381,"column":4},"end":{"line":381,"column":33}},"152":{"start":{"line":384,"column":22},"end":{"line":384,"column":50}},"153":{"start":{"line":386,"column":4},"end":{"line":402,"column":5}},"154":{"start":{"line":388,"column":6},"end":{"line":388,"column":40}},"155":{"start":{"line":389,"column":6},"end":{"line":389,"column":47}},"156":{"start":{"line":390,"column":6},"end":{"line":390,"column":65}},"157":{"start":{"line":391,"column":6},"end":{"line":391,"column":37}},"158":{"start":{"line":394,"column":21},"end":{"line":399,"column":8}},"159":{"start":{"line":401,"column":6},"end":{"line":401,"column":26}},"160":{"start":{"line":404,"column":4},"end":{"line":404,"column":37}},"161":{"start":{"line":406,"column":4},"end":{"line":406,"column":16}},"162":{"start":{"line":411,"column":25},"end":{"line":474,"column":1}},"163":{"start":{"line":412,"column":2},"end":{"line":473,"column":3}},"164":{"start":{"line":413,"column":22},"end":{"line":413,"column":26}},"165":{"start":{"line":416,"column":4},"end":{"line":418,"column":5}},"166":{"start":{"line":417,"column":6},"end":{"line":417,"column":52}},"167":{"start":{"line":421,"column":24},"end":{"line":421,"column":53}},"168":{"start":{"line":423,"column":4},"end":{"line":425,"column":5}},"169":{"start":{"line":424,"column":6},"end":{"line":424,"column":41}},"170":{"start":{"line":429,"column":28},"end":{"line":429,"column":56}},"171":{"start":{"line":432,"column":25},"end":{"line":432,"column":44}},"172":{"start":{"line":434,"column":20},"end":{"line":434,"column":44}},"173":{"start":{"line":435,"column":20},"end":{"line":435,"column":49}},"174":{"start":{"line":436,"column":21},"end":{"line":436,"column":23}},"175":{"start":{"line":439,"column":24},"end":{"line":445,"column":5}},"176":{"start":{"line":446,"column":4},"end":{"line":446,"column":33}},"177":{"start":{"line":449,"column":22},"end":{"line":449,"column":50}},"178":{"start":{"line":451,"column":4},"end":{"line":468,"column":5}},"179":{"start":{"line":453,"column":6},"end":{"line":453,"column":40}},"180":{"start":{"line":454,"column":6},"end":{"line":454,"column":47}},"181":{"start":{"line":455,"column":6},"end":{"line":455,"column":65}},"182":{"start":{"line":456,"column":6},"end":{"line":456,"column":37}},"183":{"start":{"line":459,"column":21},"end":{"line":465,"column":8}},"184":{"start":{"line":467,"column":6},"end":{"line":467,"column":26}},"185":{"start":{"line":470,"column":4},"end":{"line":470,"column":37}},"186":{"start":{"line":472,"column":4},"end":{"line":472,"column":16}},"187":{"start":{"line":477,"column":22},"end":{"line":513,"column":1}},"188":{"start":{"line":478,"column":2},"end":{"line":512,"column":3}},"189":{"start":{"line":479,"column":37},"end":{"line":479,"column":41}},"190":{"start":{"line":481,"column":24},"end":{"line":481,"column":53}},"191":{"start":{"line":483,"column":4},"end":{"line":485,"column":5}},"192":{"start":{"line":484,"column":6},"end":{"line":484,"column":43}},"193":{"start":{"line":488,"column":22},"end":{"line":488,"column":66}},"194":{"start":{"line":490,"column":4},"end":{"line":492,"column":5}},"195":{"start":{"line":491,"column":6},"end":{"line":491,"column":65}},"196":{"start":{"line":493,"column":4},"end":{"line":495,"column":5}},"197":{"start":{"line":494,"column":6},"end":{"line":494,"column":75}},"198":{"start":{"line":497,"column":4},"end":{"line":499,"column":5}},"199":{"start":{"line":498,"column":6},"end":{"line":498,"column":40}},"200":{"start":{"line":502,"column":30},"end":{"line":502,"column":54}},"201":{"start":{"line":505,"column":4},"end":{"line":505,"column":69}},"202":{"start":{"line":507,"column":4},"end":{"line":507,"column":35}},"203":{"start":{"line":509,"column":4},"end":{"line":509,"column":56}},"204":{"start":{"line":511,"column":4},"end":{"line":511,"column":16}},"205":{"start":{"line":518,"column":20},"end":{"line":538,"column":1}},"206":{"start":{"line":519,"column":2},"end":{"line":537,"column":3}},"207":{"start":{"line":520,"column":17},"end":{"line":520,"column":21}},"208":{"start":{"line":523,"column":4},"end":{"line":525,"column":5}},"209":{"start":{"line":524,"column":6},"end":{"line":524,"column":42}},"210":{"start":{"line":528,"column":24},"end":{"line":528,"column":47}},"211":{"start":{"line":530,"column":4},"end":{"line":533,"column":5}},"212":{"start":{"line":531,"column":6},"end":{"line":531,"column":49}},"213":{"start":{"line":534,"column":4},"end":{"line":534,"column":27}},"214":{"start":{"line":536,"column":4},"end":{"line":536,"column":16}},"215":{"start":{"line":541,"column":20},"end":{"line":569,"column":1}},"216":{"start":{"line":542,"column":2},"end":{"line":568,"column":3}},"217":{"start":{"line":544,"column":59},"end":{"line":544,"column":63}},"218":{"start":{"line":549,"column":17},"end":{"line":549,"column":46}},"219":{"start":{"line":553,"column":4},"end":{"line":555,"column":5}},"220":{"start":{"line":554,"column":6},"end":{"line":554,"column":37}},"221":{"start":{"line":558,"column":31},"end":{"line":558,"column":92}},"222":{"start":{"line":561,"column":4},"end":{"line":563,"column":5}},"223":{"start":{"line":562,"column":6},"end":{"line":562,"column":49}},"224":{"start":{"line":565,"column":4},"end":{"line":565,"column":34}},"225":{"start":{"line":567,"column":4},"end":{"line":567,"column":16}},"226":{"start":{"line":588,"column":19},"end":{"line":603,"column":1}},"227":{"start":{"line":589,"column":2},"end":{"line":602,"column":3}},"228":{"start":{"line":590,"column":20},"end":{"line":590,"column":63}},"229":{"start":{"line":593,"column":4},"end":{"line":596,"column":5}},"230":{"start":{"line":594,"column":6},"end":{"line":594,"column":41}},"231":{"start":{"line":598,"column":4},"end":{"line":598,"column":52}},"232":{"start":{"line":601,"column":4},"end":{"line":601,"column":16}},"233":{"start":{"line":605,"column":0},"end":{"line":605,"column":238}}},"fnMap":{"0":{"name":"(anonymous_0)","decl":{"start":{"line":19,"column":20},"end":{"line":19,"column":21}},"loc":{"start":{"line":19,"column":30},"end":{"line":25,"column":1}},"line":19},"1":{"name":"(anonymous_1)","decl":{"start":{"line":28,"column":27},"end":{"line":28,"column":28}},"loc":{"start":{"line":28,"column":43},"end":{"line":76,"column":1}},"line":28},"2":{"name":"(anonymous_2)","decl":{"start":{"line":78,"column":28},"end":{"line":78,"column":29}},"loc":{"start":{"line":78,"column":44},"end":{"line":130,"column":1}},"line":78},"3":{"name":"(anonymous_3)","decl":{"start":{"line":134,"column":28},"end":{"line":134,"column":29}},"loc":{"start":{"line":134,"column":82},"end":{"line":191,"column":1}},"line":134},"4":{"name":"(anonymous_4)","decl":{"start":{"line":196,"column":23},"end":{"line":196,"column":24}},"loc":{"start":{"line":196,"column":39},"end":{"line":232,"column":1}},"line":196},"5":{"name":"(anonymous_5)","decl":{"start":{"line":235,"column":29},"end":{"line":235,"column":30}},"loc":{"start":{"line":235,"column":45},"end":{"line":304,"column":1}},"line":235},"6":{"name":"(anonymous_6)","decl":{"start":{"line":307,"column":24},"end":{"line":307,"column":25}},"loc":{"start":{"line":307,"column":40},"end":{"line":339,"column":1}},"line":307},"7":{"name":"(anonymous_7)","decl":{"start":{"line":342,"column":24},"end":{"line":342,"column":25}},"loc":{"start":{"line":342,"column":40},"end":{"line":408,"column":1}},"line":342},"8":{"name":"(anonymous_8)","decl":{"start":{"line":411,"column":25},"end":{"line":411,"column":26}},"loc":{"start":{"line":411,"column":41},"end":{"line":474,"column":1}},"line":411},"9":{"name":"(anonymous_9)","decl":{"start":{"line":477,"column":22},"end":{"line":477,"column":23}},"loc":{"start":{"line":477,"column":38},"end":{"line":513,"column":1}},"line":477},"10":{"name":"(anonymous_10)","decl":{"start":{"line":518,"column":20},"end":{"line":518,"column":21}},"loc":{"start":{"line":518,"column":36},"end":{"line":538,"column":1}},"line":518},"11":{"name":"(anonymous_11)","decl":{"start":{"line":541,"column":20},"end":{"line":541,"column":21}},"loc":{"start":{"line":541,"column":36},"end":{"line":569,"column":1}},"line":541},"12":{"name":"(anonymous_12)","decl":{"start":{"line":588,"column":19},"end":{"line":588,"column":20}},"loc":{"start":{"line":588,"column":39},"end":{"line":603,"column":1}},"line":588}},"branchMap":{"0":{"loc":{"start":{"line":35,"column":4},"end":{"line":37,"column":5}},"type":"if","locations":[{"start":{"line":35,"column":4},"end":{"line":37,"column":5}},{"start":{"line":35,"column":4},"end":{"line":37,"column":5}}],"line":35},"1":{"loc":{"start":{"line":40,"column":4},"end":{"line":42,"column":5}},"type":"if","locations":[{"start":{"line":40,"column":4},"end":{"line":42,"column":5}},{"start":{"line":40,"column":4},"end":{"line":42,"column":5}}],"line":40},"2":{"loc":{"start":{"line":40,"column":8},"end":{"line":40,"column":36}},"type":"binary-expr","locations":[{"start":{"line":40,"column":8},"end":{"line":40,"column":17}},{"start":{"line":40,"column":21},"end":{"line":40,"column":26}},{"start":{"line":40,"column":30},"end":{"line":40,"column":36}}],"line":40},"3":{"loc":{"start":{"line":47,"column":4},"end":{"line":49,"column":5}},"type":"if","locations":[{"start":{"line":47,"column":4},"end":{"line":49,"column":5}},{"start":{"line":47,"column":4},"end":{"line":49,"column":5}}],"line":47},"4":{"loc":{"start":{"line":51,"column":4},"end":{"line":53,"column":5}},"type":"if","locations":[{"start":{"line":51,"column":4},"end":{"line":53,"column":5}},{"start":{"line":51,"column":4},"end":{"line":53,"column":5}}],"line":51},"5":{"loc":{"start":{"line":55,"column":4},"end":{"line":71,"column":5}},"type":"if","locations":[{"start":{"line":55,"column":4},"end":{"line":71,"column":5}},{"start":{"line":55,"column":4},"end":{"line":71,"column":5}}],"line":55},"6":{"loc":{"start":{"line":55,"column":8},"end":{"line":55,"column":56}},"type":"binary-expr","locations":[{"start":{"line":55,"column":8},"end":{"line":55,"column":24}},{"start":{"line":55,"column":28},"end":{"line":55,"column":56}}],"line":55},"7":{"loc":{"start":{"line":85,"column":4},"end":{"line":87,"column":5}},"type":"if","locations":[{"start":{"line":85,"column":4},"end":{"line":87,"column":5}},{"start":{"line":85,"column":4},"end":{"line":87,"column":5}}],"line":85},"8":{"loc":{"start":{"line":90,"column":4},"end":{"line":92,"column":5}},"type":"if","locations":[{"start":{"line":90,"column":4},"end":{"line":92,"column":5}},{"start":{"line":90,"column":4},"end":{"line":92,"column":5}}],"line":90},"9":{"loc":{"start":{"line":90,"column":8},"end":{"line":90,"column":36}},"type":"binary-expr","locations":[{"start":{"line":90,"column":8},"end":{"line":90,"column":17}},{"start":{"line":90,"column":21},"end":{"line":90,"column":26}},{"start":{"line":90,"column":30},"end":{"line":90,"column":36}}],"line":90},"10":{"loc":{"start":{"line":94,"column":4},"end":{"line":124,"column":5}},"type":"if","locations":[{"start":{"line":94,"column":4},"end":{"line":124,"column":5}},{"start":{"line":94,"column":4},"end":{"line":124,"column":5}}],"line":94},"11":{"loc":{"start":{"line":94,"column":8},"end":{"line":94,"column":54}},"type":"binary-expr","locations":[{"start":{"line":94,"column":8},"end":{"line":94,"column":23}},{"start":{"line":94,"column":27},"end":{"line":94,"column":54}}],"line":94},"12":{"loc":{"start":{"line":102,"column":6},"end":{"line":104,"column":7}},"type":"if","locations":[{"start":{"line":102,"column":6},"end":{"line":104,"column":7}},{"start":{"line":102,"column":6},"end":{"line":104,"column":7}}],"line":102},"13":{"loc":{"start":{"line":106,"column":6},"end":{"line":108,"column":7}},"type":"if","locations":[{"start":{"line":106,"column":6},"end":{"line":108,"column":7}},{"start":{"line":106,"column":6},"end":{"line":108,"column":7}}],"line":106},"14":{"loc":{"start":{"line":134,"column":62},"end":{"line":134,"column":75}},"type":"default-arg","locations":[{"start":{"line":134,"column":73},"end":{"line":134,"column":75}}],"line":134},"15":{"loc":{"start":{"line":138,"column":4},"end":{"line":140,"column":5}},"type":"if","locations":[{"start":{"line":138,"column":4},"end":{"line":140,"column":5}},{"start":{"line":138,"column":4},"end":{"line":140,"column":5}}],"line":138},"16":{"loc":{"start":{"line":138,"column":10},"end":{"line":138,"column":37}},"type":"binary-expr","locations":[{"start":{"line":138,"column":10},"end":{"line":138,"column":15}},{"start":{"line":138,"column":19},"end":{"line":138,"column":26}},{"start":{"line":138,"column":30},"end":{"line":138,"column":37}}],"line":138},"17":{"loc":{"start":{"line":145,"column":4},"end":{"line":147,"column":5}},"type":"if","locations":[{"start":{"line":145,"column":4},"end":{"line":147,"column":5}},{"start":{"line":145,"column":4},"end":{"line":147,"column":5}}],"line":145},"18":{"loc":{"start":{"line":168,"column":4},"end":{"line":185,"column":5}},"type":"if","locations":[{"start":{"line":168,"column":4},"end":{"line":185,"column":5}},{"start":{"line":168,"column":4},"end":{"line":185,"column":5}}],"line":168},"19":{"loc":{"start":{"line":203,"column":4},"end":{"line":205,"column":5}},"type":"if","locations":[{"start":{"line":203,"column":4},"end":{"line":205,"column":5}},{"start":{"line":203,"column":4},"end":{"line":205,"column":5}}],"line":203},"20":{"loc":{"start":{"line":210,"column":4},"end":{"line":213,"column":5}},"type":"if","locations":[{"start":{"line":210,"column":4},"end":{"line":213,"column":5}},{"start":{"line":210,"column":4},"end":{"line":213,"column":5}}],"line":210},"21":{"loc":{"start":{"line":251,"column":4},"end":{"line":300,"column":5}},"type":"if","locations":[{"start":{"line":251,"column":4},"end":{"line":300,"column":5}},{"start":{"line":251,"column":4},"end":{"line":300,"column":5}}],"line":251},"22":{"loc":{"start":{"line":256,"column":6},"end":{"line":258,"column":7}},"type":"if","locations":[{"start":{"line":256,"column":6},"end":{"line":258,"column":7}},{"start":{"line":256,"column":6},"end":{"line":258,"column":7}}],"line":256},"23":{"loc":{"start":{"line":256,"column":10},"end":{"line":256,"column":84}},"type":"binary-expr","locations":[{"start":{"line":256,"column":10},"end":{"line":256,"column":22}},{"start":{"line":256,"column":26},"end":{"line":256,"column":32}},{"start":{"line":256,"column":36},"end":{"line":256,"column":41}},{"start":{"line":256,"column":45},"end":{"line":256,"column":49}},{"start":{"line":256,"column":53},"end":{"line":256,"column":61}},{"start":{"line":256,"column":65},"end":{"line":256,"column":71}},{"start":{"line":256,"column":75},"end":{"line":256,"column":84}}],"line":256},"24":{"loc":{"start":{"line":260,"column":6},"end":{"line":262,"column":7}},"type":"if","locations":[{"start":{"line":260,"column":6},"end":{"line":262,"column":7}},{"start":{"line":260,"column":6},"end":{"line":262,"column":7}}],"line":260},"25":{"loc":{"start":{"line":264,"column":6},"end":{"line":266,"column":7}},"type":"if","locations":[{"start":{"line":264,"column":6},"end":{"line":266,"column":7}},{"start":{"line":264,"column":6},"end":{"line":266,"column":7}}],"line":264},"26":{"loc":{"start":{"line":268,"column":6},"end":{"line":270,"column":7}},"type":"if","locations":[{"start":{"line":268,"column":6},"end":{"line":270,"column":7}},{"start":{"line":268,"column":6},"end":{"line":270,"column":7}}],"line":268},"27":{"loc":{"start":{"line":315,"column":4},"end":{"line":317,"column":5}},"type":"if","locations":[{"start":{"line":315,"column":4},"end":{"line":317,"column":5}},{"start":{"line":315,"column":4},"end":{"line":317,"column":5}}],"line":315},"28":{"loc":{"start":{"line":322,"column":4},"end":{"line":325,"column":5}},"type":"if","locations":[{"start":{"line":322,"column":4},"end":{"line":325,"column":5}},{"start":{"line":322,"column":4},"end":{"line":325,"column":5}}],"line":322},"29":{"loc":{"start":{"line":347,"column":4},"end":{"line":349,"column":5}},"type":"if","locations":[{"start":{"line":347,"column":4},"end":{"line":349,"column":5}},{"start":{"line":347,"column":4},"end":{"line":349,"column":5}}],"line":347},"30":{"loc":{"start":{"line":354,"column":4},"end":{"line":356,"column":5}},"type":"if","locations":[{"start":{"line":354,"column":4},"end":{"line":356,"column":5}},{"start":{"line":354,"column":4},"end":{"line":356,"column":5}}],"line":354},"31":{"loc":{"start":{"line":358,"column":4},"end":{"line":361,"column":5}},"type":"if","locations":[{"start":{"line":358,"column":4},"end":{"line":361,"column":5}},{"start":{"line":358,"column":4},"end":{"line":361,"column":5}}],"line":358},"32":{"loc":{"start":{"line":386,"column":4},"end":{"line":402,"column":5}},"type":"if","locations":[{"start":{"line":386,"column":4},"end":{"line":402,"column":5}},{"start":{"line":386,"column":4},"end":{"line":402,"column":5}}],"line":386},"33":{"loc":{"start":{"line":416,"column":4},"end":{"line":418,"column":5}},"type":"if","locations":[{"start":{"line":416,"column":4},"end":{"line":418,"column":5}},{"start":{"line":416,"column":4},"end":{"line":418,"column":5}}],"line":416},"34":{"loc":{"start":{"line":423,"column":4},"end":{"line":425,"column":5}},"type":"if","locations":[{"start":{"line":423,"column":4},"end":{"line":425,"column":5}},{"start":{"line":423,"column":4},"end":{"line":425,"column":5}}],"line":423},"35":{"loc":{"start":{"line":451,"column":4},"end":{"line":468,"column":5}},"type":"if","locations":[{"start":{"line":451,"column":4},"end":{"line":468,"column":5}},{"start":{"line":451,"column":4},"end":{"line":468,"column":5}}],"line":451},"36":{"loc":{"start":{"line":483,"column":4},"end":{"line":485,"column":5}},"type":"if","locations":[{"start":{"line":483,"column":4},"end":{"line":485,"column":5}},{"start":{"line":483,"column":4},"end":{"line":485,"column":5}}],"line":483},"37":{"loc":{"start":{"line":490,"column":4},"end":{"line":492,"column":5}},"type":"if","locations":[{"start":{"line":490,"column":4},"end":{"line":492,"column":5}},{"start":{"line":490,"column":4},"end":{"line":492,"column":5}}],"line":490},"38":{"loc":{"start":{"line":493,"column":4},"end":{"line":495,"column":5}},"type":"if","locations":[{"start":{"line":493,"column":4},"end":{"line":495,"column":5}},{"start":{"line":493,"column":4},"end":{"line":495,"column":5}}],"line":493},"39":{"loc":{"start":{"line":497,"column":4},"end":{"line":499,"column":5}},"type":"if","locations":[{"start":{"line":497,"column":4},"end":{"line":499,"column":5}},{"start":{"line":497,"column":4},"end":{"line":499,"column":5}}],"line":497},"40":{"loc":{"start":{"line":523,"column":4},"end":{"line":525,"column":5}},"type":"if","locations":[{"start":{"line":523,"column":4},"end":{"line":525,"column":5}},{"start":{"line":523,"column":4},"end":{"line":525,"column":5}}],"line":523},"41":{"loc":{"start":{"line":530,"column":4},"end":{"line":533,"column":5}},"type":"if","locations":[{"start":{"line":530,"column":4},"end":{"line":533,"column":5}},{"start":{"line":530,"column":4},"end":{"line":533,"column":5}}],"line":530},"42":{"loc":{"start":{"line":553,"column":4},"end":{"line":555,"column":5}},"type":"if","locations":[{"start":{"line":553,"column":4},"end":{"line":555,"column":5}},{"start":{"line":553,"column":4},"end":{"line":555,"column":5}}],"line":553},"43":{"loc":{"start":{"line":561,"column":4},"end":{"line":563,"column":5}},"type":"if","locations":[{"start":{"line":561,"column":4},"end":{"line":563,"column":5}},{"start":{"line":561,"column":4},"end":{"line":563,"column":5}}],"line":561},"44":{"loc":{"start":{"line":593,"column":4},"end":{"line":596,"column":5}},"type":"if","locations":[{"start":{"line":593,"column":4},"end":{"line":596,"column":5}},{"start":{"line":593,"column":4},"end":{"line":596,"column":5}}],"line":593}},"s":{"0":0,"1":0,"2":0,"3":0,"4":0,"5":0,"6":0,"7":0,"8":0,"9":0,"10":0,"11":0,"12":0,"13":0,"14":0,"15":0,"16":0,"17":0,"18":0,"19":0,"20":0,"21":0,"22":0,"23":0,"24":0,"25":0,"26":0,"27":0,"28":0,"29":0,"30":0,"31":0,"32":0,"33":0,"34":0,"35":0,"36":0,"37":0,"38":0,"39":0,"40":0,"41":0,"42":0,"43":0,"44":0,"45":0,"46":0,"47":0,"48":0,"49":0,"50":0,"51":0,"52":0,"53":0,"54":0,"55":0,"56":0,"57":0,"58":0,"59":0,"60":0,"61":0,"62":0,"63":0,"64":0,"65":0,"66":0,"67":0,"68":0,"69":0,"70":0,"71":0,"72":0,"73":0,"74":0,"75":0,"76":0,"77":0,"78":0,"79":0,"80":0,"81":0,"82":0,"83":0,"84":0,"85":0,"86":0,"87":0,"88":0,"89":0,"90":0,"91":0,"92":0,"93":0,"94":0,"95":0,"96":0,"97":0,"98":0,"99":0,"100":0,"101":0,"102":0,"103":0,"104":0,"105":0,"106":0,"107":0,"108":0,"109":0,"110":0,"111":0,"112":0,"113":0,"114":0,"115":0,"116":0,"117":0,"118":0,"119":0,"120":0,"121":0,"122":0,"123":0,"124":0,"125":0,"126":0,"127":0,"128":0,"129":0,"130":0,"131":0,"132":0,"133":0,"134":0,"135":0,"136":0,"137":0,"138":0,"139":0,"140":0,"141":0,"142":0,"143":0,"144":0,"145":0,"146":0,"147":0,"148":0,"149":0,"150":0,"151":0,"152":0,"153":0,"154":0,"155":0,"156":0,"157":0,"158":0,"159":0,"160":0,"161":0,"162":0,"163":0,"164":0,"165":0,"166":0,"167":0,"168":0,"169":0,"170":0,"171":0,"172":0,"173":0,"174":0,"175":0,"176":0,"177":0,"178":0,"179":0,"180":0,"181":0,"182":0,"183":0,"184":0,"185":0,"186":0,"187":0,"188":0,"189":0,"190":0,"191":0,"192":0,"193":0,"194":0,"195":0,"196":0,"197":0,"198":0,"199":0,"200":0,"201":0,"202":0,"203":0,"204":0,"205":0,"206":0,"207":0,"208":0,"209":0,"210":0,"211":0,"212":0,"213":0,"214":0,"215":0,"216":0,"217":0,"218":0,"219":0,"220":0,"221":0,"222":0,"223":0,"224":0,"225":0,"226":0,"227":0,"228":0,"229":0,"230":0,"231":0,"232":0,"233":0},"f":{"0":0,"1":0,"2":0,"3":0,"4":0,"5":0,"6":0,"7":0,"8":0,"9":0,"10":0,"11":0,"12":0},"b":{"0":[0,0],"1":[0,0],"2":[0,0,0],"3":[0,0],"4":[0,0],"5":[0,0],"6":[0,0],"7":[0,0],"8":[0,0],"9":[0,0,0],"10":[0,0],"11":[0,0],"12":[0,0],"13":[0,0],"14":[0],"15":[0,0],"16":[0,0,0],"17":[0,0],"18":[0,0],"19":[0,0],"20":[0,0],"21":[0,0],"22":[0,0],"23":[0,0,0,0,0,0,0],"24":[0,0],"25":[0,0],"26":[0,0],"27":[0,0],"28":[0,0],"29":[0,0],"30":[0,0],"31":[0,0],"32":[0,0],"33":[0,0],"34":[0,0],"35":[0,0],"36":[0,0],"37":[0,0],"38":[0,0],"39":[0,0],"40":[0,0],"41":[0,0],"42":[0,0],"43":[0,0],"44":[0,0]},"all":true},"C:\\Users\\sanju\\OneDrive\\Desktop\\SEM 2.2\\FWEB\\assignment\\fweb_project with unit testing\\server\\routes\\user.js":{"path":"C:\\Users\\sanju\\OneDrive\\Desktop\\SEM 2.2\\FWEB\\assignment\\fweb_project with unit testing\\server\\routes\\user.js","statementMap":{"0":{"start":{"line":1,"column":16},"end":{"line":1,"column":34}},"1":{"start":{"line":2,"column":15},"end":{"line":2,"column":32}},"2":{"start":{"line":3,"column":195},"end":{"line":3,"column":237}},"3":{"start":{"line":4,"column":61},"end":{"line":4,"column":88}},"4":{"start":{"line":5,"column":13},"end":{"line":5,"column":46}},"5":{"start":{"line":7,"column":16},"end":{"line":7,"column":38}},"6":{"start":{"line":8,"column":15},"end":{"line":13,"column":2}},"7":{"start":{"line":15,"column":15},"end":{"line":15,"column":31}},"8":{"start":{"line":18,"column":0},"end":{"line":38,"column":3}},"9":{"start":{"line":19,"column":2},"end":{"line":37,"column":3}},"10":{"start":{"line":20,"column":36},"end":{"line":20,"column":44}},"11":{"start":{"line":28,"column":4},"end":{"line":30,"column":5}},"12":{"start":{"line":29,"column":6},"end":{"line":29,"column":49}},"13":{"start":{"line":33,"column":19},"end":{"line":33,"column":70}},"14":{"start":{"line":34,"column":4},"end":{"line":34,"column":33}},"15":{"start":{"line":36,"column":4},"end":{"line":36,"column":40}},"16":{"start":{"line":40,"column":0},"end":{"line":60,"column":3}},"17":{"start":{"line":41,"column":2},"end":{"line":59,"column":3}},"18":{"start":{"line":42,"column":36},"end":{"line":42,"column":44}},"19":{"start":{"line":50,"column":4},"end":{"line":52,"column":5}},"20":{"start":{"line":51,"column":6},"end":{"line":51,"column":49}},"21":{"start":{"line":55,"column":19},"end":{"line":55,"column":71}},"22":{"start":{"line":56,"column":4},"end":{"line":56,"column":33}},"23":{"start":{"line":58,"column":4},"end":{"line":58,"column":40}},"24":{"start":{"line":63,"column":0},"end":{"line":78,"column":3}},"25":{"start":{"line":64,"column":2},"end":{"line":77,"column":3}},"26":{"start":{"line":65,"column":25},"end":{"line":65,"column":33}},"27":{"start":{"line":68,"column":4},"end":{"line":70,"column":5}},"28":{"start":{"line":69,"column":6},"end":{"line":69,"column":54}},"29":{"start":{"line":72,"column":19},"end":{"line":72,"column":55}},"30":{"start":{"line":73,"column":4},"end":{"line":73,"column":33}},"31":{"start":{"line":76,"column":4},"end":{"line":76,"column":63}},"32":{"start":{"line":80,"column":0},"end":{"line":128,"column":3}},"33":{"start":{"line":81,"column":2},"end":{"line":126,"column":3}},"34":{"start":{"line":83,"column":70},"end":{"line":83,"column":78}},"35":{"start":{"line":85,"column":24},"end":{"line":85,"column":44}},"36":{"start":{"line":87,"column":4},"end":{"line":89,"column":5}},"37":{"start":{"line":88,"column":6},"end":{"line":88,"column":66}},"38":{"start":{"line":109,"column":17},"end":{"line":109,"column":25}},"39":{"start":{"line":110,"column":24},"end":{"line":119,"column":6}},"40":{"start":{"line":121,"column":4},"end":{"line":121,"column":38}},"41":{"start":{"line":124,"column":4},"end":{"line":124,"column":63}},"42":{"start":{"line":125,"column":4},"end":{"line":125,"column":75}},"43":{"start":{"line":131,"column":0},"end":{"line":145,"column":3}},"44":{"start":{"line":132,"column":2},"end":{"line":144,"column":3}},"45":{"start":{"line":133,"column":25},"end":{"line":133,"column":33}},"46":{"start":{"line":135,"column":4},"end":{"line":137,"column":5}},"47":{"start":{"line":136,"column":6},"end":{"line":136,"column":54}},"48":{"start":{"line":139,"column":19},"end":{"line":139,"column":56}},"49":{"start":{"line":140,"column":4},"end":{"line":140,"column":33}},"50":{"start":{"line":143,"column":4},"end":{"line":143,"column":63}},"51":{"start":{"line":147,"column":0},"end":{"line":158,"column":3}},"52":{"start":{"line":148,"column":2},"end":{"line":157,"column":3}},"53":{"start":{"line":149,"column":20},"end":{"line":149,"column":28}},"54":{"start":{"line":151,"column":19},"end":{"line":151,"column":51}},"55":{"start":{"line":152,"column":4},"end":{"line":152,"column":33}},"56":{"start":{"line":155,"column":4},"end":{"line":155,"column":63}},"57":{"start":{"line":161,"column":0},"end":{"line":172,"column":3}},"58":{"start":{"line":162,"column":2},"end":{"line":171,"column":3}},"59":{"start":{"line":163,"column":20},"end":{"line":163,"column":28}},"60":{"start":{"line":165,"column":19},"end":{"line":165,"column":52}},"61":{"start":{"line":166,"column":4},"end":{"line":166,"column":33}},"62":{"start":{"line":169,"column":4},"end":{"line":169,"column":63}},"63":{"start":{"line":175,"column":0},"end":{"line":187,"column":3}},"64":{"start":{"line":176,"column":2},"end":{"line":186,"column":3}},"65":{"start":{"line":177,"column":35},"end":{"line":177,"column":43}},"66":{"start":{"line":179,"column":4},"end":{"line":181,"column":5}},"67":{"start":{"line":180,"column":6},"end":{"line":180,"column":54}},"68":{"start":{"line":182,"column":19},"end":{"line":182,"column":64}},"69":{"start":{"line":183,"column":4},"end":{"line":183,"column":33}},"70":{"start":{"line":185,"column":4},"end":{"line":185,"column":63}},"71":{"start":{"line":190,"column":0},"end":{"line":199,"column":3}},"72":{"start":{"line":191,"column":2},"end":{"line":198,"column":3}},"73":{"start":{"line":192,"column":17},"end":{"line":192,"column":27}},"74":{"start":{"line":193,"column":22},"end":{"line":193,"column":47}},"75":{"start":{"line":194,"column":4},"end":{"line":194,"column":26}},"76":{"start":{"line":196,"column":4},"end":{"line":196,"column":25}},"77":{"start":{"line":197,"column":4},"end":{"line":197,"column":40}},"78":{"start":{"line":202,"column":0},"end":{"line":219,"column":3}},"79":{"start":{"line":203,"column":2},"end":{"line":218,"column":3}},"80":{"start":{"line":204,"column":17},"end":{"line":204,"column":27}},"81":{"start":{"line":205,"column":40},"end":{"line":205,"column":48}},"82":{"start":{"line":209,"column":4},"end":{"line":212,"column":5}},"83":{"start":{"line":211,"column":6},"end":{"line":211,"column":55}},"84":{"start":{"line":214,"column":25},"end":{"line":214,"column":90}},"85":{"start":{"line":215,"column":4},"end":{"line":215,"column":29}},"86":{"start":{"line":217,"column":4},"end":{"line":217,"column":40}},"87":{"start":{"line":222,"column":0},"end":{"line":229,"column":3}},"88":{"start":{"line":223,"column":2},"end":{"line":228,"column":3}},"89":{"start":{"line":224,"column":4},"end":{"line":224,"column":31}},"90":{"start":{"line":226,"column":4},"end":{"line":226,"column":40}},"91":{"start":{"line":232,"column":0},"end":{"line":245,"column":3}},"92":{"start":{"line":233,"column":2},"end":{"line":244,"column":3}},"93":{"start":{"line":234,"column":23},"end":{"line":234,"column":31}},"94":{"start":{"line":235,"column":17},"end":{"line":235,"column":105}},"95":{"start":{"line":236,"column":4},"end":{"line":238,"column":5}},"96":{"start":{"line":237,"column":6},"end":{"line":237,"column":63}},"97":{"start":{"line":239,"column":4},"end":{"line":239,"column":47}},"98":{"start":{"line":242,"column":4},"end":{"line":242,"column":49}},"99":{"start":{"line":243,"column":4},"end":{"line":243,"column":61}},"100":{"start":{"line":247,"column":0},"end":{"line":247,"column":24}}},"fnMap":{"0":{"name":"(anonymous_0)","decl":{"start":{"line":18,"column":35},"end":{"line":18,"column":36}},"loc":{"start":{"line":18,"column":55},"end":{"line":38,"column":1}},"line":18},"1":{"name":"(anonymous_1)","decl":{"start":{"line":40,"column":41},"end":{"line":40,"column":42}},"loc":{"start":{"line":40,"column":61},"end":{"line":60,"column":1}},"line":40},"2":{"name":"(anonymous_2)","decl":{"start":{"line":63,"column":33},"end":{"line":63,"column":34}},"loc":{"start":{"line":63,"column":53},"end":{"line":78,"column":1}},"line":63},"3":{"name":"(anonymous_3)","decl":{"start":{"line":80,"column":60},"end":{"line":80,"column":61}},"loc":{"start":{"line":80,"column":80},"end":{"line":128,"column":1}},"line":80},"4":{"name":"(anonymous_4)","decl":{"start":{"line":131,"column":34},"end":{"line":131,"column":35}},"loc":{"start":{"line":131,"column":54},"end":{"line":145,"column":1}},"line":131},"5":{"name":"(anonymous_5)","decl":{"start":{"line":147,"column":34},"end":{"line":147,"column":35}},"loc":{"start":{"line":147,"column":54},"end":{"line":158,"column":1}},"line":147},"6":{"name":"(anonymous_6)","decl":{"start":{"line":161,"column":40},"end":{"line":161,"column":41}},"loc":{"start":{"line":161,"column":60},"end":{"line":172,"column":1}},"line":161},"7":{"name":"(anonymous_7)","decl":{"start":{"line":175,"column":42},"end":{"line":175,"column":43}},"loc":{"start":{"line":175,"column":62},"end":{"line":187,"column":1}},"line":175},"8":{"name":"(anonymous_8)","decl":{"start":{"line":190,"column":64},"end":{"line":190,"column":65}},"loc":{"start":{"line":190,"column":84},"end":{"line":199,"column":1}},"line":190},"9":{"name":"(anonymous_9)","decl":{"start":{"line":202,"column":96},"end":{"line":202,"column":97}},"loc":{"start":{"line":202,"column":116},"end":{"line":219,"column":1}},"line":202},"10":{"name":"(anonymous_10)","decl":{"start":{"line":222,"column":69},"end":{"line":222,"column":70}},"loc":{"start":{"line":222,"column":89},"end":{"line":229,"column":1}},"line":222},"11":{"name":"(anonymous_11)","decl":{"start":{"line":232,"column":23},"end":{"line":232,"column":24}},"loc":{"start":{"line":232,"column":43},"end":{"line":245,"column":1}},"line":232}},"branchMap":{"0":{"loc":{"start":{"line":28,"column":4},"end":{"line":30,"column":5}},"type":"if","locations":[{"start":{"line":28,"column":4},"end":{"line":30,"column":5}},{"start":{"line":28,"column":4},"end":{"line":30,"column":5}}],"line":28},"1":{"loc":{"start":{"line":28,"column":8},"end":{"line":28,"column":27}},"type":"binary-expr","locations":[{"start":{"line":28,"column":8},"end":{"line":28,"column":14}},{"start":{"line":28,"column":18},"end":{"line":28,"column":27}}],"line":28},"2":{"loc":{"start":{"line":50,"column":4},"end":{"line":52,"column":5}},"type":"if","locations":[{"start":{"line":50,"column":4},"end":{"line":52,"column":5}},{"start":{"line":50,"column":4},"end":{"line":52,"column":5}}],"line":50},"3":{"loc":{"start":{"line":50,"column":8},"end":{"line":50,"column":27}},"type":"binary-expr","locations":[{"start":{"line":50,"column":8},"end":{"line":50,"column":14}},{"start":{"line":50,"column":18},"end":{"line":50,"column":27}}],"line":50},"4":{"loc":{"start":{"line":68,"column":4},"end":{"line":70,"column":5}},"type":"if","locations":[{"start":{"line":68,"column":4},"end":{"line":70,"column":5}},{"start":{"line":68,"column":4},"end":{"line":70,"column":5}}],"line":68},"5":{"loc":{"start":{"line":68,"column":10},"end":{"line":68,"column":22}},"type":"binary-expr","locations":[{"start":{"line":68,"column":10},"end":{"line":68,"column":15}},{"start":{"line":68,"column":19},"end":{"line":68,"column":22}}],"line":68},"6":{"loc":{"start":{"line":76,"column":25},"end":{"line":76,"column":61}},"type":"binary-expr","locations":[{"start":{"line":76,"column":25},"end":{"line":76,"column":38}},{"start":{"line":76,"column":42},"end":{"line":76,"column":61}}],"line":76},"7":{"loc":{"start":{"line":87,"column":4},"end":{"line":89,"column":5}},"type":"if","locations":[{"start":{"line":87,"column":4},"end":{"line":89,"column":5}},{"start":{"line":87,"column":4},"end":{"line":89,"column":5}}],"line":87},"8":{"loc":{"start":{"line":135,"column":4},"end":{"line":137,"column":5}},"type":"if","locations":[{"start":{"line":135,"column":4},"end":{"line":137,"column":5}},{"start":{"line":135,"column":4},"end":{"line":137,"column":5}}],"line":135},"9":{"loc":{"start":{"line":135,"column":10},"end":{"line":135,"column":22}},"type":"binary-expr","locations":[{"start":{"line":135,"column":10},"end":{"line":135,"column":15}},{"start":{"line":135,"column":19},"end":{"line":135,"column":22}}],"line":135},"10":{"loc":{"start":{"line":143,"column":25},"end":{"line":143,"column":61}},"type":"binary-expr","locations":[{"start":{"line":143,"column":25},"end":{"line":143,"column":38}},{"start":{"line":143,"column":42},"end":{"line":143,"column":61}}],"line":143},"11":{"loc":{"start":{"line":155,"column":25},"end":{"line":155,"column":61}},"type":"binary-expr","locations":[{"start":{"line":155,"column":25},"end":{"line":155,"column":38}},{"start":{"line":155,"column":42},"end":{"line":155,"column":61}}],"line":155},"12":{"loc":{"start":{"line":169,"column":25},"end":{"line":169,"column":61}},"type":"binary-expr","locations":[{"start":{"line":169,"column":25},"end":{"line":169,"column":38}},{"start":{"line":169,"column":42},"end":{"line":169,"column":61}}],"line":169},"13":{"loc":{"start":{"line":179,"column":4},"end":{"line":181,"column":5}},"type":"if","locations":[{"start":{"line":179,"column":4},"end":{"line":181,"column":5}},{"start":{"line":179,"column":4},"end":{"line":181,"column":5}}],"line":179},"14":{"loc":{"start":{"line":179,"column":10},"end":{"line":179,"column":34}},"type":"binary-expr","locations":[{"start":{"line":179,"column":10},"end":{"line":179,"column":15}},{"start":{"line":179,"column":19},"end":{"line":179,"column":22}},{"start":{"line":179,"column":26},"end":{"line":179,"column":34}}],"line":179},"15":{"loc":{"start":{"line":185,"column":25},"end":{"line":185,"column":61}},"type":"binary-expr","locations":[{"start":{"line":185,"column":25},"end":{"line":185,"column":38}},{"start":{"line":185,"column":42},"end":{"line":185,"column":61}}],"line":185},"16":{"loc":{"start":{"line":209,"column":4},"end":{"line":212,"column":5}},"type":"if","locations":[{"start":{"line":209,"column":4},"end":{"line":212,"column":5}},{"start":{"line":209,"column":4},"end":{"line":212,"column":5}}],"line":209},"17":{"loc":{"start":{"line":236,"column":4},"end":{"line":238,"column":5}},"type":"if","locations":[{"start":{"line":236,"column":4},"end":{"line":238,"column":5}},{"start":{"line":236,"column":4},"end":{"line":238,"column":5}}],"line":236}},"s":{"0":0,"1":0,"2":0,"3":0,"4":0,"5":0,"6":0,"7":0,"8":0,"9":0,"10":0,"11":0,"12":0,"13":0,"14":0,"15":0,"16":0,"17":0,"18":0,"19":0,"20":0,"21":0,"22":0,"23":0,"24":0,"25":0,"26":0,"27":0,"28":0,"29":0,"30":0,"31":0,"32":0,"33":0,"34":0,"35":0,"36":0,"37":0,"38":0,"39":0,"40":0,"41":0,"42":0,"43":0,"44":0,"45":0,"46":0,"47":0,"48":0,"49":0,"50":0,"51":0,"52":0,"53":0,"54":0,"55":0,"56":0,"57":0,"58":0,"59":0,"60":0,"61":0,"62":0,"63":0,"64":0,"65":0,"66":0,"67":0,"68":0,"69":0,"70":0,"71":0,"72":0,"73":0,"74":0,"75":0,"76":0,"77":0,"78":0,"79":0,"80":0,"81":0,"82":0,"83":0,"84":0,"85":0,"86":0,"87":0,"88":0,"89":0,"90":0,"91":0,"92":0,"93":0,"94":0,"95":0,"96":0,"97":0,"98":0,"99":0,"100":0},"f":{"0":0,"1":0,"2":0,"3":0,"4":0,"5":0,"6":0,"7":0,"8":0,"9":0,"10":0,"11":0},"b":{"0":[0,0],"1":[0,0],"2":[0,0],"3":[0,0],"4":[0,0],"5":[0,0],"6":[0,0],"7":[0,0],"8":[0,0],"9":[0,0],"10":[0,0],"11":[0,0],"12":[0,0],"13":[0,0],"14":[0,0,0],"15":[0,0],"16":[0,0],"17":[0,0]},"all":true}}