{"C:\\Users\\sanju\\OneDrive\\Desktop\\SEM 2.2\\FWEB\\assignment\\fweb_project with unit testing\\server\\controller\\userController.js":{"path":"C:\\Users\\sanju\\OneDrive\\Desktop\\SEM 2.2\\FWEB\\assignment\\fweb_project with unit testing\\server\\controller\\userController.js","statementMap":{"0":{"start":{"line":1,"column":13},"end":{"line":1,"column":46}},"1":{"start":{"line":2,"column":12},"end":{"line":2,"column":44}},"2":{"start":{"line":3,"column":39},"end":{"line":3,"column":70}},"3":{"start":{"line":4,"column":59},"end":{"line":4,"column":90}},"4":{"start":{"line":5,"column":22},"end":{"line":5,"column":54}},"5":{"start":{"line":6,"column":12},"end":{"line":6,"column":35}},"6":{"start":{"line":7,"column":15},"end":{"line":7,"column":32}},"7":{"start":{"line":8,"column":15},"end":{"line":8,"column":32}},"8":{"start":{"line":9,"column":17},"end":{"line":9,"column":36}},"9":{"start":{"line":12,"column":0},"end":{"line":12,"column":16}},"10":{"start":{"line":13,"column":48},"end":{"line":13,"column":59}},"11":{"start":{"line":18,"column":20},"end":{"line":24,"column":1}},"12":{"start":{"line":19,"column":20},"end":{"line":19,"column":29}},"13":{"start":{"line":22,"column":16},"end":{"line":22,"column":70}},"14":{"start":{"line":23,"column":2},"end":{"line":23,"column":15}},"15":{"start":{"line":27,"column":27},"end":{"line":75,"column":1}},"16":{"start":{"line":28,"column":2},"end":{"line":74,"column":3}},"17":{"start":{"line":29,"column":38},"end":{"line":29,"column":42}},"18":{"start":{"line":32,"column":24},"end":{"line":32,"column":53}},"19":{"start":{"line":34,"column":4},"end":{"line":36,"column":5}},"20":{"start":{"line":35,"column":6},"end":{"line":35,"column":42}},"21":{"start":{"line":39,"column":4},"end":{"line":41,"column":5}},"22":{"start":{"line":40,"column":6},"end":{"line":40,"column":63}},"23":{"start":{"line":43,"column":27},"end":{"line":43,"column":47}},"24":{"start":{"line":44,"column":26},"end":{"line":44,"column":74}},"25":{"start":{"line":46,"column":4},"end":{"line":48,"column":5}},"26":{"start":{"line":47,"column":6},"end":{"line":47,"column":51}},"27":{"start":{"line":50,"column":4},"end":{"line":52,"column":5}},"28":{"start":{"line":51,"column":6},"end":{"line":51,"column":70}},"29":{"start":{"line":54,"column":4},"end":{"line":70,"column":5}},"30":{"start":{"line":56,"column":39},"end":{"line":61,"column":7}},"31":{"start":{"line":63,"column":6},"end":{"line":63,"column":58}},"32":{"start":{"line":65,"column":6},"end":{"line":65,"column":23}},"33":{"start":{"line":68,"column":6},"end":{"line":68,"column":49}},"34":{"start":{"line":73,"column":4},"end":{"line":73,"column":16}},"35":{"start":{"line":77,"column":28},"end":{"line":129,"column":1}},"36":{"start":{"line":78,"column":2},"end":{"line":128,"column":3}},"37":{"start":{"line":79,"column":38},"end":{"line":79,"column":42}},"38":{"start":{"line":82,"column":24},"end":{"line":82,"column":53}},"39":{"start":{"line":84,"column":4},"end":{"line":86,"column":5}},"40":{"start":{"line":85,"column":6},"end":{"line":85,"column":42}},"41":{"start":{"line":89,"column":4},"end":{"line":91,"column":5}},"42":{"start":{"line":90,"column":6},"end":{"line":90,"column":63}},"43":{"start":{"line":93,"column":4},"end":{"line":123,"column":5}},"44":{"start":{"line":95,"column":26},"end":{"line":95,"column":55}},"45":{"start":{"line":98,"column":29},"end":{"line":98,"column":49}},"46":{"start":{"line":99,"column":28},"end":{"line":99,"column":76}},"47":{"start":{"line":101,"column":6},"end":{"line":103,"column":7}},"48":{"start":{"line":102,"column":8},"end":{"line":102,"column":53}},"49":{"start":{"line":105,"column":6},"end":{"line":107,"column":7}},"50":{"start":{"line":106,"column":8},"end":{"line":106,"column":72}},"51":{"start":{"line":110,"column":39},"end":{"line":115,"column":7}},"52":{"start":{"line":117,"column":6},"end":{"line":117,"column":58}},"53":{"start":{"line":119,"column":6},"end":{"line":119,"column":23}},"54":{"start":{"line":122,"column":6},"end":{"line":122,"column":49}},"55":{"start":{"line":127,"column":4},"end":{"line":127,"column":16}},"56":{"start":{"line":133,"column":28},"end":{"line":190,"column":1}},"57":{"start":{"line":134,"column":2},"end":{"line":189,"column":3}},"58":{"start":{"line":137,"column":4},"end":{"line":139,"column":5}},"59":{"start":{"line":138,"column":6},"end":{"line":138,"column":73}},"60":{"start":{"line":142,"column":24},"end":{"line":142,"column":53}},"61":{"start":{"line":144,"column":4},"end":{"line":146,"column":5}},"62":{"start":{"line":145,"column":6},"end":{"line":145,"column":41}},"63":{"start":{"line":149,"column":28},"end":{"line":149,"column":56}},"64":{"start":{"line":152,"column":25},"end":{"line":152,"column":44}},"65":{"start":{"line":155,"column":24},"end":{"line":161,"column":5}},"66":{"start":{"line":162,"column":4},"end":{"line":162,"column":33}},"67":{"start":{"line":165,"column":22},"end":{"line":165,"column":50}},"68":{"start":{"line":167,"column":4},"end":{"line":184,"column":5}},"69":{"start":{"line":169,"column":6},"end":{"line":169,"column":40}},"70":{"start":{"line":170,"column":6},"end":{"line":170,"column":47}},"71":{"start":{"line":171,"column":6},"end":{"line":171,"column":65}},"72":{"start":{"line":172,"column":6},"end":{"line":172,"column":37}},"73":{"start":{"line":175,"column":21},"end":{"line":181,"column":8}},"74":{"start":{"line":183,"column":6},"end":{"line":183,"column":26}},"75":{"start":{"line":186,"column":4},"end":{"line":186,"column":16}},"76":{"start":{"line":188,"column":4},"end":{"line":188,"column":16}},"77":{"start":{"line":195,"column":23},"end":{"line":231,"column":1}},"78":{"start":{"line":196,"column":2},"end":{"line":230,"column":3}},"79":{"start":{"line":197,"column":27},"end":{"line":197,"column":31}},"80":{"start":{"line":200,"column":24},"end":{"line":200,"column":53}},"81":{"start":{"line":202,"column":4},"end":{"line":204,"column":5}},"82":{"start":{"line":203,"column":6},"end":{"line":203,"column":41}},"83":{"start":{"line":207,"column":22},"end":{"line":207,"column":53}},"84":{"start":{"line":209,"column":4},"end":{"line":212,"column":5}},"85":{"start":{"line":211,"column":6},"end":{"line":211,"column":40}},"86":{"start":{"line":215,"column":4},"end":{"line":215,"column":38}},"87":{"start":{"line":216,"column":4},"end":{"line":216,"column":29}},"88":{"start":{"line":220,"column":22},"end":{"line":224,"column":5}},"89":{"start":{"line":225,"column":18},"end":{"line":225,"column":46}},"90":{"start":{"line":227,"column":4},"end":{"line":227,"column":21}},"91":{"start":{"line":229,"column":4},"end":{"line":229,"column":16}},"92":{"start":{"line":234,"column":29},"end":{"line":303,"column":1}},"93":{"start":{"line":235,"column":2},"end":{"line":302,"column":3}},"94":{"start":{"line":236,"column":76},"end":{"line":236,"column":80}},"95":{"start":{"line":239,"column":4},"end":{"line":239,"column":37}},"96":{"start":{"line":240,"column":4},"end":{"line":240,"column":25}},"97":{"start":{"line":241,"column":4},"end":{"line":241,"column":23}},"98":{"start":{"line":242,"column":4},"end":{"line":242,"column":29}},"99":{"start":{"line":243,"column":4},"end":{"line":243,"column":25}},"100":{"start":{"line":244,"column":4},"end":{"line":244,"column":31}},"101":{"start":{"line":248,"column":25},"end":{"line":248,"column":54}},"102":{"start":{"line":250,"column":4},"end":{"line":299,"column":5}},"103":{"start":{"line":251,"column":6},"end":{"line":251,"column":66}},"104":{"start":{"line":255,"column":6},"end":{"line":257,"column":7}},"105":{"start":{"line":256,"column":8},"end":{"line":256,"column":47}},"106":{"start":{"line":259,"column":6},"end":{"line":261,"column":7}},"107":{"start":{"line":260,"column":8},"end":{"line":260,"column":49}},"108":{"start":{"line":263,"column":6},"end":{"line":265,"column":7}},"109":{"start":{"line":264,"column":8},"end":{"line":264,"column":50}},"110":{"start":{"line":267,"column":6},"end":{"line":269,"column":7}},"111":{"start":{"line":268,"column":8},"end":{"line":268,"column":50}},"112":{"start":{"line":272,"column":29},"end":{"line":272,"column":53}},"113":{"start":{"line":273,"column":22},"end":{"line":282,"column":8}},"114":{"start":{"line":285,"column":26},"end":{"line":285,"column":46}},"115":{"start":{"line":288,"column":40},"end":{"line":293,"column":7}},"116":{"start":{"line":296,"column":6},"end":{"line":296,"column":59}},"117":{"start":{"line":298,"column":6},"end":{"line":298,"column":25}},"118":{"start":{"line":301,"column":4},"end":{"line":301,"column":16}},"119":{"start":{"line":306,"column":24},"end":{"line":338,"column":1}},"120":{"start":{"line":307,"column":2},"end":{"line":337,"column":3}},"121":{"start":{"line":308,"column":27},"end":{"line":308,"column":31}},"122":{"start":{"line":312,"column":24},"end":{"line":312,"column":53}},"123":{"start":{"line":314,"column":4},"end":{"line":316,"column":5}},"124":{"start":{"line":315,"column":6},"end":{"line":315,"column":41}},"125":{"start":{"line":319,"column":22},"end":{"line":319,"column":53}},"126":{"start":{"line":321,"column":4},"end":{"line":324,"column":5}},"127":{"start":{"line":323,"column":6},"end":{"line":323,"column":40}},"128":{"start":{"line":326,"column":4},"end":{"line":326,"column":32}},"129":{"start":{"line":327,"column":4},"end":{"line":327,"column":29}},"130":{"start":{"line":330,"column":17},"end":{"line":330,"column":46}},"131":{"start":{"line":332,"column":4},"end":{"line":332,"column":29}},"132":{"start":{"line":333,"column":4},"end":{"line":333,"column":27}},"133":{"start":{"line":336,"column":4},"end":{"line":336,"column":16}},"134":{"start":{"line":341,"column":24},"end":{"line":407,"column":1}},"135":{"start":{"line":342,"column":2},"end":{"line":406,"column":3}},"136":{"start":{"line":343,"column":22},"end":{"line":343,"column":26}},"137":{"start":{"line":346,"column":4},"end":{"line":348,"column":5}},"138":{"start":{"line":347,"column":6},"end":{"line":347,"column":52}},"139":{"start":{"line":351,"column":24},"end":{"line":351,"column":53}},"140":{"start":{"line":353,"column":4},"end":{"line":355,"column":5}},"141":{"start":{"line":354,"column":6},"end":{"line":354,"column":41}},"142":{"start":{"line":357,"column":4},"end":{"line":360,"column":5}},"143":{"start":{"line":358,"column":6},"end":{"line":358,"column":64}},"144":{"start":{"line":363,"column":28},"end":{"line":363,"column":56}},"145":{"start":{"line":366,"column":25},"end":{"line":366,"column":44}},"146":{"start":{"line":368,"column":20},"end":{"line":368,"column":44}},"147":{"start":{"line":369,"column":20},"end":{"line":369,"column":49}},"148":{"start":{"line":370,"column":21},"end":{"line":370,"column":23}},"149":{"start":{"line":373,"column":24},"end":{"line":379,"column":5}},"150":{"start":{"line":380,"column":4},"end":{"line":380,"column":33}},"151":{"start":{"line":383,"column":22},"end":{"line":383,"column":50}},"152":{"start":{"line":385,"column":4},"end":{"line":401,"column":5}},"153":{"start":{"line":387,"column":6},"end":{"line":387,"column":40}},"154":{"start":{"line":388,"column":6},"end":{"line":388,"column":47}},"155":{"start":{"line":389,"column":6},"end":{"line":389,"column":65}},"156":{"start":{"line":390,"column":6},"end":{"line":390,"column":37}},"157":{"start":{"line":393,"column":21},"end":{"line":398,"column":8}},"158":{"start":{"line":400,"column":6},"end":{"line":400,"column":26}},"159":{"start":{"line":403,"column":4},"end":{"line":403,"column":37}},"160":{"start":{"line":405,"column":4},"end":{"line":405,"column":16}},"161":{"start":{"line":410,"column":25},"end":{"line":473,"column":1}},"162":{"start":{"line":411,"column":2},"end":{"line":472,"column":3}},"163":{"start":{"line":412,"column":22},"end":{"line":412,"column":26}},"164":{"start":{"line":415,"column":4},"end":{"line":417,"column":5}},"165":{"start":{"line":416,"column":6},"end":{"line":416,"column":52}},"166":{"start":{"line":420,"column":24},"end":{"line":420,"column":53}},"167":{"start":{"line":422,"column":4},"end":{"line":424,"column":5}},"168":{"start":{"line":423,"column":6},"end":{"line":423,"column":41}},"169":{"start":{"line":428,"column":28},"end":{"line":428,"column":56}},"170":{"start":{"line":431,"column":25},"end":{"line":431,"column":44}},"171":{"start":{"line":433,"column":20},"end":{"line":433,"column":44}},"172":{"start":{"line":434,"column":20},"end":{"line":434,"column":49}},"173":{"start":{"line":435,"column":21},"end":{"line":435,"column":23}},"174":{"start":{"line":438,"column":24},"end":{"line":444,"column":5}},"175":{"start":{"line":445,"column":4},"end":{"line":445,"column":33}},"176":{"start":{"line":448,"column":22},"end":{"line":448,"column":50}},"177":{"start":{"line":450,"column":4},"end":{"line":467,"column":5}},"178":{"start":{"line":452,"column":6},"end":{"line":452,"column":40}},"179":{"start":{"line":453,"column":6},"end":{"line":453,"column":47}},"180":{"start":{"line":454,"column":6},"end":{"line":454,"column":65}},"181":{"start":{"line":455,"column":6},"end":{"line":455,"column":37}},"182":{"start":{"line":458,"column":21},"end":{"line":464,"column":8}},"183":{"start":{"line":466,"column":6},"end":{"line":466,"column":26}},"184":{"start":{"line":469,"column":4},"end":{"line":469,"column":37}},"185":{"start":{"line":471,"column":4},"end":{"line":471,"column":16}},"186":{"start":{"line":476,"column":22},"end":{"line":512,"column":1}},"187":{"start":{"line":477,"column":2},"end":{"line":511,"column":3}},"188":{"start":{"line":478,"column":37},"end":{"line":478,"column":41}},"189":{"start":{"line":479,"column":4},"end":{"line":479,"column":33}},"190":{"start":{"line":480,"column":24},"end":{"line":480,"column":53}},"191":{"start":{"line":482,"column":4},"end":{"line":484,"column":5}},"192":{"start":{"line":483,"column":6},"end":{"line":483,"column":43}},"193":{"start":{"line":487,"column":22},"end":{"line":487,"column":66}},"194":{"start":{"line":489,"column":4},"end":{"line":491,"column":5}},"195":{"start":{"line":490,"column":6},"end":{"line":490,"column":65}},"196":{"start":{"line":492,"column":4},"end":{"line":494,"column":5}},"197":{"start":{"line":493,"column":6},"end":{"line":493,"column":75}},"198":{"start":{"line":496,"column":4},"end":{"line":498,"column":5}},"199":{"start":{"line":497,"column":6},"end":{"line":497,"column":40}},"200":{"start":{"line":501,"column":30},"end":{"line":501,"column":54}},"201":{"start":{"line":504,"column":4},"end":{"line":504,"column":69}},"202":{"start":{"line":506,"column":4},"end":{"line":506,"column":35}},"203":{"start":{"line":508,"column":4},"end":{"line":508,"column":56}},"204":{"start":{"line":510,"column":4},"end":{"line":510,"column":16}},"205":{"start":{"line":517,"column":20},"end":{"line":537,"column":1}},"206":{"start":{"line":518,"column":2},"end":{"line":536,"column":3}},"207":{"start":{"line":519,"column":17},"end":{"line":519,"column":21}},"208":{"start":{"line":522,"column":4},"end":{"line":524,"column":5}},"209":{"start":{"line":523,"column":6},"end":{"line":523,"column":42}},"210":{"start":{"line":527,"column":24},"end":{"line":527,"column":47}},"211":{"start":{"line":529,"column":4},"end":{"line":532,"column":5}},"212":{"start":{"line":530,"column":6},"end":{"line":530,"column":49}},"213":{"start":{"line":533,"column":4},"end":{"line":533,"column":27}},"214":{"start":{"line":535,"column":4},"end":{"line":535,"column":16}},"215":{"start":{"line":540,"column":20},"end":{"line":568,"column":1}},"216":{"start":{"line":541,"column":2},"end":{"line":567,"column":3}},"217":{"start":{"line":543,"column":59},"end":{"line":543,"column":63}},"218":{"start":{"line":548,"column":17},"end":{"line":548,"column":46}},"219":{"start":{"line":552,"column":4},"end":{"line":554,"column":5}},"220":{"start":{"line":553,"column":6},"end":{"line":553,"column":37}},"221":{"start":{"line":557,"column":31},"end":{"line":557,"column":92}},"222":{"start":{"line":560,"column":4},"end":{"line":562,"column":5}},"223":{"start":{"line":561,"column":6},"end":{"line":561,"column":49}},"224":{"start":{"line":564,"column":4},"end":{"line":564,"column":34}},"225":{"start":{"line":566,"column":4},"end":{"line":566,"column":16}},"226":{"start":{"line":587,"column":19},"end":{"line":602,"column":1}},"227":{"start":{"line":588,"column":2},"end":{"line":601,"column":3}},"228":{"start":{"line":589,"column":20},"end":{"line":589,"column":63}},"229":{"start":{"line":591,"column":4},"end":{"line":595,"column":5}},"230":{"start":{"line":592,"column":6},"end":{"line":592,"column":41}},"231":{"start":{"line":597,"column":4},"end":{"line":597,"column":52}},"232":{"start":{"line":600,"column":4},"end":{"line":600,"column":16}},"233":{"start":{"line":604,"column":0},"end":{"line":604,"column":238}}},"fnMap":{"0":{"name":"(anonymous_0)","decl":{"start":{"line":18,"column":20},"end":{"line":18,"column":21}},"loc":{"start":{"line":18,"column":30},"end":{"line":24,"column":1}},"line":18},"1":{"name":"(anonymous_1)","decl":{"start":{"line":27,"column":27},"end":{"line":27,"column":28}},"loc":{"start":{"line":27,"column":43},"end":{"line":75,"column":1}},"line":27},"2":{"name":"(anonymous_2)","decl":{"start":{"line":77,"column":28},"end":{"line":77,"column":29}},"loc":{"start":{"line":77,"column":44},"end":{"line":129,"column":1}},"line":77},"3":{"name":"(anonymous_3)","decl":{"start":{"line":133,"column":28},"end":{"line":133,"column":29}},"loc":{"start":{"line":133,"column":82},"end":{"line":190,"column":1}},"line":133},"4":{"name":"(anonymous_4)","decl":{"start":{"line":195,"column":23},"end":{"line":195,"column":24}},"loc":{"start":{"line":195,"column":39},"end":{"line":231,"column":1}},"line":195},"5":{"name":"(anonymous_5)","decl":{"start":{"line":234,"column":29},"end":{"line":234,"column":30}},"loc":{"start":{"line":234,"column":45},"end":{"line":303,"column":1}},"line":234},"6":{"name":"(anonymous_6)","decl":{"start":{"line":306,"column":24},"end":{"line":306,"column":25}},"loc":{"start":{"line":306,"column":40},"end":{"line":338,"column":1}},"line":306},"7":{"name":"(anonymous_7)","decl":{"start":{"line":341,"column":24},"end":{"line":341,"column":25}},"loc":{"start":{"line":341,"column":40},"end":{"line":407,"column":1}},"line":341},"8":{"name":"(anonymous_8)","decl":{"start":{"line":410,"column":25},"end":{"line":410,"column":26}},"loc":{"start":{"line":410,"column":41},"end":{"line":473,"column":1}},"line":410},"9":{"name":"(anonymous_9)","decl":{"start":{"line":476,"column":22},"end":{"line":476,"column":23}},"loc":{"start":{"line":476,"column":38},"end":{"line":512,"column":1}},"line":476},"10":{"name":"(anonymous_10)","decl":{"start":{"line":517,"column":20},"end":{"line":517,"column":21}},"loc":{"start":{"line":517,"column":36},"end":{"line":537,"column":1}},"line":517},"11":{"name":"(anonymous_11)","decl":{"start":{"line":540,"column":20},"end":{"line":540,"column":21}},"loc":{"start":{"line":540,"column":36},"end":{"line":568,"column":1}},"line":540},"12":{"name":"(anonymous_12)","decl":{"start":{"line":587,"column":19},"end":{"line":587,"column":20}},"loc":{"start":{"line":587,"column":39},"end":{"line":602,"column":1}},"line":587}},"branchMap":{"0":{"loc":{"start":{"line":34,"column":4},"end":{"line":36,"column":5}},"type":"if","locations":[{"start":{"line":34,"column":4},"end":{"line":36,"column":5}},{"start":{"line":34,"column":4},"end":{"line":36,"column":5}}],"line":34},"1":{"loc":{"start":{"line":39,"column":4},"end":{"line":41,"column":5}},"type":"if","locations":[{"start":{"line":39,"column":4},"end":{"line":41,"column":5}},{"start":{"line":39,"column":4},"end":{"line":41,"column":5}}],"line":39},"2":{"loc":{"start":{"line":39,"column":8},"end":{"line":39,"column":36}},"type":"binary-expr","locations":[{"start":{"line":39,"column":8},"end":{"line":39,"column":17}},{"start":{"line":39,"column":21},"end":{"line":39,"column":26}},{"start":{"line":39,"column":30},"end":{"line":39,"column":36}}],"line":39},"3":{"loc":{"start":{"line":46,"column":4},"end":{"line":48,"column":5}},"type":"if","locations":[{"start":{"line":46,"column":4},"end":{"line":48,"column":5}},{"start":{"line":46,"column":4},"end":{"line":48,"column":5}}],"line":46},"4":{"loc":{"start":{"line":50,"column":4},"end":{"line":52,"column":5}},"type":"if","locations":[{"start":{"line":50,"column":4},"end":{"line":52,"column":5}},{"start":{"line":50,"column":4},"end":{"line":52,"column":5}}],"line":50},"5":{"loc":{"start":{"line":54,"column":4},"end":{"line":70,"column":5}},"type":"if","locations":[{"start":{"line":54,"column":4},"end":{"line":70,"column":5}},{"start":{"line":54,"column":4},"end":{"line":70,"column":5}}],"line":54},"6":{"loc":{"start":{"line":54,"column":8},"end":{"line":54,"column":56}},"type":"binary-expr","locations":[{"start":{"line":54,"column":8},"end":{"line":54,"column":24}},{"start":{"line":54,"column":28},"end":{"line":54,"column":56}}],"line":54},"7":{"loc":{"start":{"line":84,"column":4},"end":{"line":86,"column":5}},"type":"if","locations":[{"start":{"line":84,"column":4},"end":{"line":86,"column":5}},{"start":{"line":84,"column":4},"end":{"line":86,"column":5}}],"line":84},"8":{"loc":{"start":{"line":89,"column":4},"end":{"line":91,"column":5}},"type":"if","locations":[{"start":{"line":89,"column":4},"end":{"line":91,"column":5}},{"start":{"line":89,"column":4},"end":{"line":91,"column":5}}],"line":89},"9":{"loc":{"start":{"line":89,"column":8},"end":{"line":89,"column":36}},"type":"binary-expr","locations":[{"start":{"line":89,"column":8},"end":{"line":89,"column":17}},{"start":{"line":89,"column":21},"end":{"line":89,"column":26}},{"start":{"line":89,"column":30},"end":{"line":89,"column":36}}],"line":89},"10":{"loc":{"start":{"line":93,"column":4},"end":{"line":123,"column":5}},"type":"if","locations":[{"start":{"line":93,"column":4},"end":{"line":123,"column":5}},{"start":{"line":93,"column":4},"end":{"line":123,"column":5}}],"line":93},"11":{"loc":{"start":{"line":93,"column":8},"end":{"line":93,"column":54}},"type":"binary-expr","locations":[{"start":{"line":93,"column":8},"end":{"line":93,"column":23}},{"start":{"line":93,"column":27},"end":{"line":93,"column":54}}],"line":93},"12":{"loc":{"start":{"line":101,"column":6},"end":{"line":103,"column":7}},"type":"if","locations":[{"start":{"line":101,"column":6},"end":{"line":103,"column":7}},{"start":{"line":101,"column":6},"end":{"line":103,"column":7}}],"line":101},"13":{"loc":{"start":{"line":105,"column":6},"end":{"line":107,"column":7}},"type":"if","locations":[{"start":{"line":105,"column":6},"end":{"line":107,"column":7}},{"start":{"line":105,"column":6},"end":{"line":107,"column":7}}],"line":105},"14":{"loc":{"start":{"line":133,"column":62},"end":{"line":133,"column":75}},"type":"default-arg","locations":[{"start":{"line":133,"column":73},"end":{"line":133,"column":75}}],"line":133},"15":{"loc":{"start":{"line":137,"column":4},"end":{"line":139,"column":5}},"type":"if","locations":[{"start":{"line":137,"column":4},"end":{"line":139,"column":5}},{"start":{"line":137,"column":4},"end":{"line":139,"column":5}}],"line":137},"16":{"loc":{"start":{"line":137,"column":10},"end":{"line":137,"column":37}},"type":"binary-expr","locations":[{"start":{"line":137,"column":10},"end":{"line":137,"column":15}},{"start":{"line":137,"column":19},"end":{"line":137,"column":26}},{"start":{"line":137,"column":30},"end":{"line":137,"column":37}}],"line":137},"17":{"loc":{"start":{"line":144,"column":4},"end":{"line":146,"column":5}},"type":"if","locations":[{"start":{"line":144,"column":4},"end":{"line":146,"column":5}},{"start":{"line":144,"column":4},"end":{"line":146,"column":5}}],"line":144},"18":{"loc":{"start":{"line":167,"column":4},"end":{"line":184,"column":5}},"type":"if","locations":[{"start":{"line":167,"column":4},"end":{"line":184,"column":5}},{"start":{"line":167,"column":4},"end":{"line":184,"column":5}}],"line":167},"19":{"loc":{"start":{"line":202,"column":4},"end":{"line":204,"column":5}},"type":"if","locations":[{"start":{"line":202,"column":4},"end":{"line":204,"column":5}},{"start":{"line":202,"column":4},"end":{"line":204,"column":5}}],"line":202},"20":{"loc":{"start":{"line":209,"column":4},"end":{"line":212,"column":5}},"type":"if","locations":[{"start":{"line":209,"column":4},"end":{"line":212,"column":5}},{"start":{"line":209,"column":4},"end":{"line":212,"column":5}}],"line":209},"21":{"loc":{"start":{"line":250,"column":4},"end":{"line":299,"column":5}},"type":"if","locations":[{"start":{"line":250,"column":4},"end":{"line":299,"column":5}},{"start":{"line":250,"column":4},"end":{"line":299,"column":5}}],"line":250},"22":{"loc":{"start":{"line":255,"column":6},"end":{"line":257,"column":7}},"type":"if","locations":[{"start":{"line":255,"column":6},"end":{"line":257,"column":7}},{"start":{"line":255,"column":6},"end":{"line":257,"column":7}}],"line":255},"23":{"loc":{"start":{"line":255,"column":10},"end":{"line":255,"column":84}},"type":"binary-expr","locations":[{"start":{"line":255,"column":10},"end":{"line":255,"column":22}},{"start":{"line":255,"column":26},"end":{"line":255,"column":32}},{"start":{"line":255,"column":36},"end":{"line":255,"column":41}},{"start":{"line":255,"column":45},"end":{"line":255,"column":49}},{"start":{"line":255,"column":53},"end":{"line":255,"column":61}},{"start":{"line":255,"column":65},"end":{"line":255,"column":71}},{"start":{"line":255,"column":75},"end":{"line":255,"column":84}}],"line":255},"24":{"loc":{"start":{"line":259,"column":6},"end":{"line":261,"column":7}},"type":"if","locations":[{"start":{"line":259,"column":6},"end":{"line":261,"column":7}},{"start":{"line":259,"column":6},"end":{"line":261,"column":7}}],"line":259},"25":{"loc":{"start":{"line":263,"column":6},"end":{"line":265,"column":7}},"type":"if","locations":[{"start":{"line":263,"column":6},"end":{"line":265,"column":7}},{"start":{"line":263,"column":6},"end":{"line":265,"column":7}}],"line":263},"26":{"loc":{"start":{"line":267,"column":6},"end":{"line":269,"column":7}},"type":"if","locations":[{"start":{"line":267,"column":6},"end":{"line":269,"column":7}},{"start":{"line":267,"column":6},"end":{"line":269,"column":7}}],"line":267},"27":{"loc":{"start":{"line":314,"column":4},"end":{"line":316,"column":5}},"type":"if","locations":[{"start":{"line":314,"column":4},"end":{"line":316,"column":5}},{"start":{"line":314,"column":4},"end":{"line":316,"column":5}}],"line":314},"28":{"loc":{"start":{"line":321,"column":4},"end":{"line":324,"column":5}},"type":"if","locations":[{"start":{"line":321,"column":4},"end":{"line":324,"column":5}},{"start":{"line":321,"column":4},"end":{"line":324,"column":5}}],"line":321},"29":{"loc":{"start":{"line":346,"column":4},"end":{"line":348,"column":5}},"type":"if","locations":[{"start":{"line":346,"column":4},"end":{"line":348,"column":5}},{"start":{"line":346,"column":4},"end":{"line":348,"column":5}}],"line":346},"30":{"loc":{"start":{"line":353,"column":4},"end":{"line":355,"column":5}},"type":"if","locations":[{"start":{"line":353,"column":4},"end":{"line":355,"column":5}},{"start":{"line":353,"column":4},"end":{"line":355,"column":5}}],"line":353},"31":{"loc":{"start":{"line":357,"column":4},"end":{"line":360,"column":5}},"type":"if","locations":[{"start":{"line":357,"column":4},"end":{"line":360,"column":5}},{"start":{"line":357,"column":4},"end":{"line":360,"column":5}}],"line":357},"32":{"loc":{"start":{"line":385,"column":4},"end":{"line":401,"column":5}},"type":"if","locations":[{"start":{"line":385,"column":4},"end":{"line":401,"column":5}},{"start":{"line":385,"column":4},"end":{"line":401,"column":5}}],"line":385},"33":{"loc":{"start":{"line":415,"column":4},"end":{"line":417,"column":5}},"type":"if","locations":[{"start":{"line":415,"column":4},"end":{"line":417,"column":5}},{"start":{"line":415,"column":4},"end":{"line":417,"column":5}}],"line":415},"34":{"loc":{"start":{"line":422,"column":4},"end":{"line":424,"column":5}},"type":"if","locations":[{"start":{"line":422,"column":4},"end":{"line":424,"column":5}},{"start":{"line":422,"column":4},"end":{"line":424,"column":5}}],"line":422},"35":{"loc":{"start":{"line":450,"column":4},"end":{"line":467,"column":5}},"type":"if","locations":[{"start":{"line":450,"column":4},"end":{"line":467,"column":5}},{"start":{"line":450,"column":4},"end":{"line":467,"column":5}}],"line":450},"36":{"loc":{"start":{"line":482,"column":4},"end":{"line":484,"column":5}},"type":"if","locations":[{"start":{"line":482,"column":4},"end":{"line":484,"column":5}},{"start":{"line":482,"column":4},"end":{"line":484,"column":5}}],"line":482},"37":{"loc":{"start":{"line":489,"column":4},"end":{"line":491,"column":5}},"type":"if","locations":[{"start":{"line":489,"column":4},"end":{"line":491,"column":5}},{"start":{"line":489,"column":4},"end":{"line":491,"column":5}}],"line":489},"38":{"loc":{"start":{"line":492,"column":4},"end":{"line":494,"column":5}},"type":"if","locations":[{"start":{"line":492,"column":4},"end":{"line":494,"column":5}},{"start":{"line":492,"column":4},"end":{"line":494,"column":5}}],"line":492},"39":{"loc":{"start":{"line":496,"column":4},"end":{"line":498,"column":5}},"type":"if","locations":[{"start":{"line":496,"column":4},"end":{"line":498,"column":5}},{"start":{"line":496,"column":4},"end":{"line":498,"column":5}}],"line":496},"40":{"loc":{"start":{"line":522,"column":4},"end":{"line":524,"column":5}},"type":"if","locations":[{"start":{"line":522,"column":4},"end":{"line":524,"column":5}},{"start":{"line":522,"column":4},"end":{"line":524,"column":5}}],"line":522},"41":{"loc":{"start":{"line":529,"column":4},"end":{"line":532,"column":5}},"type":"if","locations":[{"start":{"line":529,"column":4},"end":{"line":532,"column":5}},{"start":{"line":529,"column":4},"end":{"line":532,"column":5}}],"line":529},"42":{"loc":{"start":{"line":552,"column":4},"end":{"line":554,"column":5}},"type":"if","locations":[{"start":{"line":552,"column":4},"end":{"line":554,"column":5}},{"start":{"line":552,"column":4},"end":{"line":554,"column":5}}],"line":552},"43":{"loc":{"start":{"line":560,"column":4},"end":{"line":562,"column":5}},"type":"if","locations":[{"start":{"line":560,"column":4},"end":{"line":562,"column":5}},{"start":{"line":560,"column":4},"end":{"line":562,"column":5}}],"line":560},"44":{"loc":{"start":{"line":591,"column":4},"end":{"line":595,"column":5}},"type":"if","locations":[{"start":{"line":591,"column":4},"end":{"line":595,"column":5}},{"start":{"line":591,"column":4},"end":{"line":595,"column":5}}],"line":591}},"s":{"0":0,"1":0,"2":0,"3":0,"4":0,"5":0,"6":0,"7":0,"8":0,"9":0,"10":0,"11":0,"12":0,"13":0,"14":0,"15":0,"16":0,"17":0,"18":0,"19":0,"20":0,"21":0,"22":0,"23":0,"24":0,"25":0,"26":0,"27":0,"28":0,"29":0,"30":0,"31":0,"32":0,"33":0,"34":0,"35":0,"36":0,"37":0,"38":0,"39":0,"40":0,"41":0,"42":0,"43":0,"44":0,"45":0,"46":0,"47":0,"48":0,"49":0,"50":0,"51":0,"52":0,"53":0,"54":0,"55":0,"56":0,"57":0,"58":0,"59":0,"60":0,"61":0,"62":0,"63":0,"64":0,"65":0,"66":0,"67":0,"68":0,"69":0,"70":0,"71":0,"72":0,"73":0,"74":0,"75":0,"76":0,"77":0,"78":0,"79":0,"80":0,"81":0,"82":0,"83":0,"84":0,"85":0,"86":0,"87":0,"88":0,"89":0,"90":0,"91":0,"92":0,"93":0,"94":0,"95":0,"96":0,"97":0,"98":0,"99":0,"100":0,"101":0,"102":0,"103":0,"104":0,"105":0,"106":0,"107":0,"108":0,"109":0,"110":0,"111":0,"112":0,"113":0,"114":0,"115":0,"116":0,"117":0,"118":0,"119":0,"120":0,"121":0,"122":0,"123":0,"124":0,"125":0,"126":0,"127":0,"128":0,"129":0,"130":0,"131":0,"132":0,"133":0,"134":0,"135":0,"136":0,"137":0,"138":0,"139":0,"140":0,"141":0,"142":0,"143":0,"144":0,"145":0,"146":0,"147":0,"148":0,"149":0,"150":0,"151":0,"152":0,"153":0,"154":0,"155":0,"156":0,"157":0,"158":0,"159":0,"160":0,"161":0,"162":0,"163":0,"164":0,"165":0,"166":0,"167":0,"168":0,"169":0,"170":0,"171":0,"172":0,"173":0,"174":0,"175":0,"176":0,"177":0,"178":0,"179":0,"180":0,"181":0,"182":0,"183":0,"184":0,"185":0,"186":0,"187":0,"188":0,"189":0,"190":0,"191":0,"192":0,"193":0,"194":0,"195":0,"196":0,"197":0,"198":0,"199":0,"200":0,"201":0,"202":0,"203":0,"204":0,"205":0,"206":0,"207":0,"208":0,"209":0,"210":0,"211":0,"212":0,"213":0,"214":0,"215":0,"216":0,"217":0,"218":0,"219":0,"220":0,"221":0,"222":0,"223":0,"224":0,"225":0,"226":0,"227":0,"228":0,"229":0,"230":0,"231":0,"232":0,"233":0},"f":{"0":0,"1":0,"2":0,"3":0,"4":0,"5":0,"6":0,"7":0,"8":0,"9":0,"10":0,"11":0,"12":0},"b":{"0":[0,0],"1":[0,0],"2":[0,0,0],"3":[0,0],"4":[0,0],"5":[0,0],"6":[0,0],"7":[0,0],"8":[0,0],"9":[0,0,0],"10":[0,0],"11":[0,0],"12":[0,0],"13":[0,0],"14":[0],"15":[0,0],"16":[0,0,0],"17":[0,0],"18":[0,0],"19":[0,0],"20":[0,0],"21":[0,0],"22":[0,0],"23":[0,0,0,0,0,0,0],"24":[0,0],"25":[0,0],"26":[0,0],"27":[0,0],"28":[0,0],"29":[0,0],"30":[0,0],"31":[0,0],"32":[0,0],"33":[0,0],"34":[0,0],"35":[0,0],"36":[0,0],"37":[0,0],"38":[0,0],"39":[0,0],"40":[0,0],"41":[0,0],"42":[0,0],"43":[0,0],"44":[0,0]},"all":true}}