<?xml version="1.0" encoding="UTF-8"?>
<coverage generated="1705204426039" clover="3.2.0">
  <project timestamp="1705204426040" name="All files">
    <metrics statements="326" coveredstatements="301" conditionals="126" coveredconditionals="117" methods="21" coveredmethods="21" elements="473" coveredelements="439" complexity="0" loc="326" ncloc="326" packages="4" files="6" classes="6"/>
    <package name="controller">
      <metrics statements="234" coveredstatements="221" conditionals="97" coveredconditionals="95" methods="13" coveredmethods="13"/>
      <file name="userController.js" path="C:\Users\sanju\OneDrive\Desktop\SEM 2.2\FWEB\assignment\fweb_project with unit testing\server\controller\userController.js">
        <metrics statements="234" coveredstatements="221" conditionals="97" coveredconditionals="95" methods="13" coveredmethods="13"/>
        <line num="1" count="1" type="stmt"/>
        <line num="2" count="1" type="stmt"/>
        <line num="3" count="1" type="stmt"/>
        <line num="4" count="1" type="stmt"/>
        <line num="5" count="1" type="stmt"/>
        <line num="6" count="1" type="stmt"/>
        <line num="7" count="1" type="stmt"/>
        <line num="8" count="1" type="stmt"/>
        <line num="9" count="1" type="stmt"/>
        <line num="12" count="1" type="stmt"/>
        <line num="13" count="1" type="stmt"/>
        <line num="18" count="1" type="stmt"/>
        <line num="19" count="2" type="stmt"/>
        <line num="22" count="2" type="stmt"/>
        <line num="23" count="2" type="stmt"/>
        <line num="27" count="1" type="stmt"/>
        <line num="28" count="8" type="stmt"/>
        <line num="29" count="8" type="stmt"/>
        <line num="32" count="8" type="stmt"/>
        <line num="34" count="6" type="cond" truecount="2" falsecount="0"/>
        <line num="35" count="1" type="stmt"/>
        <line num="39" count="5" type="cond" truecount="5" falsecount="0"/>
        <line num="40" count="1" type="stmt"/>
        <line num="43" count="4" type="stmt"/>
        <line num="44" count="4" type="stmt"/>
        <line num="46" count="4" type="cond" truecount="2" falsecount="0"/>
        <line num="47" count="1" type="stmt"/>
        <line num="50" count="3" type="cond" truecount="2" falsecount="0"/>
        <line num="51" count="1" type="stmt"/>
        <line num="54" count="2" type="cond" truecount="4" falsecount="0"/>
        <line num="56" count="1" type="stmt"/>
        <line num="63" count="1" type="stmt"/>
        <line num="65" count="1" type="stmt"/>
        <line num="68" count="1" type="stmt"/>
        <line num="73" count="2" type="stmt"/>
        <line num="77" count="1" type="stmt"/>
        <line num="78" count="6" type="stmt"/>
        <line num="79" count="6" type="stmt"/>
        <line num="82" count="6" type="stmt"/>
        <line num="84" count="6" type="cond" truecount="2" falsecount="0"/>
        <line num="85" count="1" type="stmt"/>
        <line num="89" count="5" type="cond" truecount="5" falsecount="0"/>
        <line num="90" count="1" type="stmt"/>
        <line num="93" count="4" type="cond" truecount="4" falsecount="0"/>
        <line num="95" count="3" type="stmt"/>
        <line num="98" count="3" type="stmt"/>
        <line num="99" count="3" type="stmt"/>
        <line num="101" count="3" type="cond" truecount="2" falsecount="0"/>
        <line num="102" count="1" type="stmt"/>
        <line num="105" count="2" type="cond" truecount="2" falsecount="0"/>
        <line num="106" count="1" type="stmt"/>
        <line num="110" count="1" type="stmt"/>
        <line num="117" count="1" type="stmt"/>
        <line num="119" count="1" type="stmt"/>
        <line num="122" count="1" type="stmt"/>
        <line num="127" count="0" type="stmt"/>
        <line num="133" count="1" type="cond" truecount="1" falsecount="0"/>
        <line num="134" count="8" type="stmt"/>
        <line num="137" count="8" type="cond" truecount="5" falsecount="0"/>
        <line num="138" count="1" type="stmt"/>
        <line num="142" count="7" type="stmt"/>
        <line num="144" count="7" type="cond" truecount="2" falsecount="0"/>
        <line num="145" count="1" type="stmt"/>
        <line num="149" count="6" type="stmt"/>
        <line num="152" count="6" type="stmt"/>
        <line num="155" count="6" type="stmt"/>
        <line num="162" count="6" type="stmt"/>
        <line num="165" count="6" type="stmt"/>
        <line num="167" count="6" type="cond" truecount="2" falsecount="0"/>
        <line num="169" count="1" type="stmt"/>
        <line num="170" count="1" type="stmt"/>
        <line num="171" count="1" type="stmt"/>
        <line num="172" count="1" type="stmt"/>
        <line num="175" count="5" type="stmt"/>
        <line num="183" count="5" type="stmt"/>
        <line num="186" count="6" type="stmt"/>
        <line num="188" count="0" type="stmt"/>
        <line num="195" count="1" type="stmt"/>
        <line num="196" count="4" type="stmt"/>
        <line num="197" count="4" type="stmt"/>
        <line num="200" count="4" type="stmt"/>
        <line num="202" count="4" type="cond" truecount="2" falsecount="0"/>
        <line num="203" count="1" type="stmt"/>
        <line num="207" count="3" type="stmt"/>
        <line num="209" count="3" type="cond" truecount="2" falsecount="0"/>
        <line num="211" count="2" type="stmt"/>
        <line num="215" count="1" type="stmt"/>
        <line num="216" count="1" type="stmt"/>
        <line num="220" count="1" type="stmt"/>
        <line num="225" count="1" type="stmt"/>
        <line num="227" count="1" type="stmt"/>
        <line num="229" count="0" type="stmt"/>
        <line num="234" count="1" type="stmt"/>
        <line num="235" count="6" type="stmt"/>
        <line num="236" count="6" type="stmt"/>
        <line num="239" count="6" type="stmt"/>
        <line num="240" count="6" type="stmt"/>
        <line num="241" count="6" type="stmt"/>
        <line num="242" count="6" type="stmt"/>
        <line num="243" count="6" type="stmt"/>
        <line num="244" count="6" type="stmt"/>
        <line num="248" count="6" type="stmt"/>
        <line num="250" count="6" type="cond" truecount="2" falsecount="0"/>
        <line num="251" count="1" type="stmt"/>
        <line num="255" count="5" type="cond" truecount="9" falsecount="0"/>
        <line num="256" count="1" type="stmt"/>
        <line num="259" count="4" type="cond" truecount="2" falsecount="0"/>
        <line num="260" count="1" type="stmt"/>
        <line num="263" count="3" type="cond" truecount="2" falsecount="0"/>
        <line num="264" count="1" type="stmt"/>
        <line num="267" count="2" type="cond" truecount="2" falsecount="0"/>
        <line num="268" count="1" type="stmt"/>
        <line num="272" count="1" type="stmt"/>
        <line num="273" count="1" type="stmt"/>
        <line num="285" count="1" type="stmt"/>
        <line num="288" count="1" type="stmt"/>
        <line num="296" count="1" type="stmt"/>
        <line num="298" count="1" type="stmt"/>
        <line num="301" count="0" type="stmt"/>
        <line num="306" count="1" type="stmt"/>
        <line num="307" count="4" type="stmt"/>
        <line num="308" count="4" type="stmt"/>
        <line num="312" count="4" type="stmt"/>
        <line num="314" count="4" type="cond" truecount="2" falsecount="0"/>
        <line num="315" count="1" type="stmt"/>
        <line num="319" count="3" type="stmt"/>
        <line num="321" count="3" type="cond" truecount="2" falsecount="0"/>
        <line num="323" count="2" type="stmt"/>
        <line num="326" count="1" type="stmt"/>
        <line num="327" count="1" type="stmt"/>
        <line num="330" count="1" type="stmt"/>
        <line num="332" count="1" type="stmt"/>
        <line num="333" count="1" type="stmt"/>
        <line num="336" count="0" type="stmt"/>
        <line num="341" count="1" type="stmt"/>
        <line num="342" count="6" type="stmt"/>
        <line num="343" count="6" type="stmt"/>
        <line num="346" count="6" type="cond" truecount="2" falsecount="0"/>
        <line num="347" count="1" type="stmt"/>
        <line num="351" count="5" type="stmt"/>
        <line num="353" count="5" type="cond" truecount="2" falsecount="0"/>
        <line num="354" count="1" type="stmt"/>
        <line num="357" count="4" type="cond" truecount="2" falsecount="0"/>
        <line num="358" count="1" type="stmt"/>
        <line num="363" count="3" type="stmt"/>
        <line num="366" count="3" type="stmt"/>
        <line num="368" count="3" type="stmt"/>
        <line num="369" count="3" type="stmt"/>
        <line num="370" count="3" type="stmt"/>
        <line num="373" count="3" type="stmt"/>
        <line num="380" count="3" type="stmt"/>
        <line num="383" count="3" type="stmt"/>
        <line num="385" count="3" type="cond" truecount="2" falsecount="0"/>
        <line num="387" count="1" type="stmt"/>
        <line num="388" count="1" type="stmt"/>
        <line num="389" count="1" type="stmt"/>
        <line num="390" count="1" type="stmt"/>
        <line num="393" count="2" type="stmt"/>
        <line num="400" count="2" type="stmt"/>
        <line num="403" count="3" type="stmt"/>
        <line num="405" count="0" type="stmt"/>
        <line num="410" count="1" type="stmt"/>
        <line num="411" count="5" type="stmt"/>
        <line num="412" count="5" type="stmt"/>
        <line num="415" count="5" type="cond" truecount="2" falsecount="0"/>
        <line num="416" count="1" type="stmt"/>
        <line num="420" count="4" type="stmt"/>
        <line num="422" count="4" type="cond" truecount="2" falsecount="0"/>
        <line num="423" count="1" type="stmt"/>
        <line num="428" count="3" type="stmt"/>
        <line num="431" count="3" type="stmt"/>
        <line num="433" count="3" type="stmt"/>
        <line num="434" count="3" type="stmt"/>
        <line num="435" count="3" type="stmt"/>
        <line num="438" count="3" type="stmt"/>
        <line num="445" count="3" type="stmt"/>
        <line num="448" count="3" type="stmt"/>
        <line num="450" count="3" type="cond" truecount="2" falsecount="0"/>
        <line num="452" count="1" type="stmt"/>
        <line num="453" count="1" type="stmt"/>
        <line num="454" count="1" type="stmt"/>
        <line num="455" count="1" type="stmt"/>
        <line num="458" count="2" type="stmt"/>
        <line num="466" count="2" type="stmt"/>
        <line num="469" count="3" type="stmt"/>
        <line num="471" count="0" type="stmt"/>
        <line num="476" count="1" type="stmt"/>
        <line num="477" count="6" type="stmt"/>
        <line num="478" count="6" type="stmt"/>
        <line num="479" count="6" type="stmt"/>
        <line num="480" count="6" type="stmt"/>
        <line num="482" count="6" type="cond" truecount="2" falsecount="0"/>
        <line num="483" count="1" type="stmt"/>
        <line num="487" count="5" type="stmt"/>
        <line num="489" count="5" type="cond" truecount="2" falsecount="0"/>
        <line num="490" count="1" type="stmt"/>
        <line num="492" count="4" type="cond" truecount="2" falsecount="0"/>
        <line num="493" count="1" type="stmt"/>
        <line num="496" count="3" type="cond" truecount="2" falsecount="0"/>
        <line num="497" count="2" type="stmt"/>
        <line num="501" count="1" type="stmt"/>
        <line num="504" count="1" type="stmt"/>
        <line num="506" count="1" type="stmt"/>
        <line num="508" count="1" type="stmt"/>
        <line num="510" count="0" type="stmt"/>
        <line num="517" count="1" type="stmt"/>
        <line num="518" count="3" type="stmt"/>
        <line num="519" count="3" type="stmt"/>
        <line num="522" count="3" type="cond" truecount="2" falsecount="0"/>
        <line num="523" count="2" type="stmt"/>
        <line num="527" count="1" type="stmt"/>
        <line num="529" count="1" type="cond" truecount="1" falsecount="1"/>
        <line num="530" count="0" type="stmt"/>
        <line num="533" count="1" type="stmt"/>
        <line num="535" count="0" type="stmt"/>
        <line num="540" count="1" type="stmt"/>
        <line num="541" count="2" type="stmt"/>
        <line num="543" count="2" type="stmt"/>
        <line num="548" count="2" type="stmt"/>
        <line num="552" count="2" type="cond" truecount="1" falsecount="1"/>
        <line num="553" count="0" type="stmt"/>
        <line num="557" count="2" type="stmt"/>
        <line num="560" count="2" type="cond" truecount="2" falsecount="0"/>
        <line num="561" count="1" type="stmt"/>
        <line num="564" count="1" type="stmt"/>
        <line num="566" count="0" type="stmt"/>
        <line num="587" count="1" type="stmt"/>
        <line num="588" count="2" type="stmt"/>
        <line num="589" count="2" type="stmt"/>
        <line num="591" count="2" type="cond" truecount="2" falsecount="0"/>
        <line num="592" count="1" type="stmt"/>
        <line num="597" count="1" type="stmt"/>
        <line num="600" count="0" type="stmt"/>
        <line num="604" count="1" type="stmt"/>
      </file>
    </package>
    <package name="models">
      <metrics statements="8" coveredstatements="8" conditionals="0" coveredconditionals="0" methods="0" coveredmethods="0"/>
      <file name="otpModel.js" path="C:\Users\sanju\OneDrive\Desktop\SEM 2.2\FWEB\assignment\fweb_project with unit testing\server\models\otpModel.js">
        <metrics statements="4" coveredstatements="4" conditionals="0" coveredconditionals="0" methods="0" coveredmethods="0"/>
        <line num="1" count="1" type="stmt"/>
        <line num="3" count="1" type="stmt"/>
        <line num="10" count="1" type="stmt"/>
        <line num="12" count="1" type="stmt"/>
      </file>
      <file name="userModel.js" path="C:\Users\sanju\OneDrive\Desktop\SEM 2.2\FWEB\assignment\fweb_project with unit testing\server\models\userModel.js">
        <metrics statements="4" coveredstatements="4" conditionals="0" coveredconditionals="0" methods="0" coveredmethods="0"/>
        <line num="1" count="1" type="stmt"/>
        <line num="3" count="1" type="stmt"/>
        <line num="17" count="1" type="stmt"/>
        <line num="19" count="1" type="stmt"/>
      </file>
    </package>
    <package name="tests">
      <metrics statements="18" coveredstatements="18" conditionals="4" coveredconditionals="2" methods="3" coveredmethods="3"/>
      <file name="testDb.js" path="C:\Users\sanju\OneDrive\Desktop\SEM 2.2\FWEB\assignment\fweb_project with unit testing\server\tests\testDb.js">
        <metrics statements="18" coveredstatements="18" conditionals="4" coveredconditionals="2" methods="3" coveredmethods="3"/>
        <line num="1" count="1" type="stmt"/>
        <line num="2" count="1" type="stmt"/>
        <line num="4" count="1" type="stmt"/>
        <line num="6" count="1" type="stmt"/>
        <line num="7" count="1" type="stmt"/>
        <line num="8" count="1" type="stmt"/>
        <line num="10" count="1" type="stmt"/>
        <line num="15" count="1" type="stmt"/>
        <line num="16" count="1" type="cond" truecount="1" falsecount="1"/>
        <line num="17" count="1" type="stmt"/>
        <line num="18" count="1" type="stmt"/>
        <line num="19" count="1" type="stmt"/>
        <line num="23" count="1" type="stmt"/>
        <line num="24" count="58" type="cond" truecount="1" falsecount="1"/>
        <line num="25" count="58" type="stmt"/>
        <line num="27" count="58" type="stmt"/>
        <line num="28" count="116" type="stmt"/>
        <line num="29" count="116" type="stmt"/>
      </file>
    </package>
    <package name="utils">
      <metrics statements="66" coveredstatements="54" conditionals="25" coveredconditionals="20" methods="5" coveredmethods="5"/>
      <file name="hashData.js" path="C:\Users\sanju\OneDrive\Desktop\SEM 2.2\FWEB\assignment\fweb_project with unit testing\server\utils\hashData.js">
        <metrics statements="12" coveredstatements="10" conditionals="1" coveredconditionals="1" methods="2" coveredmethods="2"/>
        <line num="1" count="1" type="stmt"/>
        <line num="4" count="1" type="cond" truecount="1" falsecount="0"/>
        <line num="5" count="69" type="stmt"/>
        <line num="6" count="69" type="stmt"/>
        <line num="7" count="69" type="stmt"/>
        <line num="9" count="0" type="stmt"/>
        <line num="14" count="1" type="stmt"/>
        <line num="15" count="13" type="stmt"/>
        <line num="16" count="13" type="stmt"/>
        <line num="19" count="13" type="stmt"/>
        <line num="21" count="0" type="stmt"/>
        <line num="25" count="1" type="stmt"/>
      </file>
      <file name="otpUtils.js" path="C:\Users\sanju\OneDrive\Desktop\SEM 2.2\FWEB\assignment\fweb_project with unit testing\server\utils\otpUtils.js">
        <metrics statements="54" coveredstatements="44" conditionals="24" coveredconditionals="19" methods="3" coveredmethods="3"/>
        <line num="1" count="1" type="stmt"/>
        <line num="2" count="1" type="stmt"/>
        <line num="6" count="1" type="stmt"/>
        <line num="7" count="24" type="stmt"/>
        <line num="8" count="24" type="stmt"/>
        <line num="9" count="24" type="stmt"/>
        <line num="11" count="0" type="stmt"/>
        <line num="16" count="1" type="stmt"/>
        <line num="17" count="6" type="stmt"/>
        <line num="19" count="6" type="cond" truecount="1" falsecount="1"/>
        <line num="20" count="0" type="stmt"/>
        <line num="23" count="6" type="cond" truecount="1" falsecount="1"/>
        <line num="24" count="0" type="stmt"/>
        <line num="28" count="6" type="stmt"/>
        <line num="32" count="6" type="cond" truecount="1" falsecount="1"/>
        <line num="33" count="0" type="stmt"/>
        <line num="37" count="6" type="stmt"/>
        <line num="39" count="6" type="stmt"/>
        <line num="43" count="6" type="cond" truecount="4" falsecount="0"/>
        <line num="45" count="2" type="stmt"/>
        <line num="46" count="2" type="stmt"/>
        <line num="49" count="4" type="stmt"/>
        <line num="50" count="4" type="stmt"/>
        <line num="53" count="4" type="cond" truecount="2" falsecount="0"/>
        <line num="54" count="2" type="stmt"/>
        <line num="56" count="2" type="stmt"/>
        <line num="59" count="2" type="stmt"/>
        <line num="63" count="0" type="stmt"/>
        <line num="64" count="0" type="stmt"/>
        <line num="69" count="1" type="stmt"/>
        <line num="70" count="5" type="stmt"/>
        <line num="72" count="5" type="cond" truecount="1" falsecount="1"/>
        <line num="73" count="0" type="stmt"/>
        <line num="76" count="5" type="cond" truecount="1" falsecount="1"/>
        <line num="77" count="0" type="stmt"/>
        <line num="81" count="5" type="stmt"/>
        <line num="85" count="5" type="cond" truecount="2" falsecount="0"/>
        <line num="86" count="2" type="stmt"/>
        <line num="90" count="3" type="stmt"/>
        <line num="92" count="3" type="stmt"/>
        <line num="93" count="3" type="stmt"/>
        <line num="96" count="3" type="cond" truecount="4" falsecount="0"/>
        <line num="98" count="1" type="stmt"/>
        <line num="99" count="1" type="stmt"/>
        <line num="102" count="2" type="stmt"/>
        <line num="103" count="2" type="stmt"/>
        <line num="106" count="2" type="cond" truecount="2" falsecount="0"/>
        <line num="108" count="1" type="stmt"/>
        <line num="109" count="1" type="stmt"/>
        <line num="111" count="1" type="stmt"/>
        <line num="112" count="1" type="stmt"/>
        <line num="116" count="0" type="stmt"/>
        <line num="117" count="0" type="stmt"/>
        <line num="121" count="1" type="stmt"/>
      </file>
    </package>
  </project>
</coverage>
