<?xml version="1.0" encoding="UTF-8"?>
<coverage generated="1705204883526" clover="3.2.0">
  <project timestamp="1705204883526" name="All files">
    <metrics statements="331" coveredstatements="306" conditionals="126" coveredconditionals="117" methods="21" coveredmethods="21" elements="478" coveredelements="444" complexity="0" loc="331" ncloc="331" packages="4" files="7" classes="7"/>
    <package name="controller">
      <metrics statements="235" coveredstatements="222" conditionals="97" coveredconditionals="95" methods="13" coveredmethods="13"/>
      <file name="userController.js" path="C:\Users\sanju\OneDrive\Desktop\SEM 2.2\FWEB\assignment\fweb_project with unit testing\server\controller\userController.js">
        <metrics statements="235" coveredstatements="222" conditionals="97" coveredconditionals="95" methods="13" coveredmethods="13"/>
        <line num="1" count="1" type="stmt"/>
        <line num="2" count="1" type="stmt"/>
        <line num="3" count="1" type="stmt"/>
        <line num="4" count="1" type="stmt"/>
        <line num="5" count="1" type="stmt"/>
        <line num="6" count="1" type="stmt"/>
        <line num="7" count="1" type="stmt"/>
        <line num="8" count="1" type="stmt"/>
        <line num="9" count="1" type="stmt"/>
        <line num="10" count="1" type="stmt"/>
        <line num="13" count="1" type="stmt"/>
        <line num="14" count="1" type="stmt"/>
        <line num="19" count="1" type="stmt"/>
        <line num="20" count="2" type="stmt"/>
        <line num="23" count="2" type="stmt"/>
        <line num="24" count="2" type="stmt"/>
        <line num="28" count="1" type="stmt"/>
        <line num="29" count="8" type="stmt"/>
        <line num="30" count="8" type="stmt"/>
        <line num="33" count="8" type="stmt"/>
        <line num="35" count="6" type="cond" truecount="2" falsecount="0"/>
        <line num="36" count="1" type="stmt"/>
        <line num="40" count="5" type="cond" truecount="5" falsecount="0"/>
        <line num="41" count="1" type="stmt"/>
        <line num="44" count="4" type="stmt"/>
        <line num="45" count="4" type="stmt"/>
        <line num="47" count="4" type="cond" truecount="2" falsecount="0"/>
        <line num="48" count="1" type="stmt"/>
        <line num="51" count="3" type="cond" truecount="2" falsecount="0"/>
        <line num="52" count="1" type="stmt"/>
        <line num="55" count="2" type="cond" truecount="4" falsecount="0"/>
        <line num="57" count="1" type="stmt"/>
        <line num="64" count="1" type="stmt"/>
        <line num="66" count="1" type="stmt"/>
        <line num="69" count="1" type="stmt"/>
        <line num="74" count="2" type="stmt"/>
        <line num="78" count="1" type="stmt"/>
        <line num="79" count="6" type="stmt"/>
        <line num="80" count="6" type="stmt"/>
        <line num="83" count="6" type="stmt"/>
        <line num="85" count="6" type="cond" truecount="2" falsecount="0"/>
        <line num="86" count="1" type="stmt"/>
        <line num="90" count="5" type="cond" truecount="5" falsecount="0"/>
        <line num="91" count="1" type="stmt"/>
        <line num="94" count="4" type="cond" truecount="4" falsecount="0"/>
        <line num="96" count="3" type="stmt"/>
        <line num="99" count="3" type="stmt"/>
        <line num="100" count="3" type="stmt"/>
        <line num="102" count="3" type="cond" truecount="2" falsecount="0"/>
        <line num="103" count="1" type="stmt"/>
        <line num="106" count="2" type="cond" truecount="2" falsecount="0"/>
        <line num="107" count="1" type="stmt"/>
        <line num="111" count="1" type="stmt"/>
        <line num="118" count="1" type="stmt"/>
        <line num="120" count="1" type="stmt"/>
        <line num="123" count="1" type="stmt"/>
        <line num="128" count="0" type="stmt"/>
        <line num="134" count="1" type="cond" truecount="1" falsecount="0"/>
        <line num="135" count="8" type="stmt"/>
        <line num="138" count="8" type="cond" truecount="5" falsecount="0"/>
        <line num="139" count="1" type="stmt"/>
        <line num="143" count="7" type="stmt"/>
        <line num="145" count="7" type="cond" truecount="2" falsecount="0"/>
        <line num="146" count="1" type="stmt"/>
        <line num="150" count="6" type="stmt"/>
        <line num="153" count="6" type="stmt"/>
        <line num="156" count="6" type="stmt"/>
        <line num="163" count="6" type="stmt"/>
        <line num="166" count="6" type="stmt"/>
        <line num="168" count="6" type="cond" truecount="2" falsecount="0"/>
        <line num="170" count="1" type="stmt"/>
        <line num="171" count="1" type="stmt"/>
        <line num="172" count="1" type="stmt"/>
        <line num="173" count="1" type="stmt"/>
        <line num="176" count="5" type="stmt"/>
        <line num="184" count="5" type="stmt"/>
        <line num="187" count="6" type="stmt"/>
        <line num="189" count="0" type="stmt"/>
        <line num="196" count="1" type="stmt"/>
        <line num="197" count="4" type="stmt"/>
        <line num="198" count="4" type="stmt"/>
        <line num="201" count="4" type="stmt"/>
        <line num="203" count="4" type="cond" truecount="2" falsecount="0"/>
        <line num="204" count="1" type="stmt"/>
        <line num="208" count="3" type="stmt"/>
        <line num="210" count="3" type="cond" truecount="2" falsecount="0"/>
        <line num="212" count="2" type="stmt"/>
        <line num="216" count="1" type="stmt"/>
        <line num="217" count="1" type="stmt"/>
        <line num="221" count="1" type="stmt"/>
        <line num="226" count="1" type="stmt"/>
        <line num="228" count="1" type="stmt"/>
        <line num="230" count="0" type="stmt"/>
        <line num="235" count="1" type="stmt"/>
        <line num="236" count="6" type="stmt"/>
        <line num="237" count="6" type="stmt"/>
        <line num="240" count="6" type="stmt"/>
        <line num="241" count="6" type="stmt"/>
        <line num="242" count="6" type="stmt"/>
        <line num="243" count="6" type="stmt"/>
        <line num="244" count="6" type="stmt"/>
        <line num="245" count="6" type="stmt"/>
        <line num="249" count="6" type="stmt"/>
        <line num="251" count="6" type="cond" truecount="2" falsecount="0"/>
        <line num="252" count="1" type="stmt"/>
        <line num="256" count="5" type="cond" truecount="9" falsecount="0"/>
        <line num="257" count="1" type="stmt"/>
        <line num="260" count="4" type="cond" truecount="2" falsecount="0"/>
        <line num="261" count="1" type="stmt"/>
        <line num="264" count="3" type="cond" truecount="2" falsecount="0"/>
        <line num="265" count="1" type="stmt"/>
        <line num="268" count="2" type="cond" truecount="2" falsecount="0"/>
        <line num="269" count="1" type="stmt"/>
        <line num="273" count="1" type="stmt"/>
        <line num="274" count="1" type="stmt"/>
        <line num="286" count="1" type="stmt"/>
        <line num="289" count="1" type="stmt"/>
        <line num="297" count="1" type="stmt"/>
        <line num="299" count="1" type="stmt"/>
        <line num="302" count="0" type="stmt"/>
        <line num="307" count="1" type="stmt"/>
        <line num="308" count="4" type="stmt"/>
        <line num="309" count="4" type="stmt"/>
        <line num="313" count="4" type="stmt"/>
        <line num="315" count="4" type="cond" truecount="2" falsecount="0"/>
        <line num="316" count="1" type="stmt"/>
        <line num="320" count="3" type="stmt"/>
        <line num="322" count="3" type="cond" truecount="2" falsecount="0"/>
        <line num="324" count="2" type="stmt"/>
        <line num="327" count="1" type="stmt"/>
        <line num="328" count="1" type="stmt"/>
        <line num="331" count="1" type="stmt"/>
        <line num="333" count="1" type="stmt"/>
        <line num="334" count="1" type="stmt"/>
        <line num="337" count="0" type="stmt"/>
        <line num="342" count="1" type="stmt"/>
        <line num="343" count="6" type="stmt"/>
        <line num="344" count="6" type="stmt"/>
        <line num="347" count="6" type="cond" truecount="2" falsecount="0"/>
        <line num="348" count="1" type="stmt"/>
        <line num="352" count="5" type="stmt"/>
        <line num="354" count="5" type="cond" truecount="2" falsecount="0"/>
        <line num="355" count="1" type="stmt"/>
        <line num="358" count="4" type="cond" truecount="2" falsecount="0"/>
        <line num="359" count="1" type="stmt"/>
        <line num="364" count="3" type="stmt"/>
        <line num="367" count="3" type="stmt"/>
        <line num="369" count="3" type="stmt"/>
        <line num="370" count="3" type="stmt"/>
        <line num="371" count="3" type="stmt"/>
        <line num="374" count="3" type="stmt"/>
        <line num="381" count="3" type="stmt"/>
        <line num="384" count="3" type="stmt"/>
        <line num="386" count="3" type="cond" truecount="2" falsecount="0"/>
        <line num="388" count="1" type="stmt"/>
        <line num="389" count="1" type="stmt"/>
        <line num="390" count="1" type="stmt"/>
        <line num="391" count="1" type="stmt"/>
        <line num="394" count="2" type="stmt"/>
        <line num="401" count="2" type="stmt"/>
        <line num="404" count="3" type="stmt"/>
        <line num="406" count="0" type="stmt"/>
        <line num="411" count="1" type="stmt"/>
        <line num="412" count="5" type="stmt"/>
        <line num="413" count="5" type="stmt"/>
        <line num="416" count="5" type="cond" truecount="2" falsecount="0"/>
        <line num="417" count="1" type="stmt"/>
        <line num="421" count="4" type="stmt"/>
        <line num="423" count="4" type="cond" truecount="2" falsecount="0"/>
        <line num="424" count="1" type="stmt"/>
        <line num="429" count="3" type="stmt"/>
        <line num="432" count="3" type="stmt"/>
        <line num="434" count="3" type="stmt"/>
        <line num="435" count="3" type="stmt"/>
        <line num="436" count="3" type="stmt"/>
        <line num="439" count="3" type="stmt"/>
        <line num="446" count="3" type="stmt"/>
        <line num="449" count="3" type="stmt"/>
        <line num="451" count="3" type="cond" truecount="2" falsecount="0"/>
        <line num="453" count="1" type="stmt"/>
        <line num="454" count="1" type="stmt"/>
        <line num="455" count="1" type="stmt"/>
        <line num="456" count="1" type="stmt"/>
        <line num="459" count="2" type="stmt"/>
        <line num="467" count="2" type="stmt"/>
        <line num="470" count="3" type="stmt"/>
        <line num="472" count="0" type="stmt"/>
        <line num="477" count="1" type="stmt"/>
        <line num="478" count="6" type="stmt"/>
        <line num="479" count="6" type="stmt"/>
        <line num="480" count="6" type="stmt"/>
        <line num="481" count="6" type="stmt"/>
        <line num="483" count="6" type="cond" truecount="2" falsecount="0"/>
        <line num="484" count="1" type="stmt"/>
        <line num="488" count="5" type="stmt"/>
        <line num="490" count="5" type="cond" truecount="2" falsecount="0"/>
        <line num="491" count="1" type="stmt"/>
        <line num="493" count="4" type="cond" truecount="2" falsecount="0"/>
        <line num="494" count="1" type="stmt"/>
        <line num="497" count="3" type="cond" truecount="2" falsecount="0"/>
        <line num="498" count="2" type="stmt"/>
        <line num="502" count="1" type="stmt"/>
        <line num="505" count="1" type="stmt"/>
        <line num="507" count="1" type="stmt"/>
        <line num="509" count="1" type="stmt"/>
        <line num="511" count="0" type="stmt"/>
        <line num="518" count="1" type="stmt"/>
        <line num="519" count="3" type="stmt"/>
        <line num="520" count="3" type="stmt"/>
        <line num="523" count="3" type="cond" truecount="2" falsecount="0"/>
        <line num="524" count="2" type="stmt"/>
        <line num="528" count="1" type="stmt"/>
        <line num="530" count="1" type="cond" truecount="1" falsecount="1"/>
        <line num="531" count="0" type="stmt"/>
        <line num="534" count="1" type="stmt"/>
        <line num="536" count="0" type="stmt"/>
        <line num="541" count="1" type="stmt"/>
        <line num="542" count="2" type="stmt"/>
        <line num="544" count="2" type="stmt"/>
        <line num="549" count="2" type="stmt"/>
        <line num="553" count="2" type="cond" truecount="1" falsecount="1"/>
        <line num="554" count="0" type="stmt"/>
        <line num="558" count="2" type="stmt"/>
        <line num="561" count="2" type="cond" truecount="2" falsecount="0"/>
        <line num="562" count="1" type="stmt"/>
        <line num="565" count="1" type="stmt"/>
        <line num="567" count="0" type="stmt"/>
        <line num="588" count="1" type="stmt"/>
        <line num="589" count="2" type="stmt"/>
        <line num="590" count="2" type="stmt"/>
        <line num="593" count="2" type="cond" truecount="2" falsecount="0"/>
        <line num="594" count="1" type="stmt"/>
        <line num="598" count="1" type="stmt"/>
        <line num="601" count="0" type="stmt"/>
        <line num="605" count="1" type="stmt"/>
      </file>
    </package>
    <package name="models">
      <metrics statements="12" coveredstatements="12" conditionals="0" coveredconditionals="0" methods="0" coveredmethods="0"/>
      <file name="eventsModel.js" path="C:\Users\sanju\OneDrive\Desktop\SEM 2.2\FWEB\assignment\fweb_project with unit testing\server\models\eventsModel.js">
        <metrics statements="4" coveredstatements="4" conditionals="0" coveredconditionals="0" methods="0" coveredmethods="0"/>
        <line num="1" count="1" type="stmt"/>
        <line num="3" count="1" type="stmt"/>
        <line num="16" count="1" type="stmt"/>
        <line num="18" count="1" type="stmt"/>
      </file>
      <file name="otpModel.js" path="C:\Users\sanju\OneDrive\Desktop\SEM 2.2\FWEB\assignment\fweb_project with unit testing\server\models\otpModel.js">
        <metrics statements="4" coveredstatements="4" conditionals="0" coveredconditionals="0" methods="0" coveredmethods="0"/>
        <line num="1" count="1" type="stmt"/>
        <line num="3" count="1" type="stmt"/>
        <line num="10" count="1" type="stmt"/>
        <line num="12" count="1" type="stmt"/>
      </file>
      <file name="userModel.js" path="C:\Users\sanju\OneDrive\Desktop\SEM 2.2\FWEB\assignment\fweb_project with unit testing\server\models\userModel.js">
        <metrics statements="4" coveredstatements="4" conditionals="0" coveredconditionals="0" methods="0" coveredmethods="0"/>
        <line num="1" count="1" type="stmt"/>
        <line num="3" count="1" type="stmt"/>
        <line num="17" count="1" type="stmt"/>
        <line num="19" count="1" type="stmt"/>
      </file>
    </package>
    <package name="tests">
      <metrics statements="18" coveredstatements="18" conditionals="4" coveredconditionals="2" methods="3" coveredmethods="3"/>
      <file name="testDb.js" path="C:\Users\sanju\OneDrive\Desktop\SEM 2.2\FWEB\assignment\fweb_project with unit testing\server\tests\testDb.js">
        <metrics statements="18" coveredstatements="18" conditionals="4" coveredconditionals="2" methods="3" coveredmethods="3"/>
        <line num="1" count="1" type="stmt"/>
        <line num="2" count="1" type="stmt"/>
        <line num="4" count="1" type="stmt"/>
        <line num="6" count="1" type="stmt"/>
        <line num="7" count="1" type="stmt"/>
        <line num="8" count="1" type="stmt"/>
        <line num="10" count="1" type="stmt"/>
        <line num="15" count="1" type="stmt"/>
        <line num="16" count="1" type="cond" truecount="1" falsecount="1"/>
        <line num="17" count="1" type="stmt"/>
        <line num="18" count="1" type="stmt"/>
        <line num="19" count="1" type="stmt"/>
        <line num="23" count="1" type="stmt"/>
        <line num="24" count="58" type="cond" truecount="1" falsecount="1"/>
        <line num="25" count="58" type="stmt"/>
        <line num="27" count="58" type="stmt"/>
        <line num="28" count="174" type="stmt"/>
        <line num="29" count="174" type="stmt"/>
      </file>
    </package>
    <package name="utils">
      <metrics statements="66" coveredstatements="54" conditionals="25" coveredconditionals="20" methods="5" coveredmethods="5"/>
      <file name="hashData.js" path="C:\Users\sanju\OneDrive\Desktop\SEM 2.2\FWEB\assignment\fweb_project with unit testing\server\utils\hashData.js">
        <metrics statements="12" coveredstatements="10" conditionals="1" coveredconditionals="1" methods="2" coveredmethods="2"/>
        <line num="1" count="1" type="stmt"/>
        <line num="4" count="1" type="cond" truecount="1" falsecount="0"/>
        <line num="5" count="69" type="stmt"/>
        <line num="6" count="69" type="stmt"/>
        <line num="7" count="69" type="stmt"/>
        <line num="9" count="0" type="stmt"/>
        <line num="14" count="1" type="stmt"/>
        <line num="15" count="13" type="stmt"/>
        <line num="16" count="13" type="stmt"/>
        <line num="19" count="13" type="stmt"/>
        <line num="21" count="0" type="stmt"/>
        <line num="25" count="1" type="stmt"/>
      </file>
      <file name="otpUtils.js" path="C:\Users\sanju\OneDrive\Desktop\SEM 2.2\FWEB\assignment\fweb_project with unit testing\server\utils\otpUtils.js">
        <metrics statements="54" coveredstatements="44" conditionals="24" coveredconditionals="19" methods="3" coveredmethods="3"/>
        <line num="1" count="1" type="stmt"/>
        <line num="2" count="1" type="stmt"/>
        <line num="6" count="1" type="stmt"/>
        <line num="7" count="24" type="stmt"/>
        <line num="8" count="24" type="stmt"/>
        <line num="9" count="24" type="stmt"/>
        <line num="11" count="0" type="stmt"/>
        <line num="16" count="1" type="stmt"/>
        <line num="17" count="6" type="stmt"/>
        <line num="19" count="6" type="cond" truecount="1" falsecount="1"/>
        <line num="20" count="0" type="stmt"/>
        <line num="23" count="6" type="cond" truecount="1" falsecount="1"/>
        <line num="24" count="0" type="stmt"/>
        <line num="28" count="6" type="stmt"/>
        <line num="32" count="6" type="cond" truecount="1" falsecount="1"/>
        <line num="33" count="0" type="stmt"/>
        <line num="37" count="6" type="stmt"/>
        <line num="39" count="6" type="stmt"/>
        <line num="43" count="6" type="cond" truecount="4" falsecount="0"/>
        <line num="45" count="2" type="stmt"/>
        <line num="46" count="2" type="stmt"/>
        <line num="49" count="4" type="stmt"/>
        <line num="50" count="4" type="stmt"/>
        <line num="53" count="4" type="cond" truecount="2" falsecount="0"/>
        <line num="54" count="2" type="stmt"/>
        <line num="56" count="2" type="stmt"/>
        <line num="59" count="2" type="stmt"/>
        <line num="63" count="0" type="stmt"/>
        <line num="64" count="0" type="stmt"/>
        <line num="69" count="1" type="stmt"/>
        <line num="70" count="5" type="stmt"/>
        <line num="72" count="5" type="cond" truecount="1" falsecount="1"/>
        <line num="73" count="0" type="stmt"/>
        <line num="76" count="5" type="cond" truecount="1" falsecount="1"/>
        <line num="77" count="0" type="stmt"/>
        <line num="81" count="5" type="stmt"/>
        <line num="85" count="5" type="cond" truecount="2" falsecount="0"/>
        <line num="86" count="2" type="stmt"/>
        <line num="90" count="3" type="stmt"/>
        <line num="92" count="3" type="stmt"/>
        <line num="93" count="3" type="stmt"/>
        <line num="96" count="3" type="cond" truecount="4" falsecount="0"/>
        <line num="98" count="1" type="stmt"/>
        <line num="99" count="1" type="stmt"/>
        <line num="102" count="2" type="stmt"/>
        <line num="103" count="2" type="stmt"/>
        <line num="106" count="2" type="cond" truecount="2" falsecount="0"/>
        <line num="108" count="1" type="stmt"/>
        <line num="109" count="1" type="stmt"/>
        <line num="111" count="1" type="stmt"/>
        <line num="112" count="1" type="stmt"/>
        <line num="116" count="0" type="stmt"/>
        <line num="117" count="0" type="stmt"/>
        <line num="121" count="1" type="stmt"/>
      </file>
    </package>
  </project>
</coverage>
