{"C:\\Users\\sanju\\OneDrive\\Desktop\\SEM 2.2\\FWEB\\assignment\\fweb_project with unit testing\\server\\controller\\userController.js": {"path":"C:\\Users\\sanju\\OneDrive\\Desktop\\SEM 2.2\\FWEB\\assignment\\fweb_project with unit testing\\server\\controller\\userController.js","statementMap":{"0":{"start":{"line":1,"column":13},"end":{"line":1,"column":46}},"1":{"start":{"line":2,"column":12},"end":{"line":2,"column":44}},"2":{"start":{"line":3,"column":39},"end":{"line":3,"column":70}},"3":{"start":{"line":4,"column":59},"end":{"line":4,"column":90}},"4":{"start":{"line":5,"column":22},"end":{"line":5,"column":54}},"5":{"start":{"line":6,"column":12},"end":{"line":6,"column":35}},"6":{"start":{"line":7,"column":15},"end":{"line":7,"column":32}},"7":{"start":{"line":8,"column":15},"end":{"line":8,"column":32}},"8":{"start":{"line":9,"column":17},"end":{"line":9,"column":36}},"9":{"start":{"line":12,"column":0},"end":{"line":12,"column":16}},"10":{"start":{"line":13,"column":48},"end":{"line":13,"column":59}},"11":{"start":{"line":18,"column":20},"end":{"line":24,"column":1}},"12":{"start":{"line":19,"column":20},"end":{"line":19,"column":29}},"13":{"start":{"line":22,"column":16},"end":{"line":22,"column":70}},"14":{"start":{"line":23,"column":2},"end":{"line":23,"column":15}},"15":{"start":{"line":27,"column":27},"end":{"line":75,"column":1}},"16":{"start":{"line":28,"column":2},"end":{"line":74,"column":3}},"17":{"start":{"line":29,"column":38},"end":{"line":29,"column":42}},"18":{"start":{"line":32,"column":24},"end":{"line":32,"column":53}},"19":{"start":{"line":34,"column":4},"end":{"line":36,"column":5}},"20":{"start":{"line":35,"column":6},"end":{"line":35,"column":42}},"21":{"start":{"line":39,"column":4},"end":{"line":41,"column":5}},"22":{"start":{"line":40,"column":6},"end":{"line":40,"column":63}},"23":{"start":{"line":43,"column":27},"end":{"line":43,"column":47}},"24":{"start":{"line":44,"column":26},"end":{"line":44,"column":74}},"25":{"start":{"line":46,"column":4},"end":{"line":48,"column":5}},"26":{"start":{"line":47,"column":6},"end":{"line":47,"column":51}},"27":{"start":{"line":50,"column":4},"end":{"line":52,"column":5}},"28":{"start":{"line":51,"column":6},"end":{"line":51,"column":70}},"29":{"start":{"line":54,"column":4},"end":{"line":70,"column":5}},"30":{"start":{"line":56,"column":39},"end":{"line":61,"column":7}},"31":{"start":{"line":63,"column":6},"end":{"line":63,"column":58}},"32":{"start":{"line":65,"column":6},"end":{"line":65,"column":23}},"33":{"start":{"line":68,"column":6},"end":{"line":68,"column":49}},"34":{"start":{"line":73,"column":4},"end":{"line":73,"column":16}},"35":{"start":{"line":77,"column":28},"end":{"line":129,"column":1}},"36":{"start":{"line":78,"column":2},"end":{"line":128,"column":3}},"37":{"start":{"line":79,"column":38},"end":{"line":79,"column":42}},"38":{"start":{"line":82,"column":24},"end":{"line":82,"column":53}},"39":{"start":{"line":84,"column":4},"end":{"line":86,"column":5}},"40":{"start":{"line":85,"column":6},"end":{"line":85,"column":42}},"41":{"start":{"line":89,"column":4},"end":{"line":91,"column":5}},"42":{"start":{"line":90,"column":6},"end":{"line":90,"column":63}},"43":{"start":{"line":93,"column":4},"end":{"line":123,"column":5}},"44":{"start":{"line":95,"column":26},"end":{"line":95,"column":55}},"45":{"start":{"line":98,"column":29},"end":{"line":98,"column":49}},"46":{"start":{"line":99,"column":28},"end":{"line":99,"column":76}},"47":{"start":{"line":101,"column":6},"end":{"line":103,"column":7}},"48":{"start":{"line":102,"column":8},"end":{"line":102,"column":53}},"49":{"start":{"line":105,"column":6},"end":{"line":107,"column":7}},"50":{"start":{"line":106,"column":8},"end":{"line":106,"column":72}},"51":{"start":{"line":110,"column":39},"end":{"line":115,"column":7}},"52":{"start":{"line":117,"column":6},"end":{"line":117,"column":58}},"53":{"start":{"line":119,"column":6},"end":{"line":119,"column":23}},"54":{"start":{"line":122,"column":6},"end":{"line":122,"column":49}},"55":{"start":{"line":127,"column":4},"end":{"line":127,"column":16}},"56":{"start":{"line":133,"column":28},"end":{"line":190,"column":1}},"57":{"start":{"line":134,"column":2},"end":{"line":189,"column":3}},"58":{"start":{"line":137,"column":4},"end":{"line":139,"column":5}},"59":{"start":{"line":138,"column":6},"end":{"line":138,"column":73}},"60":{"start":{"line":142,"column":24},"end":{"line":142,"column":53}},"61":{"start":{"line":144,"column":4},"end":{"line":146,"column":5}},"62":{"start":{"line":145,"column":6},"end":{"line":145,"column":41}},"63":{"start":{"line":149,"column":28},"end":{"line":149,"column":56}},"64":{"start":{"line":152,"column":25},"end":{"line":152,"column":44}},"65":{"start":{"line":155,"column":24},"end":{"line":161,"column":5}},"66":{"start":{"line":162,"column":4},"end":{"line":162,"column":33}},"67":{"start":{"line":165,"column":22},"end":{"line":165,"column":50}},"68":{"start":{"line":167,"column":4},"end":{"line":184,"column":5}},"69":{"start":{"line":169,"column":6},"end":{"line":169,"column":40}},"70":{"start":{"line":170,"column":6},"end":{"line":170,"column":47}},"71":{"start":{"line":171,"column":6},"end":{"line":171,"column":65}},"72":{"start":{"line":172,"column":6},"end":{"line":172,"column":37}},"73":{"start":{"line":175,"column":21},"end":{"line":181,"column":8}},"74":{"start":{"line":183,"column":6},"end":{"line":183,"column":26}},"75":{"start":{"line":186,"column":4},"end":{"line":186,"column":16}},"76":{"start":{"line":188,"column":4},"end":{"line":188,"column":16}},"77":{"start":{"line":195,"column":23},"end":{"line":231,"column":1}},"78":{"start":{"line":196,"column":2},"end":{"line":230,"column":3}},"79":{"start":{"line":197,"column":27},"end":{"line":197,"column":31}},"80":{"start":{"line":200,"column":24},"end":{"line":200,"column":53}},"81":{"start":{"line":202,"column":4},"end":{"line":204,"column":5}},"82":{"start":{"line":203,"column":6},"end":{"line":203,"column":41}},"83":{"start":{"line":207,"column":22},"end":{"line":207,"column":53}},"84":{"start":{"line":209,"column":4},"end":{"line":212,"column":5}},"85":{"start":{"line":211,"column":6},"end":{"line":211,"column":40}},"86":{"start":{"line":215,"column":4},"end":{"line":215,"column":38}},"87":{"start":{"line":216,"column":4},"end":{"line":216,"column":29}},"88":{"start":{"line":220,"column":22},"end":{"line":224,"column":5}},"89":{"start":{"line":225,"column":18},"end":{"line":225,"column":46}},"90":{"start":{"line":227,"column":4},"end":{"line":227,"column":21}},"91":{"start":{"line":229,"column":4},"end":{"line":229,"column":16}},"92":{"start":{"line":234,"column":29},"end":{"line":303,"column":1}},"93":{"start":{"line":235,"column":2},"end":{"line":302,"column":3}},"94":{"start":{"line":236,"column":76},"end":{"line":236,"column":80}},"95":{"start":{"line":239,"column":4},"end":{"line":239,"column":37}},"96":{"start":{"line":240,"column":4},"end":{"line":240,"column":25}},"97":{"start":{"line":241,"column":4},"end":{"line":241,"column":23}},"98":{"start":{"line":242,"column":4},"end":{"line":242,"column":29}},"99":{"start":{"line":243,"column":4},"end":{"line":243,"column":25}},"100":{"start":{"line":244,"column":4},"end":{"line":244,"column":31}},"101":{"start":{"line":248,"column":25},"end":{"line":248,"column":54}},"102":{"start":{"line":250,"column":4},"end":{"line":299,"column":5}},"103":{"start":{"line":251,"column":6},"end":{"line":251,"column":66}},"104":{"start":{"line":255,"column":6},"end":{"line":257,"column":7}},"105":{"start":{"line":256,"column":8},"end":{"line":256,"column":47}},"106":{"start":{"line":259,"column":6},"end":{"line":261,"column":7}},"107":{"start":{"line":260,"column":8},"end":{"line":260,"column":49}},"108":{"start":{"line":263,"column":6},"end":{"line":265,"column":7}},"109":{"start":{"line":264,"column":8},"end":{"line":264,"column":50}},"110":{"start":{"line":267,"column":6},"end":{"line":269,"column":7}},"111":{"start":{"line":268,"column":8},"end":{"line":268,"column":50}},"112":{"start":{"line":272,"column":29},"end":{"line":272,"column":53}},"113":{"start":{"line":273,"column":22},"end":{"line":282,"column":8}},"114":{"start":{"line":285,"column":26},"end":{"line":285,"column":46}},"115":{"start":{"line":288,"column":40},"end":{"line":293,"column":7}},"116":{"start":{"line":296,"column":6},"end":{"line":296,"column":59}},"117":{"start":{"line":298,"column":6},"end":{"line":298,"column":25}},"118":{"start":{"line":301,"column":4},"end":{"line":301,"column":16}},"119":{"start":{"line":306,"column":24},"end":{"line":338,"column":1}},"120":{"start":{"line":307,"column":2},"end":{"line":337,"column":3}},"121":{"start":{"line":308,"column":27},"end":{"line":308,"column":31}},"122":{"start":{"line":312,"column":24},"end":{"line":312,"column":53}},"123":{"start":{"line":314,"column":4},"end":{"line":316,"column":5}},"124":{"start":{"line":315,"column":6},"end":{"line":315,"column":41}},"125":{"start":{"line":319,"column":22},"end":{"line":319,"column":53}},"126":{"start":{"line":321,"column":4},"end":{"line":324,"column":5}},"127":{"start":{"line":323,"column":6},"end":{"line":323,"column":40}},"128":{"start":{"line":326,"column":4},"end":{"line":326,"column":32}},"129":{"start":{"line":327,"column":4},"end":{"line":327,"column":29}},"130":{"start":{"line":330,"column":17},"end":{"line":330,"column":46}},"131":{"start":{"line":332,"column":4},"end":{"line":332,"column":29}},"132":{"start":{"line":333,"column":4},"end":{"line":333,"column":27}},"133":{"start":{"line":336,"column":4},"end":{"line":336,"column":16}},"134":{"start":{"line":341,"column":24},"end":{"line":407,"column":1}},"135":{"start":{"line":342,"column":2},"end":{"line":406,"column":3}},"136":{"start":{"line":343,"column":22},"end":{"line":343,"column":26}},"137":{"start":{"line":346,"column":4},"end":{"line":348,"column":5}},"138":{"start":{"line":347,"column":6},"end":{"line":347,"column":52}},"139":{"start":{"line":351,"column":24},"end":{"line":351,"column":53}},"140":{"start":{"line":353,"column":4},"end":{"line":355,"column":5}},"141":{"start":{"line":354,"column":6},"end":{"line":354,"column":41}},"142":{"start":{"line":357,"column":4},"end":{"line":360,"column":5}},"143":{"start":{"line":358,"column":6},"end":{"line":358,"column":64}},"144":{"start":{"line":363,"column":28},"end":{"line":363,"column":56}},"145":{"start":{"line":366,"column":25},"end":{"line":366,"column":44}},"146":{"start":{"line":368,"column":20},"end":{"line":368,"column":44}},"147":{"start":{"line":369,"column":20},"end":{"line":369,"column":49}},"148":{"start":{"line":370,"column":21},"end":{"line":370,"column":23}},"149":{"start":{"line":373,"column":24},"end":{"line":379,"column":5}},"150":{"start":{"line":380,"column":4},"end":{"line":380,"column":33}},"151":{"start":{"line":383,"column":22},"end":{"line":383,"column":50}},"152":{"start":{"line":385,"column":4},"end":{"line":401,"column":5}},"153":{"start":{"line":387,"column":6},"end":{"line":387,"column":40}},"154":{"start":{"line":388,"column":6},"end":{"line":388,"column":47}},"155":{"start":{"line":389,"column":6},"end":{"line":389,"column":65}},"156":{"start":{"line":390,"column":6},"end":{"line":390,"column":37}},"157":{"start":{"line":393,"column":21},"end":{"line":398,"column":8}},"158":{"start":{"line":400,"column":6},"end":{"line":400,"column":26}},"159":{"start":{"line":403,"column":4},"end":{"line":403,"column":37}},"160":{"start":{"line":405,"column":4},"end":{"line":405,"column":16}},"161":{"start":{"line":410,"column":25},"end":{"line":473,"column":1}},"162":{"start":{"line":411,"column":2},"end":{"line":472,"column":3}},"163":{"start":{"line":412,"column":22},"end":{"line":412,"column":26}},"164":{"start":{"line":415,"column":4},"end":{"line":417,"column":5}},"165":{"start":{"line":416,"column":6},"end":{"line":416,"column":52}},"166":{"start":{"line":420,"column":24},"end":{"line":420,"column":53}},"167":{"start":{"line":422,"column":4},"end":{"line":424,"column":5}},"168":{"start":{"line":423,"column":6},"end":{"line":423,"column":41}},"169":{"start":{"line":428,"column":28},"end":{"line":428,"column":56}},"170":{"start":{"line":431,"column":25},"end":{"line":431,"column":44}},"171":{"start":{"line":433,"column":20},"end":{"line":433,"column":44}},"172":{"start":{"line":434,"column":20},"end":{"line":434,"column":49}},"173":{"start":{"line":435,"column":21},"end":{"line":435,"column":23}},"174":{"start":{"line":438,"column":24},"end":{"line":444,"column":5}},"175":{"start":{"line":445,"column":4},"end":{"line":445,"column":33}},"176":{"start":{"line":448,"column":22},"end":{"line":448,"column":50}},"177":{"start":{"line":450,"column":4},"end":{"line":467,"column":5}},"178":{"start":{"line":452,"column":6},"end":{"line":452,"column":40}},"179":{"start":{"line":453,"column":6},"end":{"line":453,"column":47}},"180":{"start":{"line":454,"column":6},"end":{"line":454,"column":65}},"181":{"start":{"line":455,"column":6},"end":{"line":455,"column":37}},"182":{"start":{"line":458,"column":21},"end":{"line":464,"column":8}},"183":{"start":{"line":466,"column":6},"end":{"line":466,"column":26}},"184":{"start":{"line":469,"column":4},"end":{"line":469,"column":37}},"185":{"start":{"line":471,"column":4},"end":{"line":471,"column":16}},"186":{"start":{"line":476,"column":22},"end":{"line":512,"column":1}},"187":{"start":{"line":477,"column":2},"end":{"line":511,"column":3}},"188":{"start":{"line":478,"column":37},"end":{"line":478,"column":41}},"189":{"start":{"line":479,"column":4},"end":{"line":479,"column":33}},"190":{"start":{"line":480,"column":24},"end":{"line":480,"column":53}},"191":{"start":{"line":482,"column":4},"end":{"line":484,"column":5}},"192":{"start":{"line":483,"column":6},"end":{"line":483,"column":43}},"193":{"start":{"line":487,"column":22},"end":{"line":487,"column":66}},"194":{"start":{"line":489,"column":4},"end":{"line":491,"column":5}},"195":{"start":{"line":490,"column":6},"end":{"line":490,"column":65}},"196":{"start":{"line":492,"column":4},"end":{"line":494,"column":5}},"197":{"start":{"line":493,"column":6},"end":{"line":493,"column":75}},"198":{"start":{"line":496,"column":4},"end":{"line":498,"column":5}},"199":{"start":{"line":497,"column":6},"end":{"line":497,"column":40}},"200":{"start":{"line":501,"column":30},"end":{"line":501,"column":54}},"201":{"start":{"line":504,"column":4},"end":{"line":504,"column":69}},"202":{"start":{"line":506,"column":4},"end":{"line":506,"column":35}},"203":{"start":{"line":508,"column":4},"end":{"line":508,"column":56}},"204":{"start":{"line":510,"column":4},"end":{"line":510,"column":16}},"205":{"start":{"line":517,"column":20},"end":{"line":537,"column":1}},"206":{"start":{"line":518,"column":2},"end":{"line":536,"column":3}},"207":{"start":{"line":519,"column":17},"end":{"line":519,"column":21}},"208":{"start":{"line":522,"column":4},"end":{"line":524,"column":5}},"209":{"start":{"line":523,"column":6},"end":{"line":523,"column":42}},"210":{"start":{"line":527,"column":24},"end":{"line":527,"column":47}},"211":{"start":{"line":529,"column":4},"end":{"line":532,"column":5}},"212":{"start":{"line":530,"column":6},"end":{"line":530,"column":49}},"213":{"start":{"line":533,"column":4},"end":{"line":533,"column":27}},"214":{"start":{"line":535,"column":4},"end":{"line":535,"column":16}},"215":{"start":{"line":540,"column":20},"end":{"line":568,"column":1}},"216":{"start":{"line":541,"column":2},"end":{"line":567,"column":3}},"217":{"start":{"line":543,"column":59},"end":{"line":543,"column":63}},"218":{"start":{"line":548,"column":17},"end":{"line":548,"column":46}},"219":{"start":{"line":552,"column":4},"end":{"line":554,"column":5}},"220":{"start":{"line":553,"column":6},"end":{"line":553,"column":37}},"221":{"start":{"line":557,"column":31},"end":{"line":557,"column":92}},"222":{"start":{"line":560,"column":4},"end":{"line":562,"column":5}},"223":{"start":{"line":561,"column":6},"end":{"line":561,"column":49}},"224":{"start":{"line":564,"column":4},"end":{"line":564,"column":34}},"225":{"start":{"line":566,"column":4},"end":{"line":566,"column":16}},"226":{"start":{"line":587,"column":19},"end":{"line":602,"column":1}},"227":{"start":{"line":588,"column":2},"end":{"line":601,"column":3}},"228":{"start":{"line":589,"column":20},"end":{"line":589,"column":63}},"229":{"start":{"line":591,"column":4},"end":{"line":595,"column":5}},"230":{"start":{"line":592,"column":6},"end":{"line":592,"column":41}},"231":{"start":{"line":597,"column":4},"end":{"line":597,"column":52}},"232":{"start":{"line":600,"column":4},"end":{"line":600,"column":16}},"233":{"start":{"line":604,"column":0},"end":{"line":604,"column":238}}},"fnMap":{"0":{"name":"(anonymous_0)","decl":{"start":{"line":18,"column":20},"end":{"line":18,"column":21}},"loc":{"start":{"line":18,"column":30},"end":{"line":24,"column":1}},"line":18},"1":{"name":"(anonymous_1)","decl":{"start":{"line":27,"column":27},"end":{"line":27,"column":28}},"loc":{"start":{"line":27,"column":43},"end":{"line":75,"column":1}},"line":27},"2":{"name":"(anonymous_2)","decl":{"start":{"line":77,"column":28},"end":{"line":77,"column":29}},"loc":{"start":{"line":77,"column":44},"end":{"line":129,"column":1}},"line":77},"3":{"name":"(anonymous_3)","decl":{"start":{"line":133,"column":28},"end":{"line":133,"column":29}},"loc":{"start":{"line":133,"column":82},"end":{"line":190,"column":1}},"line":133},"4":{"name":"(anonymous_4)","decl":{"start":{"line":195,"column":23},"end":{"line":195,"column":24}},"loc":{"start":{"line":195,"column":39},"end":{"line":231,"column":1}},"line":195},"5":{"name":"(anonymous_5)","decl":{"start":{"line":234,"column":29},"end":{"line":234,"column":30}},"loc":{"start":{"line":234,"column":45},"end":{"line":303,"column":1}},"line":234},"6":{"name":"(anonymous_6)","decl":{"start":{"line":306,"column":24},"end":{"line":306,"column":25}},"loc":{"start":{"line":306,"column":40},"end":{"line":338,"column":1}},"line":306},"7":{"name":"(anonymous_7)","decl":{"start":{"line":341,"column":24},"end":{"line":341,"column":25}},"loc":{"start":{"line":341,"column":40},"end":{"line":407,"column":1}},"line":341},"8":{"name":"(anonymous_8)","decl":{"start":{"line":410,"column":25},"end":{"line":410,"column":26}},"loc":{"start":{"line":410,"column":41},"end":{"line":473,"column":1}},"line":410},"9":{"name":"(anonymous_9)","decl":{"start":{"line":476,"column":22},"end":{"line":476,"column":23}},"loc":{"start":{"line":476,"column":38},"end":{"line":512,"column":1}},"line":476},"10":{"name":"(anonymous_10)","decl":{"start":{"line":517,"column":20},"end":{"line":517,"column":21}},"loc":{"start":{"line":517,"column":36},"end":{"line":537,"column":1}},"line":517},"11":{"name":"(anonymous_11)","decl":{"start":{"line":540,"column":20},"end":{"line":540,"column":21}},"loc":{"start":{"line":540,"column":36},"end":{"line":568,"column":1}},"line":540},"12":{"name":"(anonymous_12)","decl":{"start":{"line":587,"column":19},"end":{"line":587,"column":20}},"loc":{"start":{"line":587,"column":39},"end":{"line":602,"column":1}},"line":587}},"branchMap":{"0":{"loc":{"start":{"line":34,"column":4},"end":{"line":36,"column":5}},"type":"if","locations":[{"start":{"line":34,"column":4},"end":{"line":36,"column":5}},{"start":{},"end":{}}],"line":34},"1":{"loc":{"start":{"line":39,"column":4},"end":{"line":41,"column":5}},"type":"if","locations":[{"start":{"line":39,"column":4},"end":{"line":41,"column":5}},{"start":{},"end":{}}],"line":39},"2":{"loc":{"start":{"line":39,"column":8},"end":{"line":39,"column":36}},"type":"binary-expr","locations":[{"start":{"line":39,"column":8},"end":{"line":39,"column":17}},{"start":{"line":39,"column":21},"end":{"line":39,"column":26}},{"start":{"line":39,"column":30},"end":{"line":39,"column":36}}],"line":39},"3":{"loc":{"start":{"line":46,"column":4},"end":{"line":48,"column":5}},"type":"if","locations":[{"start":{"line":46,"column":4},"end":{"line":48,"column":5}},{"start":{},"end":{}}],"line":46},"4":{"loc":{"start":{"line":50,"column":4},"end":{"line":52,"column":5}},"type":"if","locations":[{"start":{"line":50,"column":4},"end":{"line":52,"column":5}},{"start":{},"end":{}}],"line":50},"5":{"loc":{"start":{"line":54,"column":4},"end":{"line":70,"column":5}},"type":"if","locations":[{"start":{"line":54,"column":4},"end":{"line":70,"column":5}},{"start":{"line":67,"column":9},"end":{"line":70,"column":5}}],"line":54},"6":{"loc":{"start":{"line":54,"column":8},"end":{"line":54,"column":56}},"type":"binary-expr","locations":[{"start":{"line":54,"column":8},"end":{"line":54,"column":24}},{"start":{"line":54,"column":28},"end":{"line":54,"column":56}}],"line":54},"7":{"loc":{"start":{"line":84,"column":4},"end":{"line":86,"column":5}},"type":"if","locations":[{"start":{"line":84,"column":4},"end":{"line":86,"column":5}},{"start":{},"end":{}}],"line":84},"8":{"loc":{"start":{"line":89,"column":4},"end":{"line":91,"column":5}},"type":"if","locations":[{"start":{"line":89,"column":4},"end":{"line":91,"column":5}},{"start":{},"end":{}}],"line":89},"9":{"loc":{"start":{"line":89,"column":8},"end":{"line":89,"column":36}},"type":"binary-expr","locations":[{"start":{"line":89,"column":8},"end":{"line":89,"column":17}},{"start":{"line":89,"column":21},"end":{"line":89,"column":26}},{"start":{"line":89,"column":30},"end":{"line":89,"column":36}}],"line":89},"10":{"loc":{"start":{"line":93,"column":4},"end":{"line":123,"column":5}},"type":"if","locations":[{"start":{"line":93,"column":4},"end":{"line":123,"column":5}},{"start":{"line":121,"column":9},"end":{"line":123,"column":5}}],"line":93},"11":{"loc":{"start":{"line":93,"column":8},"end":{"line":93,"column":54}},"type":"binary-expr","locations":[{"start":{"line":93,"column":8},"end":{"line":93,"column":23}},{"start":{"line":93,"column":27},"end":{"line":93,"column":54}}],"line":93},"12":{"loc":{"start":{"line":101,"column":6},"end":{"line":103,"column":7}},"type":"if","locations":[{"start":{"line":101,"column":6},"end":{"line":103,"column":7}},{"start":{},"end":{}}],"line":101},"13":{"loc":{"start":{"line":105,"column":6},"end":{"line":107,"column":7}},"type":"if","locations":[{"start":{"line":105,"column":6},"end":{"line":107,"column":7}},{"start":{},"end":{}}],"line":105},"14":{"loc":{"start":{"line":133,"column":62},"end":{"line":133,"column":75}},"type":"default-arg","locations":[{"start":{"line":133,"column":73},"end":{"line":133,"column":75}}],"line":133},"15":{"loc":{"start":{"line":137,"column":4},"end":{"line":139,"column":5}},"type":"if","locations":[{"start":{"line":137,"column":4},"end":{"line":139,"column":5}},{"start":{},"end":{}}],"line":137},"16":{"loc":{"start":{"line":137,"column":10},"end":{"line":137,"column":37}},"type":"binary-expr","locations":[{"start":{"line":137,"column":10},"end":{"line":137,"column":15}},{"start":{"line":137,"column":19},"end":{"line":137,"column":26}},{"start":{"line":137,"column":30},"end":{"line":137,"column":37}}],"line":137},"17":{"loc":{"start":{"line":144,"column":4},"end":{"line":146,"column":5}},"type":"if","locations":[{"start":{"line":144,"column":4},"end":{"line":146,"column":5}},{"start":{},"end":{}}],"line":144},"18":{"loc":{"start":{"line":167,"column":4},"end":{"line":184,"column":5}},"type":"if","locations":[{"start":{"line":167,"column":4},"end":{"line":184,"column":5}},{"start":{"line":173,"column":11},"end":{"line":184,"column":5}}],"line":167},"19":{"loc":{"start":{"line":202,"column":4},"end":{"line":204,"column":5}},"type":"if","locations":[{"start":{"line":202,"column":4},"end":{"line":204,"column":5}},{"start":{},"end":{}}],"line":202},"20":{"loc":{"start":{"line":209,"column":4},"end":{"line":212,"column":5}},"type":"if","locations":[{"start":{"line":209,"column":4},"end":{"line":212,"column":5}},{"start":{},"end":{}}],"line":209},"21":{"loc":{"start":{"line":250,"column":4},"end":{"line":299,"column":5}},"type":"if","locations":[{"start":{"line":250,"column":4},"end":{"line":299,"column":5}},{"start":{"line":252,"column":11},"end":{"line":299,"column":5}}],"line":250},"22":{"loc":{"start":{"line":255,"column":6},"end":{"line":257,"column":7}},"type":"if","locations":[{"start":{"line":255,"column":6},"end":{"line":257,"column":7}},{"start":{},"end":{}}],"line":255},"23":{"loc":{"start":{"line":255,"column":10},"end":{"line":255,"column":84}},"type":"binary-expr","locations":[{"start":{"line":255,"column":10},"end":{"line":255,"column":22}},{"start":{"line":255,"column":26},"end":{"line":255,"column":32}},{"start":{"line":255,"column":36},"end":{"line":255,"column":41}},{"start":{"line":255,"column":45},"end":{"line":255,"column":49}},{"start":{"line":255,"column":53},"end":{"line":255,"column":61}},{"start":{"line":255,"column":65},"end":{"line":255,"column":71}},{"start":{"line":255,"column":75},"end":{"line":255,"column":84}}],"line":255},"24":{"loc":{"start":{"line":259,"column":6},"end":{"line":261,"column":7}},"type":"if","locations":[{"start":{"line":259,"column":6},"end":{"line":261,"column":7}},{"start":{},"end":{}}],"line":259},"25":{"loc":{"start":{"line":263,"column":6},"end":{"line":265,"column":7}},"type":"if","locations":[{"start":{"line":263,"column":6},"end":{"line":265,"column":7}},{"start":{},"end":{}}],"line":263},"26":{"loc":{"start":{"line":267,"column":6},"end":{"line":269,"column":7}},"type":"if","locations":[{"start":{"line":267,"column":6},"end":{"line":269,"column":7}},{"start":{},"end":{}}],"line":267},"27":{"loc":{"start":{"line":314,"column":4},"end":{"line":316,"column":5}},"type":"if","locations":[{"start":{"line":314,"column":4},"end":{"line":316,"column":5}},{"start":{},"end":{}}],"line":314},"28":{"loc":{"start":{"line":321,"column":4},"end":{"line":324,"column":5}},"type":"if","locations":[{"start":{"line":321,"column":4},"end":{"line":324,"column":5}},{"start":{},"end":{}}],"line":321},"29":{"loc":{"start":{"line":346,"column":4},"end":{"line":348,"column":5}},"type":"if","locations":[{"start":{"line":346,"column":4},"end":{"line":348,"column":5}},{"start":{},"end":{}}],"line":346},"30":{"loc":{"start":{"line":353,"column":4},"end":{"line":355,"column":5}},"type":"if","locations":[{"start":{"line":353,"column":4},"end":{"line":355,"column":5}},{"start":{},"end":{}}],"line":353},"31":{"loc":{"start":{"line":357,"column":4},"end":{"line":360,"column":5}},"type":"if","locations":[{"start":{"line":357,"column":4},"end":{"line":360,"column":5}},{"start":{},"end":{}}],"line":357},"32":{"loc":{"start":{"line":385,"column":4},"end":{"line":401,"column":5}},"type":"if","locations":[{"start":{"line":385,"column":4},"end":{"line":401,"column":5}},{"start":{"line":391,"column":11},"end":{"line":401,"column":5}}],"line":385},"33":{"loc":{"start":{"line":415,"column":4},"end":{"line":417,"column":5}},"type":"if","locations":[{"start":{"line":415,"column":4},"end":{"line":417,"column":5}},{"start":{},"end":{}}],"line":415},"34":{"loc":{"start":{"line":422,"column":4},"end":{"line":424,"column":5}},"type":"if","locations":[{"start":{"line":422,"column":4},"end":{"line":424,"column":5}},{"start":{},"end":{}}],"line":422},"35":{"loc":{"start":{"line":450,"column":4},"end":{"line":467,"column":5}},"type":"if","locations":[{"start":{"line":450,"column":4},"end":{"line":467,"column":5}},{"start":{"line":456,"column":11},"end":{"line":467,"column":5}}],"line":450},"36":{"loc":{"start":{"line":482,"column":4},"end":{"line":484,"column":5}},"type":"if","locations":[{"start":{"line":482,"column":4},"end":{"line":484,"column":5}},{"start":{},"end":{}}],"line":482},"37":{"loc":{"start":{"line":489,"column":4},"end":{"line":491,"column":5}},"type":"if","locations":[{"start":{"line":489,"column":4},"end":{"line":491,"column":5}},{"start":{},"end":{}}],"line":489},"38":{"loc":{"start":{"line":492,"column":4},"end":{"line":494,"column":5}},"type":"if","locations":[{"start":{"line":492,"column":4},"end":{"line":494,"column":5}},{"start":{},"end":{}}],"line":492},"39":{"loc":{"start":{"line":496,"column":4},"end":{"line":498,"column":5}},"type":"if","locations":[{"start":{"line":496,"column":4},"end":{"line":498,"column":5}},{"start":{},"end":{}}],"line":496},"40":{"loc":{"start":{"line":522,"column":4},"end":{"line":524,"column":5}},"type":"if","locations":[{"start":{"line":522,"column":4},"end":{"line":524,"column":5}},{"start":{},"end":{}}],"line":522},"41":{"loc":{"start":{"line":529,"column":4},"end":{"line":532,"column":5}},"type":"if","locations":[{"start":{"line":529,"column":4},"end":{"line":532,"column":5}},{"start":{},"end":{}}],"line":529},"42":{"loc":{"start":{"line":552,"column":4},"end":{"line":554,"column":5}},"type":"if","locations":[{"start":{"line":552,"column":4},"end":{"line":554,"column":5}},{"start":{},"end":{}}],"line":552},"43":{"loc":{"start":{"line":560,"column":4},"end":{"line":562,"column":5}},"type":"if","locations":[{"start":{"line":560,"column":4},"end":{"line":562,"column":5}},{"start":{},"end":{}}],"line":560},"44":{"loc":{"start":{"line":591,"column":4},"end":{"line":595,"column":5}},"type":"if","locations":[{"start":{"line":591,"column":4},"end":{"line":595,"column":5}},{"start":{},"end":{}}],"line":591}},"s":{"0":1,"1":1,"2":1,"3":1,"4":1,"5":1,"6":1,"7":1,"8":1,"9":1,"10":1,"11":1,"12":2,"13":2,"14":2,"15":1,"16":8,"17":8,"18":8,"19":6,"20":1,"21":5,"22":1,"23":4,"24":4,"25":4,"26":1,"27":3,"28":1,"29":2,"30":1,"31":1,"32":1,"33":1,"34":2,"35":1,"36":6,"37":6,"38":6,"39":6,"40":1,"41":5,"42":1,"43":4,"44":3,"45":3,"46":3,"47":3,"48":1,"49":2,"50":1,"51":1,"52":1,"53":1,"54":1,"55":0,"56":1,"57":8,"58":8,"59":1,"60":7,"61":7,"62":1,"63":6,"64":6,"65":6,"66":6,"67":6,"68":6,"69":1,"70":1,"71":1,"72":1,"73":5,"74":5,"75":6,"76":0,"77":1,"78":4,"79":4,"80":4,"81":4,"82":1,"83":3,"84":3,"85":2,"86":1,"87":1,"88":1,"89":1,"90":1,"91":0,"92":1,"93":6,"94":6,"95":6,"96":6,"97":6,"98":6,"99":6,"100":6,"101":6,"102":6,"103":1,"104":5,"105":1,"106":4,"107":1,"108":3,"109":1,"110":2,"111":1,"112":1,"113":1,"114":1,"115":1,"116":1,"117":1,"118":0,"119":1,"120":4,"121":4,"122":4,"123":4,"124":1,"125":3,"126":3,"127":2,"128":1,"129":1,"130":1,"131":1,"132":1,"133":0,"134":1,"135":6,"136":6,"137":6,"138":1,"139":5,"140":5,"141":1,"142":4,"143":1,"144":3,"145":3,"146":3,"147":3,"148":3,"149":3,"150":3,"151":3,"152":3,"153":1,"154":1,"155":1,"156":1,"157":2,"158":2,"159":3,"160":0,"161":1,"162":5,"163":5,"164":5,"165":1,"166":4,"167":4,"168":1,"169":3,"170":3,"171":3,"172":3,"173":3,"174":3,"175":3,"176":3,"177":3,"178":1,"179":1,"180":1,"181":1,"182":2,"183":2,"184":3,"185":0,"186":1,"187":6,"188":6,"189":6,"190":6,"191":6,"192":1,"193":5,"194":5,"195":1,"196":4,"197":1,"198":3,"199":2,"200":1,"201":1,"202":1,"203":1,"204":0,"205":1,"206":3,"207":3,"208":3,"209":2,"210":1,"211":1,"212":0,"213":1,"214":0,"215":1,"216":2,"217":2,"218":2,"219":2,"220":0,"221":2,"222":2,"223":1,"224":1,"225":0,"226":1,"227":2,"228":2,"229":2,"230":1,"231":1,"232":0,"233":1},"f":{"0":2,"1":8,"2":6,"3":8,"4":4,"5":6,"6":4,"7":6,"8":5,"9":6,"10":3,"11":2,"12":2},"b":{"0":[1,5],"1":[1,4],"2":[5,4,4],"3":[1,3],"4":[1,2],"5":[1,1],"6":[2,1],"7":[1,5],"8":[1,4],"9":[5,4,4],"10":[3,1],"11":[4,3],"12":[1,2],"13":[1,1],"14":[5],"15":[1,7],"16":[8,1,1],"17":[1,6],"18":[1,5],"19":[1,3],"20":[2,1],"21":[1,5],"22":[1,4],"23":[5,4,4,4,4,4,4],"24":[1,3],"25":[1,2],"26":[1,1],"27":[1,3],"28":[2,1],"29":[1,5],"30":[1,4],"31":[1,3],"32":[1,2],"33":[1,4],"34":[1,3],"35":[1,2],"36":[1,5],"37":[1,4],"38":[1,3],"39":[2,1],"40":[2,1],"41":[0,1],"42":[0,2],"43":[1,1],"44":[1,1]},"_coverageSchema":"1a1c01bbd47fc00a2c39e90264f33305004495a9","hash":"0e04f735a947b931af7f18ef91b72eb30a67167c"}
,"C:\\Users\\sanju\\OneDrive\\Desktop\\SEM 2.2\\FWEB\\assignment\\fweb_project with unit testing\\server\\models\\otpModel.js": {"path":"C:\\Users\\sanju\\OneDrive\\Desktop\\SEM 2.2\\FWEB\\assignment\\fweb_project with unit testing\\server\\models\\otpModel.js","statementMap":{"0":{"start":{"line":1,"column":17},"end":{"line":1,"column":36}},"1":{"start":{"line":3,"column":18},"end":{"line":8,"column":2}},"2":{"start":{"line":10,"column":17},"end":{"line":10,"column":49}},"3":{"start":{"line":12,"column":0},"end":{"line":12,"column":26}}},"fnMap":{},"branchMap":{},"s":{"0":1,"1":1,"2":1,"3":1},"f":{},"b":{},"_coverageSchema":"1a1c01bbd47fc00a2c39e90264f33305004495a9","hash":"9ae04c407c62b34e9b10aaa3fdcf7f039e3f0ab7"}
,"C:\\Users\\sanju\\OneDrive\\Desktop\\SEM 2.2\\FWEB\\assignment\\fweb_project with unit testing\\server\\models\\userModel.js": {"path":"C:\\Users\\sanju\\OneDrive\\Desktop\\SEM 2.2\\FWEB\\assignment\\fweb_project with unit testing\\server\\models\\userModel.js","statementMap":{"0":{"start":{"line":1,"column":17},"end":{"line":1,"column":36}},"1":{"start":{"line":3,"column":19},"end":{"line":15,"column":2}},"2":{"start":{"line":17,"column":18},"end":{"line":17,"column":53}},"3":{"start":{"line":19,"column":0},"end":{"line":19,"column":27}}},"fnMap":{},"branchMap":{},"s":{"0":1,"1":1,"2":1,"3":1},"f":{},"b":{},"_coverageSchema":"1a1c01bbd47fc00a2c39e90264f33305004495a9","hash":"f3e65ec845e9b117630d82919a0a2dbd324f423b"}
,"C:\\Users\\sanju\\OneDrive\\Desktop\\SEM 2.2\\FWEB\\assignment\\fweb_project with unit testing\\server\\tests\\testDb.js": {"path":"C:\\Users\\sanju\\OneDrive\\Desktop\\SEM 2.2\\FWEB\\assignment\\fweb_project with unit testing\\server\\tests\\testDb.js","statementMap":{"0":{"start":{"line":1,"column":17},"end":{"line":1,"column":36}},"1":{"start":{"line":2,"column":30},"end":{"line":2,"column":62}},"2":{"start":{"line":4,"column":12},"end":{"line":4,"column":21}},"3":{"start":{"line":6,"column":0},"end":{"line":13,"column":2}},"4":{"start":{"line":7,"column":2},"end":{"line":7,"column":43}},"5":{"start":{"line":8,"column":14},"end":{"line":8,"column":28}},"6":{"start":{"line":10,"column":2},"end":{"line":12,"column":5}},"7":{"start":{"line":15,"column":0},"end":{"line":21,"column":2}},"8":{"start":{"line":16,"column":2},"end":{"line":20,"column":3}},"9":{"start":{"line":17,"column":4},"end":{"line":17,"column":45}},"10":{"start":{"line":18,"column":4},"end":{"line":18,"column":38}},"11":{"start":{"line":19,"column":4},"end":{"line":19,"column":23}},"12":{"start":{"line":23,"column":0},"end":{"line":32,"column":2}},"13":{"start":{"line":24,"column":2},"end":{"line":31,"column":3}},"14":{"start":{"line":25,"column":24},"end":{"line":25,"column":55}},"15":{"start":{"line":27,"column":4},"end":{"line":30,"column":5}},"16":{"start":{"line":28,"column":25},"end":{"line":28,"column":41}},"17":{"start":{"line":29,"column":6},"end":{"line":29,"column":36}}},"fnMap":{"0":{"name":"(anonymous_0)","decl":{"start":{"line":6,"column":23},"end":{"line":6,"column":24}},"loc":{"start":{"line":6,"column":35},"end":{"line":13,"column":1}},"line":6},"1":{"name":"(anonymous_1)","decl":{"start":{"line":15,"column":30},"end":{"line":15,"column":31}},"loc":{"start":{"line":15,"column":42},"end":{"line":21,"column":1}},"line":15},"2":{"name":"(anonymous_2)","decl":{"start":{"line":23,"column":33},"end":{"line":23,"column":34}},"loc":{"start":{"line":23,"column":45},"end":{"line":32,"column":1}},"line":23}},"branchMap":{"0":{"loc":{"start":{"line":16,"column":2},"end":{"line":20,"column":3}},"type":"if","locations":[{"start":{"line":16,"column":2},"end":{"line":20,"column":3}},{"start":{},"end":{}}],"line":16},"1":{"loc":{"start":{"line":24,"column":2},"end":{"line":31,"column":3}},"type":"if","locations":[{"start":{"line":24,"column":2},"end":{"line":31,"column":3}},{"start":{},"end":{}}],"line":24}},"s":{"0":1,"1":1,"2":1,"3":1,"4":1,"5":1,"6":1,"7":1,"8":1,"9":1,"10":1,"11":1,"12":1,"13":58,"14":58,"15":58,"16":116,"17":116},"f":{"0":1,"1":1,"2":58},"b":{"0":[1,0],"1":[58,0]},"_coverageSchema":"1a1c01bbd47fc00a2c39e90264f33305004495a9","hash":"3de84d4a2a0a67f02ff30868f6ec61997b6855bc"}
,"C:\\Users\\sanju\\OneDrive\\Desktop\\SEM 2.2\\FWEB\\assignment\\fweb_project with unit testing\\server\\utils\\hashData.js": {"path":"C:\\Users\\sanju\\OneDrive\\Desktop\\SEM 2.2\\FWEB\\assignment\\fweb_project with unit testing\\server\\utils\\hashData.js","statementMap":{"0":{"start":{"line":1,"column":15},"end":{"line":1,"column":32}},"1":{"start":{"line":4,"column":17},"end":{"line":11,"column":1}},"2":{"start":{"line":5,"column":2},"end":{"line":10,"column":3}},"3":{"start":{"line":6,"column":23},"end":{"line":6,"column":58}},"4":{"start":{"line":7,"column":4},"end":{"line":7,"column":22}},"5":{"start":{"line":9,"column":4},"end":{"line":9,"column":16}},"6":{"start":{"line":14,"column":25},"end":{"line":23,"column":1}},"7":{"start":{"line":15,"column":2},"end":{"line":22,"column":3}},"8":{"start":{"line":16,"column":18},"end":{"line":16,"column":56}},"9":{"start":{"line":19,"column":4},"end":{"line":19,"column":17}},"10":{"start":{"line":21,"column":4},"end":{"line":21,"column":16}},"11":{"start":{"line":25,"column":0},"end":{"line":25,"column":48}}},"fnMap":{"0":{"name":"(anonymous_0)","decl":{"start":{"line":4,"column":17},"end":{"line":4,"column":18}},"loc":{"start":{"line":4,"column":50},"end":{"line":11,"column":1}},"line":4},"1":{"name":"(anonymous_1)","decl":{"start":{"line":14,"column":25},"end":{"line":14,"column":26}},"loc":{"start":{"line":14,"column":53},"end":{"line":23,"column":1}},"line":14}},"branchMap":{"0":{"loc":{"start":{"line":4,"column":30},"end":{"line":4,"column":45}},"type":"default-arg","locations":[{"start":{"line":4,"column":43},"end":{"line":4,"column":45}}],"line":4}},"s":{"0":1,"1":1,"2":69,"3":69,"4":69,"5":0,"6":1,"7":13,"8":13,"9":13,"10":0,"11":1},"f":{"0":69,"1":13},"b":{"0":[69]},"_coverageSchema":"1a1c01bbd47fc00a2c39e90264f33305004495a9","hash":"da8fc48fd611e8cfe89d2c457dd023169325a483"}
,"C:\\Users\\sanju\\OneDrive\\Desktop\\SEM 2.2\\FWEB\\assignment\\fweb_project with unit testing\\server\\utils\\otpUtils.js": {"path":"C:\\Users\\sanju\\OneDrive\\Desktop\\SEM 2.2\\FWEB\\assignment\\fweb_project with unit testing\\server\\utils\\otpUtils.js","statementMap":{"0":{"start":{"line":1,"column":29},"end":{"line":1,"column":60}},"1":{"start":{"line":2,"column":12},"end":{"line":2,"column":44}},"2":{"start":{"line":6,"column":20},"end":{"line":13,"column":1}},"3":{"start":{"line":7,"column":2},"end":{"line":12,"column":3}},"4":{"start":{"line":8,"column":16},"end":{"line":8,"column":60}},"5":{"start":{"line":9,"column":4},"end":{"line":9,"column":15}},"6":{"start":{"line":11,"column":4},"end":{"line":11,"column":16}},"7":{"start":{"line":16,"column":18},"end":{"line":66,"column":1}},"8":{"start":{"line":17,"column":2},"end":{"line":65,"column":3}},"9":{"start":{"line":19,"column":4},"end":{"line":21,"column":5}},"10":{"start":{"line":20,"column":6},"end":{"line":20,"column":49}},"11":{"start":{"line":23,"column":4},"end":{"line":25,"column":5}},"12":{"start":{"line":24,"column":6},"end":{"line":24,"column":47}},"13":{"start":{"line":28,"column":29},"end":{"line":30,"column":6}},"14":{"start":{"line":32,"column":4},"end":{"line":34,"column":5}},"15":{"start":{"line":33,"column":6},"end":{"line":33,"column":47}},"16":{"start":{"line":37,"column":26},"end":{"line":37,"column":42}},"17":{"start":{"line":39,"column":36},"end":{"line":39,"column":89}},"18":{"start":{"line":43,"column":4},"end":{"line":61,"column":5}},"19":{"start":{"line":45,"column":6},"end":{"line":45,"column":37}},"20":{"start":{"line":46,"column":6},"end":{"line":46,"column":66}},"21":{"start":{"line":49,"column":24},"end":{"line":49,"column":44}},"22":{"start":{"line":50,"column":23},"end":{"line":50,"column":61}},"23":{"start":{"line":53,"column":6},"end":{"line":60,"column":7}},"24":{"start":{"line":54,"column":8},"end":{"line":54,"column":39}},"25":{"start":{"line":56,"column":8},"end":{"line":56,"column":31}},"26":{"start":{"line":59,"column":8},"end":{"line":59,"column":54}},"27":{"start":{"line":63,"column":4},"end":{"line":63,"column":49}},"28":{"start":{"line":64,"column":4},"end":{"line":64,"column":16}},"29":{"start":{"line":69,"column":31},"end":{"line":119,"column":1}},"30":{"start":{"line":70,"column":2},"end":{"line":118,"column":3}},"31":{"start":{"line":72,"column":4},"end":{"line":74,"column":5}},"32":{"start":{"line":73,"column":6},"end":{"line":73,"column":49}},"33":{"start":{"line":76,"column":4},"end":{"line":78,"column":5}},"34":{"start":{"line":77,"column":6},"end":{"line":77,"column":47}},"35":{"start":{"line":81,"column":29},"end":{"line":83,"column":6}},"36":{"start":{"line":85,"column":4},"end":{"line":87,"column":5}},"37":{"start":{"line":86,"column":6},"end":{"line":86,"column":47}},"38":{"start":{"line":90,"column":26},"end":{"line":90,"column":42}},"39":{"start":{"line":92,"column":36},"end":{"line":92,"column":89}},"40":{"start":{"line":93,"column":4},"end":{"line":93,"column":41}},"41":{"start":{"line":96,"column":4},"end":{"line":114,"column":5}},"42":{"start":{"line":98,"column":6},"end":{"line":98,"column":37}},"43":{"start":{"line":99,"column":6},"end":{"line":99,"column":66}},"44":{"start":{"line":102,"column":24},"end":{"line":102,"column":44}},"45":{"start":{"line":103,"column":23},"end":{"line":103,"column":61}},"46":{"start":{"line":106,"column":6},"end":{"line":113,"column":7}},"47":{"start":{"line":108,"column":8},"end":{"line":108,"column":36}},"48":{"start":{"line":109,"column":8},"end":{"line":109,"column":31}},"49":{"start":{"line":111,"column":8},"end":{"line":111,"column":47}},"50":{"start":{"line":112,"column":8},"end":{"line":112,"column":54}},"51":{"start":{"line":116,"column":4},"end":{"line":116,"column":49}},"52":{"start":{"line":117,"column":4},"end":{"line":117,"column":16}},"53":{"start":{"line":121,"column":0},"end":{"line":121,"column":68}}},"fnMap":{"0":{"name":"(anonymous_0)","decl":{"start":{"line":6,"column":20},"end":{"line":6,"column":21}},"loc":{"start":{"line":6,"column":32},"end":{"line":13,"column":1}},"line":6},"1":{"name":"(anonymous_1)","decl":{"start":{"line":16,"column":18},"end":{"line":16,"column":19}},"loc":{"start":{"line":16,"column":44},"end":{"line":66,"column":1}},"line":16},"2":{"name":"(anonymous_2)","decl":{"start":{"line":69,"column":31},"end":{"line":69,"column":32}},"loc":{"start":{"line":69,"column":57},"end":{"line":119,"column":1}},"line":69}},"branchMap":{"0":{"loc":{"start":{"line":19,"column":4},"end":{"line":21,"column":5}},"type":"if","locations":[{"start":{"line":19,"column":4},"end":{"line":21,"column":5}},{"start":{},"end":{}}],"line":19},"1":{"loc":{"start":{"line":23,"column":4},"end":{"line":25,"column":5}},"type":"if","locations":[{"start":{"line":23,"column":4},"end":{"line":25,"column":5}},{"start":{},"end":{}}],"line":23},"2":{"loc":{"start":{"line":32,"column":4},"end":{"line":34,"column":5}},"type":"if","locations":[{"start":{"line":32,"column":4},"end":{"line":34,"column":5}},{"start":{},"end":{}}],"line":32},"3":{"loc":{"start":{"line":43,"column":4},"end":{"line":61,"column":5}},"type":"if","locations":[{"start":{"line":43,"column":4},"end":{"line":61,"column":5}},{"start":{"line":47,"column":11},"end":{"line":61,"column":5}}],"line":43},"4":{"loc":{"start":{"line":43,"column":8},"end":{"line":43,"column":67}},"type":"binary-expr","locations":[{"start":{"line":43,"column":8},"end":{"line":43,"column":35}},{"start":{"line":43,"column":39},"end":{"line":43,"column":67}}],"line":43},"5":{"loc":{"start":{"line":53,"column":6},"end":{"line":60,"column":7}},"type":"if","locations":[{"start":{"line":53,"column":6},"end":{"line":60,"column":7}},{"start":{"line":57,"column":13},"end":{"line":60,"column":7}}],"line":53},"6":{"loc":{"start":{"line":72,"column":4},"end":{"line":74,"column":5}},"type":"if","locations":[{"start":{"line":72,"column":4},"end":{"line":74,"column":5}},{"start":{},"end":{}}],"line":72},"7":{"loc":{"start":{"line":76,"column":4},"end":{"line":78,"column":5}},"type":"if","locations":[{"start":{"line":76,"column":4},"end":{"line":78,"column":5}},{"start":{},"end":{}}],"line":76},"8":{"loc":{"start":{"line":85,"column":4},"end":{"line":87,"column":5}},"type":"if","locations":[{"start":{"line":85,"column":4},"end":{"line":87,"column":5}},{"start":{},"end":{}}],"line":85},"9":{"loc":{"start":{"line":96,"column":4},"end":{"line":114,"column":5}},"type":"if","locations":[{"start":{"line":96,"column":4},"end":{"line":114,"column":5}},{"start":{"line":100,"column":11},"end":{"line":114,"column":5}}],"line":96},"10":{"loc":{"start":{"line":96,"column":8},"end":{"line":96,"column":67}},"type":"binary-expr","locations":[{"start":{"line":96,"column":8},"end":{"line":96,"column":35}},{"start":{"line":96,"column":39},"end":{"line":96,"column":67}}],"line":96},"11":{"loc":{"start":{"line":106,"column":6},"end":{"line":113,"column":7}},"type":"if","locations":[{"start":{"line":106,"column":6},"end":{"line":113,"column":7}},{"start":{"line":110,"column":13},"end":{"line":113,"column":7}}],"line":106}},"s":{"0":1,"1":1,"2":1,"3":24,"4":24,"5":24,"6":0,"7":1,"8":6,"9":6,"10":0,"11":6,"12":0,"13":6,"14":6,"15":0,"16":6,"17":6,"18":6,"19":2,"20":2,"21":4,"22":4,"23":4,"24":2,"25":2,"26":2,"27":0,"28":0,"29":1,"30":5,"31":5,"32":0,"33":5,"34":0,"35":5,"36":5,"37":2,"38":3,"39":3,"40":3,"41":3,"42":1,"43":1,"44":2,"45":2,"46":2,"47":1,"48":1,"49":1,"50":1,"51":0,"52":0,"53":1},"f":{"0":24,"1":6,"2":5},"b":{"0":[0,6],"1":[0,6],"2":[0,6],"3":[2,4],"4":[6,4],"5":[2,2],"6":[0,5],"7":[0,5],"8":[2,3],"9":[1,2],"10":[3,2],"11":[1,1]},"_coverageSchema":"1a1c01bbd47fc00a2c39e90264f33305004495a9","hash":"d70d049db6694856bd29f209f344d3bb1e179244"}
}
