{"C:\\Users\\sanju\\OneDrive\\Desktop\\SEM 2.2\\FWEB\\assignment\\fweb_project with unit testing\\server\\controller\\userController.js": {"path":"C:\\Users\\sanju\\OneDrive\\Desktop\\SEM 2.2\\FWEB\\assignment\\fweb_project with unit testing\\server\\controller\\userController.js","statementMap":{"0":{"start":{"line":1,"column":13},"end":{"line":1,"column":46}},"1":{"start":{"line":2,"column":12},"end":{"line":2,"column":44}},"2":{"start":{"line":3,"column":39},"end":{"line":3,"column":70}},"3":{"start":{"line":4,"column":59},"end":{"line":4,"column":90}},"4":{"start":{"line":5,"column":22},"end":{"line":5,"column":54}},"5":{"start":{"line":6,"column":12},"end":{"line":6,"column":35}},"6":{"start":{"line":7,"column":15},"end":{"line":7,"column":32}},"7":{"start":{"line":8,"column":15},"end":{"line":8,"column":32}},"8":{"start":{"line":11,"column":0},"end":{"line":11,"column":16}},"9":{"start":{"line":12,"column":48},"end":{"line":12,"column":59}},"10":{"start":{"line":17,"column":20},"end":{"line":23,"column":1}},"11":{"start":{"line":18,"column":20},"end":{"line":18,"column":29}},"12":{"start":{"line":21,"column":16},"end":{"line":21,"column":70}},"13":{"start":{"line":22,"column":2},"end":{"line":22,"column":15}},"14":{"start":{"line":26,"column":27},"end":{"line":74,"column":1}},"15":{"start":{"line":27,"column":2},"end":{"line":73,"column":3}},"16":{"start":{"line":28,"column":38},"end":{"line":28,"column":42}},"17":{"start":{"line":31,"column":24},"end":{"line":31,"column":53}},"18":{"start":{"line":33,"column":4},"end":{"line":35,"column":5}},"19":{"start":{"line":34,"column":6},"end":{"line":34,"column":42}},"20":{"start":{"line":38,"column":4},"end":{"line":40,"column":5}},"21":{"start":{"line":39,"column":6},"end":{"line":39,"column":63}},"22":{"start":{"line":42,"column":27},"end":{"line":42,"column":47}},"23":{"start":{"line":43,"column":26},"end":{"line":43,"column":74}},"24":{"start":{"line":45,"column":4},"end":{"line":47,"column":5}},"25":{"start":{"line":46,"column":6},"end":{"line":46,"column":51}},"26":{"start":{"line":49,"column":4},"end":{"line":51,"column":5}},"27":{"start":{"line":50,"column":6},"end":{"line":50,"column":70}},"28":{"start":{"line":53,"column":4},"end":{"line":69,"column":5}},"29":{"start":{"line":55,"column":39},"end":{"line":60,"column":7}},"30":{"start":{"line":62,"column":6},"end":{"line":62,"column":58}},"31":{"start":{"line":64,"column":6},"end":{"line":64,"column":23}},"32":{"start":{"line":67,"column":6},"end":{"line":67,"column":49}},"33":{"start":{"line":72,"column":4},"end":{"line":72,"column":16}},"34":{"start":{"line":76,"column":28},"end":{"line":128,"column":1}},"35":{"start":{"line":77,"column":2},"end":{"line":127,"column":3}},"36":{"start":{"line":78,"column":38},"end":{"line":78,"column":42}},"37":{"start":{"line":81,"column":24},"end":{"line":81,"column":53}},"38":{"start":{"line":83,"column":4},"end":{"line":85,"column":5}},"39":{"start":{"line":84,"column":6},"end":{"line":84,"column":42}},"40":{"start":{"line":88,"column":4},"end":{"line":90,"column":5}},"41":{"start":{"line":89,"column":6},"end":{"line":89,"column":63}},"42":{"start":{"line":92,"column":4},"end":{"line":122,"column":5}},"43":{"start":{"line":94,"column":26},"end":{"line":94,"column":55}},"44":{"start":{"line":97,"column":29},"end":{"line":97,"column":49}},"45":{"start":{"line":98,"column":28},"end":{"line":98,"column":76}},"46":{"start":{"line":100,"column":6},"end":{"line":102,"column":7}},"47":{"start":{"line":101,"column":8},"end":{"line":101,"column":53}},"48":{"start":{"line":104,"column":6},"end":{"line":106,"column":7}},"49":{"start":{"line":105,"column":8},"end":{"line":105,"column":72}},"50":{"start":{"line":109,"column":39},"end":{"line":114,"column":7}},"51":{"start":{"line":116,"column":6},"end":{"line":116,"column":58}},"52":{"start":{"line":118,"column":6},"end":{"line":118,"column":23}},"53":{"start":{"line":121,"column":6},"end":{"line":121,"column":49}},"54":{"start":{"line":126,"column":4},"end":{"line":126,"column":16}},"55":{"start":{"line":132,"column":28},"end":{"line":189,"column":1}},"56":{"start":{"line":133,"column":2},"end":{"line":188,"column":3}},"57":{"start":{"line":136,"column":4},"end":{"line":138,"column":5}},"58":{"start":{"line":137,"column":6},"end":{"line":137,"column":73}},"59":{"start":{"line":141,"column":24},"end":{"line":141,"column":53}},"60":{"start":{"line":143,"column":4},"end":{"line":145,"column":5}},"61":{"start":{"line":144,"column":6},"end":{"line":144,"column":41}},"62":{"start":{"line":148,"column":28},"end":{"line":148,"column":56}},"63":{"start":{"line":151,"column":25},"end":{"line":151,"column":44}},"64":{"start":{"line":154,"column":24},"end":{"line":160,"column":5}},"65":{"start":{"line":161,"column":4},"end":{"line":161,"column":33}},"66":{"start":{"line":164,"column":22},"end":{"line":164,"column":50}},"67":{"start":{"line":166,"column":4},"end":{"line":183,"column":5}},"68":{"start":{"line":168,"column":6},"end":{"line":168,"column":40}},"69":{"start":{"line":169,"column":6},"end":{"line":169,"column":47}},"70":{"start":{"line":170,"column":6},"end":{"line":170,"column":65}},"71":{"start":{"line":171,"column":6},"end":{"line":171,"column":37}},"72":{"start":{"line":174,"column":21},"end":{"line":180,"column":8}},"73":{"start":{"line":182,"column":6},"end":{"line":182,"column":26}},"74":{"start":{"line":185,"column":4},"end":{"line":185,"column":16}},"75":{"start":{"line":187,"column":4},"end":{"line":187,"column":16}},"76":{"start":{"line":194,"column":23},"end":{"line":230,"column":1}},"77":{"start":{"line":195,"column":2},"end":{"line":229,"column":3}},"78":{"start":{"line":196,"column":27},"end":{"line":196,"column":31}},"79":{"start":{"line":199,"column":24},"end":{"line":199,"column":53}},"80":{"start":{"line":201,"column":4},"end":{"line":203,"column":5}},"81":{"start":{"line":202,"column":6},"end":{"line":202,"column":41}},"82":{"start":{"line":206,"column":22},"end":{"line":206,"column":53}},"83":{"start":{"line":208,"column":4},"end":{"line":211,"column":5}},"84":{"start":{"line":210,"column":6},"end":{"line":210,"column":40}},"85":{"start":{"line":214,"column":4},"end":{"line":214,"column":38}},"86":{"start":{"line":215,"column":4},"end":{"line":215,"column":29}},"87":{"start":{"line":219,"column":22},"end":{"line":223,"column":5}},"88":{"start":{"line":224,"column":18},"end":{"line":224,"column":46}},"89":{"start":{"line":226,"column":4},"end":{"line":226,"column":21}},"90":{"start":{"line":228,"column":4},"end":{"line":228,"column":16}},"91":{"start":{"line":233,"column":29},"end":{"line":284,"column":1}},"92":{"start":{"line":234,"column":2},"end":{"line":283,"column":3}},"93":{"start":{"line":235,"column":78},"end":{"line":235,"column":82}},"94":{"start":{"line":238,"column":4},"end":{"line":238,"column":37}},"95":{"start":{"line":239,"column":4},"end":{"line":239,"column":25}},"96":{"start":{"line":240,"column":4},"end":{"line":240,"column":23}},"97":{"start":{"line":241,"column":4},"end":{"line":241,"column":29}},"98":{"start":{"line":242,"column":4},"end":{"line":242,"column":25}},"99":{"start":{"line":243,"column":4},"end":{"line":243,"column":31}},"100":{"start":{"line":246,"column":25},"end":{"line":246,"column":54}},"101":{"start":{"line":248,"column":4},"end":{"line":279,"column":5}},"102":{"start":{"line":249,"column":6},"end":{"line":249,"column":66}},"103":{"start":{"line":252,"column":29},"end":{"line":252,"column":53}},"104":{"start":{"line":253,"column":22},"end":{"line":262,"column":8}},"105":{"start":{"line":265,"column":26},"end":{"line":265,"column":46}},"106":{"start":{"line":268,"column":40},"end":{"line":273,"column":7}},"107":{"start":{"line":276,"column":6},"end":{"line":276,"column":59}},"108":{"start":{"line":278,"column":6},"end":{"line":278,"column":25}},"109":{"start":{"line":282,"column":4},"end":{"line":282,"column":16}},"110":{"start":{"line":286,"column":24},"end":{"line":318,"column":1}},"111":{"start":{"line":287,"column":2},"end":{"line":317,"column":3}},"112":{"start":{"line":288,"column":27},"end":{"line":288,"column":31}},"113":{"start":{"line":292,"column":24},"end":{"line":292,"column":53}},"114":{"start":{"line":294,"column":4},"end":{"line":296,"column":5}},"115":{"start":{"line":295,"column":6},"end":{"line":295,"column":41}},"116":{"start":{"line":299,"column":22},"end":{"line":299,"column":53}},"117":{"start":{"line":301,"column":4},"end":{"line":304,"column":5}},"118":{"start":{"line":303,"column":6},"end":{"line":303,"column":40}},"119":{"start":{"line":306,"column":4},"end":{"line":306,"column":32}},"120":{"start":{"line":307,"column":4},"end":{"line":307,"column":29}},"121":{"start":{"line":310,"column":17},"end":{"line":310,"column":46}},"122":{"start":{"line":312,"column":4},"end":{"line":312,"column":29}},"123":{"start":{"line":313,"column":4},"end":{"line":313,"column":27}},"124":{"start":{"line":316,"column":4},"end":{"line":316,"column":16}},"125":{"start":{"line":321,"column":24},"end":{"line":383,"column":1}},"126":{"start":{"line":322,"column":2},"end":{"line":382,"column":3}},"127":{"start":{"line":323,"column":22},"end":{"line":323,"column":26}},"128":{"start":{"line":326,"column":24},"end":{"line":326,"column":53}},"129":{"start":{"line":328,"column":4},"end":{"line":330,"column":5}},"130":{"start":{"line":329,"column":6},"end":{"line":329,"column":41}},"131":{"start":{"line":332,"column":4},"end":{"line":335,"column":5}},"132":{"start":{"line":333,"column":6},"end":{"line":333,"column":64}},"133":{"start":{"line":338,"column":28},"end":{"line":338,"column":56}},"134":{"start":{"line":341,"column":25},"end":{"line":341,"column":44}},"135":{"start":{"line":343,"column":20},"end":{"line":343,"column":44}},"136":{"start":{"line":344,"column":20},"end":{"line":344,"column":49}},"137":{"start":{"line":345,"column":21},"end":{"line":345,"column":23}},"138":{"start":{"line":348,"column":24},"end":{"line":354,"column":5}},"139":{"start":{"line":355,"column":4},"end":{"line":355,"column":33}},"140":{"start":{"line":358,"column":22},"end":{"line":358,"column":50}},"141":{"start":{"line":360,"column":4},"end":{"line":377,"column":5}},"142":{"start":{"line":362,"column":6},"end":{"line":362,"column":40}},"143":{"start":{"line":363,"column":6},"end":{"line":363,"column":47}},"144":{"start":{"line":364,"column":6},"end":{"line":364,"column":65}},"145":{"start":{"line":365,"column":6},"end":{"line":365,"column":37}},"146":{"start":{"line":368,"column":21},"end":{"line":374,"column":8}},"147":{"start":{"line":376,"column":6},"end":{"line":376,"column":26}},"148":{"start":{"line":379,"column":4},"end":{"line":379,"column":37}},"149":{"start":{"line":381,"column":4},"end":{"line":381,"column":16}},"150":{"start":{"line":386,"column":25},"end":{"line":444,"column":1}},"151":{"start":{"line":387,"column":2},"end":{"line":443,"column":3}},"152":{"start":{"line":388,"column":22},"end":{"line":388,"column":26}},"153":{"start":{"line":391,"column":24},"end":{"line":391,"column":53}},"154":{"start":{"line":393,"column":4},"end":{"line":395,"column":5}},"155":{"start":{"line":394,"column":6},"end":{"line":394,"column":41}},"156":{"start":{"line":399,"column":28},"end":{"line":399,"column":56}},"157":{"start":{"line":402,"column":25},"end":{"line":402,"column":44}},"158":{"start":{"line":404,"column":20},"end":{"line":404,"column":44}},"159":{"start":{"line":405,"column":20},"end":{"line":405,"column":49}},"160":{"start":{"line":406,"column":21},"end":{"line":406,"column":23}},"161":{"start":{"line":409,"column":24},"end":{"line":415,"column":5}},"162":{"start":{"line":416,"column":4},"end":{"line":416,"column":33}},"163":{"start":{"line":419,"column":22},"end":{"line":419,"column":50}},"164":{"start":{"line":421,"column":4},"end":{"line":438,"column":5}},"165":{"start":{"line":423,"column":6},"end":{"line":423,"column":40}},"166":{"start":{"line":424,"column":6},"end":{"line":424,"column":47}},"167":{"start":{"line":425,"column":6},"end":{"line":425,"column":65}},"168":{"start":{"line":426,"column":6},"end":{"line":426,"column":37}},"169":{"start":{"line":429,"column":21},"end":{"line":435,"column":8}},"170":{"start":{"line":437,"column":6},"end":{"line":437,"column":26}},"171":{"start":{"line":440,"column":4},"end":{"line":440,"column":37}},"172":{"start":{"line":442,"column":4},"end":{"line":442,"column":16}},"173":{"start":{"line":447,"column":22},"end":{"line":483,"column":1}},"174":{"start":{"line":448,"column":2},"end":{"line":482,"column":3}},"175":{"start":{"line":449,"column":37},"end":{"line":449,"column":41}},"176":{"start":{"line":450,"column":4},"end":{"line":450,"column":33}},"177":{"start":{"line":451,"column":24},"end":{"line":451,"column":53}},"178":{"start":{"line":453,"column":4},"end":{"line":455,"column":5}},"179":{"start":{"line":454,"column":6},"end":{"line":454,"column":43}},"180":{"start":{"line":458,"column":22},"end":{"line":458,"column":66}},"181":{"start":{"line":460,"column":4},"end":{"line":462,"column":5}},"182":{"start":{"line":461,"column":6},"end":{"line":461,"column":65}},"183":{"start":{"line":463,"column":4},"end":{"line":465,"column":5}},"184":{"start":{"line":464,"column":6},"end":{"line":464,"column":75}},"185":{"start":{"line":467,"column":4},"end":{"line":469,"column":5}},"186":{"start":{"line":468,"column":6},"end":{"line":468,"column":40}},"187":{"start":{"line":472,"column":30},"end":{"line":472,"column":54}},"188":{"start":{"line":475,"column":4},"end":{"line":475,"column":69}},"189":{"start":{"line":477,"column":4},"end":{"line":477,"column":35}},"190":{"start":{"line":479,"column":4},"end":{"line":479,"column":56}},"191":{"start":{"line":481,"column":4},"end":{"line":481,"column":16}},"192":{"start":{"line":488,"column":20},"end":{"line":502,"column":1}},"193":{"start":{"line":489,"column":2},"end":{"line":501,"column":3}},"194":{"start":{"line":490,"column":17},"end":{"line":490,"column":21}},"195":{"start":{"line":492,"column":24},"end":{"line":492,"column":47}},"196":{"start":{"line":494,"column":4},"end":{"line":497,"column":5}},"197":{"start":{"line":495,"column":6},"end":{"line":495,"column":49}},"198":{"start":{"line":498,"column":4},"end":{"line":498,"column":27}},"199":{"start":{"line":500,"column":4},"end":{"line":500,"column":16}},"200":{"start":{"line":505,"column":20},"end":{"line":529,"column":1}},"201":{"start":{"line":506,"column":2},"end":{"line":528,"column":3}},"202":{"start":{"line":507,"column":69},"end":{"line":507,"column":73}},"203":{"start":{"line":510,"column":17},"end":{"line":510,"column":56}},"204":{"start":{"line":513,"column":4},"end":{"line":515,"column":5}},"205":{"start":{"line":514,"column":6},"end":{"line":514,"column":37}},"206":{"start":{"line":518,"column":31},"end":{"line":518,"column":84}},"207":{"start":{"line":521,"column":4},"end":{"line":523,"column":5}},"208":{"start":{"line":522,"column":6},"end":{"line":522,"column":49}},"209":{"start":{"line":525,"column":4},"end":{"line":525,"column":34}},"210":{"start":{"line":527,"column":4},"end":{"line":527,"column":16}},"211":{"start":{"line":532,"column":19},"end":{"line":545,"column":1}},"212":{"start":{"line":533,"column":2},"end":{"line":544,"column":3}},"213":{"start":{"line":534,"column":20},"end":{"line":534,"column":78}},"214":{"start":{"line":536,"column":4},"end":{"line":538,"column":5}},"215":{"start":{"line":537,"column":6},"end":{"line":537,"column":41}},"216":{"start":{"line":540,"column":4},"end":{"line":540,"column":55}},"217":{"start":{"line":541,"column":4},"end":{"line":541,"column":19}},"218":{"start":{"line":543,"column":4},"end":{"line":543,"column":51}},"219":{"start":{"line":547,"column":0},"end":{"line":547,"column":238}}},"fnMap":{"0":{"name":"(anonymous_0)","decl":{"start":{"line":17,"column":20},"end":{"line":17,"column":21}},"loc":{"start":{"line":17,"column":30},"end":{"line":23,"column":1}},"line":17},"1":{"name":"(anonymous_1)","decl":{"start":{"line":26,"column":27},"end":{"line":26,"column":28}},"loc":{"start":{"line":26,"column":43},"end":{"line":74,"column":1}},"line":26},"2":{"name":"(anonymous_2)","decl":{"start":{"line":76,"column":28},"end":{"line":76,"column":29}},"loc":{"start":{"line":76,"column":44},"end":{"line":128,"column":1}},"line":76},"3":{"name":"(anonymous_3)","decl":{"start":{"line":132,"column":28},"end":{"line":132,"column":29}},"loc":{"start":{"line":132,"column":82},"end":{"line":189,"column":1}},"line":132},"4":{"name":"(anonymous_4)","decl":{"start":{"line":194,"column":23},"end":{"line":194,"column":24}},"loc":{"start":{"line":194,"column":39},"end":{"line":230,"column":1}},"line":194},"5":{"name":"(anonymous_5)","decl":{"start":{"line":233,"column":29},"end":{"line":233,"column":30}},"loc":{"start":{"line":233,"column":45},"end":{"line":284,"column":1}},"line":233},"6":{"name":"(anonymous_6)","decl":{"start":{"line":286,"column":24},"end":{"line":286,"column":25}},"loc":{"start":{"line":286,"column":40},"end":{"line":318,"column":1}},"line":286},"7":{"name":"(anonymous_7)","decl":{"start":{"line":321,"column":24},"end":{"line":321,"column":25}},"loc":{"start":{"line":321,"column":40},"end":{"line":383,"column":1}},"line":321},"8":{"name":"(anonymous_8)","decl":{"start":{"line":386,"column":25},"end":{"line":386,"column":26}},"loc":{"start":{"line":386,"column":41},"end":{"line":444,"column":1}},"line":386},"9":{"name":"(anonymous_9)","decl":{"start":{"line":447,"column":22},"end":{"line":447,"column":23}},"loc":{"start":{"line":447,"column":38},"end":{"line":483,"column":1}},"line":447},"10":{"name":"(anonymous_10)","decl":{"start":{"line":488,"column":20},"end":{"line":488,"column":21}},"loc":{"start":{"line":488,"column":36},"end":{"line":502,"column":1}},"line":488},"11":{"name":"(anonymous_11)","decl":{"start":{"line":505,"column":20},"end":{"line":505,"column":21}},"loc":{"start":{"line":505,"column":36},"end":{"line":529,"column":1}},"line":505},"12":{"name":"(anonymous_12)","decl":{"start":{"line":532,"column":19},"end":{"line":532,"column":20}},"loc":{"start":{"line":532,"column":39},"end":{"line":545,"column":1}},"line":532}},"branchMap":{"0":{"loc":{"start":{"line":33,"column":4},"end":{"line":35,"column":5}},"type":"if","locations":[{"start":{"line":33,"column":4},"end":{"line":35,"column":5}},{"start":{},"end":{}}],"line":33},"1":{"loc":{"start":{"line":38,"column":4},"end":{"line":40,"column":5}},"type":"if","locations":[{"start":{"line":38,"column":4},"end":{"line":40,"column":5}},{"start":{},"end":{}}],"line":38},"2":{"loc":{"start":{"line":38,"column":8},"end":{"line":38,"column":36}},"type":"binary-expr","locations":[{"start":{"line":38,"column":8},"end":{"line":38,"column":17}},{"start":{"line":38,"column":21},"end":{"line":38,"column":26}},{"start":{"line":38,"column":30},"end":{"line":38,"column":36}}],"line":38},"3":{"loc":{"start":{"line":45,"column":4},"end":{"line":47,"column":5}},"type":"if","locations":[{"start":{"line":45,"column":4},"end":{"line":47,"column":5}},{"start":{},"end":{}}],"line":45},"4":{"loc":{"start":{"line":49,"column":4},"end":{"line":51,"column":5}},"type":"if","locations":[{"start":{"line":49,"column":4},"end":{"line":51,"column":5}},{"start":{},"end":{}}],"line":49},"5":{"loc":{"start":{"line":53,"column":4},"end":{"line":69,"column":5}},"type":"if","locations":[{"start":{"line":53,"column":4},"end":{"line":69,"column":5}},{"start":{"line":66,"column":9},"end":{"line":69,"column":5}}],"line":53},"6":{"loc":{"start":{"line":53,"column":8},"end":{"line":53,"column":56}},"type":"binary-expr","locations":[{"start":{"line":53,"column":8},"end":{"line":53,"column":24}},{"start":{"line":53,"column":28},"end":{"line":53,"column":56}}],"line":53},"7":{"loc":{"start":{"line":83,"column":4},"end":{"line":85,"column":5}},"type":"if","locations":[{"start":{"line":83,"column":4},"end":{"line":85,"column":5}},{"start":{},"end":{}}],"line":83},"8":{"loc":{"start":{"line":88,"column":4},"end":{"line":90,"column":5}},"type":"if","locations":[{"start":{"line":88,"column":4},"end":{"line":90,"column":5}},{"start":{},"end":{}}],"line":88},"9":{"loc":{"start":{"line":88,"column":8},"end":{"line":88,"column":36}},"type":"binary-expr","locations":[{"start":{"line":88,"column":8},"end":{"line":88,"column":17}},{"start":{"line":88,"column":21},"end":{"line":88,"column":26}},{"start":{"line":88,"column":30},"end":{"line":88,"column":36}}],"line":88},"10":{"loc":{"start":{"line":92,"column":4},"end":{"line":122,"column":5}},"type":"if","locations":[{"start":{"line":92,"column":4},"end":{"line":122,"column":5}},{"start":{"line":120,"column":9},"end":{"line":122,"column":5}}],"line":92},"11":{"loc":{"start":{"line":92,"column":8},"end":{"line":92,"column":54}},"type":"binary-expr","locations":[{"start":{"line":92,"column":8},"end":{"line":92,"column":23}},{"start":{"line":92,"column":27},"end":{"line":92,"column":54}}],"line":92},"12":{"loc":{"start":{"line":100,"column":6},"end":{"line":102,"column":7}},"type":"if","locations":[{"start":{"line":100,"column":6},"end":{"line":102,"column":7}},{"start":{},"end":{}}],"line":100},"13":{"loc":{"start":{"line":104,"column":6},"end":{"line":106,"column":7}},"type":"if","locations":[{"start":{"line":104,"column":6},"end":{"line":106,"column":7}},{"start":{},"end":{}}],"line":104},"14":{"loc":{"start":{"line":132,"column":62},"end":{"line":132,"column":75}},"type":"default-arg","locations":[{"start":{"line":132,"column":73},"end":{"line":132,"column":75}}],"line":132},"15":{"loc":{"start":{"line":136,"column":4},"end":{"line":138,"column":5}},"type":"if","locations":[{"start":{"line":136,"column":4},"end":{"line":138,"column":5}},{"start":{},"end":{}}],"line":136},"16":{"loc":{"start":{"line":136,"column":10},"end":{"line":136,"column":37}},"type":"binary-expr","locations":[{"start":{"line":136,"column":10},"end":{"line":136,"column":15}},{"start":{"line":136,"column":19},"end":{"line":136,"column":26}},{"start":{"line":136,"column":30},"end":{"line":136,"column":37}}],"line":136},"17":{"loc":{"start":{"line":143,"column":4},"end":{"line":145,"column":5}},"type":"if","locations":[{"start":{"line":143,"column":4},"end":{"line":145,"column":5}},{"start":{},"end":{}}],"line":143},"18":{"loc":{"start":{"line":166,"column":4},"end":{"line":183,"column":5}},"type":"if","locations":[{"start":{"line":166,"column":4},"end":{"line":183,"column":5}},{"start":{"line":172,"column":11},"end":{"line":183,"column":5}}],"line":166},"19":{"loc":{"start":{"line":201,"column":4},"end":{"line":203,"column":5}},"type":"if","locations":[{"start":{"line":201,"column":4},"end":{"line":203,"column":5}},{"start":{},"end":{}}],"line":201},"20":{"loc":{"start":{"line":208,"column":4},"end":{"line":211,"column":5}},"type":"if","locations":[{"start":{"line":208,"column":4},"end":{"line":211,"column":5}},{"start":{},"end":{}}],"line":208},"21":{"loc":{"start":{"line":248,"column":4},"end":{"line":279,"column":5}},"type":"if","locations":[{"start":{"line":248,"column":4},"end":{"line":279,"column":5}},{"start":{"line":250,"column":11},"end":{"line":279,"column":5}}],"line":248},"22":{"loc":{"start":{"line":294,"column":4},"end":{"line":296,"column":5}},"type":"if","locations":[{"start":{"line":294,"column":4},"end":{"line":296,"column":5}},{"start":{},"end":{}}],"line":294},"23":{"loc":{"start":{"line":301,"column":4},"end":{"line":304,"column":5}},"type":"if","locations":[{"start":{"line":301,"column":4},"end":{"line":304,"column":5}},{"start":{},"end":{}}],"line":301},"24":{"loc":{"start":{"line":328,"column":4},"end":{"line":330,"column":5}},"type":"if","locations":[{"start":{"line":328,"column":4},"end":{"line":330,"column":5}},{"start":{},"end":{}}],"line":328},"25":{"loc":{"start":{"line":332,"column":4},"end":{"line":335,"column":5}},"type":"if","locations":[{"start":{"line":332,"column":4},"end":{"line":335,"column":5}},{"start":{},"end":{}}],"line":332},"26":{"loc":{"start":{"line":360,"column":4},"end":{"line":377,"column":5}},"type":"if","locations":[{"start":{"line":360,"column":4},"end":{"line":377,"column":5}},{"start":{"line":366,"column":11},"end":{"line":377,"column":5}}],"line":360},"27":{"loc":{"start":{"line":393,"column":4},"end":{"line":395,"column":5}},"type":"if","locations":[{"start":{"line":393,"column":4},"end":{"line":395,"column":5}},{"start":{},"end":{}}],"line":393},"28":{"loc":{"start":{"line":421,"column":4},"end":{"line":438,"column":5}},"type":"if","locations":[{"start":{"line":421,"column":4},"end":{"line":438,"column":5}},{"start":{"line":427,"column":11},"end":{"line":438,"column":5}}],"line":421},"29":{"loc":{"start":{"line":453,"column":4},"end":{"line":455,"column":5}},"type":"if","locations":[{"start":{"line":453,"column":4},"end":{"line":455,"column":5}},{"start":{},"end":{}}],"line":453},"30":{"loc":{"start":{"line":460,"column":4},"end":{"line":462,"column":5}},"type":"if","locations":[{"start":{"line":460,"column":4},"end":{"line":462,"column":5}},{"start":{},"end":{}}],"line":460},"31":{"loc":{"start":{"line":463,"column":4},"end":{"line":465,"column":5}},"type":"if","locations":[{"start":{"line":463,"column":4},"end":{"line":465,"column":5}},{"start":{},"end":{}}],"line":463},"32":{"loc":{"start":{"line":467,"column":4},"end":{"line":469,"column":5}},"type":"if","locations":[{"start":{"line":467,"column":4},"end":{"line":469,"column":5}},{"start":{},"end":{}}],"line":467},"33":{"loc":{"start":{"line":494,"column":4},"end":{"line":497,"column":5}},"type":"if","locations":[{"start":{"line":494,"column":4},"end":{"line":497,"column":5}},{"start":{},"end":{}}],"line":494},"34":{"loc":{"start":{"line":513,"column":4},"end":{"line":515,"column":5}},"type":"if","locations":[{"start":{"line":513,"column":4},"end":{"line":515,"column":5}},{"start":{},"end":{}}],"line":513},"35":{"loc":{"start":{"line":521,"column":4},"end":{"line":523,"column":5}},"type":"if","locations":[{"start":{"line":521,"column":4},"end":{"line":523,"column":5}},{"start":{},"end":{}}],"line":521},"36":{"loc":{"start":{"line":536,"column":4},"end":{"line":538,"column":5}},"type":"if","locations":[{"start":{"line":536,"column":4},"end":{"line":538,"column":5}},{"start":{},"end":{}}],"line":536}},"s":{"0":1,"1":1,"2":1,"3":1,"4":1,"5":1,"6":1,"7":1,"8":1,"9":1,"10":1,"11":0,"12":0,"13":0,"14":1,"15":8,"16":8,"17":8,"18":6,"19":1,"20":5,"21":1,"22":4,"23":4,"24":4,"25":1,"26":3,"27":1,"28":2,"29":1,"30":1,"31":1,"32":1,"33":2,"34":1,"35":6,"36":6,"37":6,"38":6,"39":1,"40":5,"41":1,"42":4,"43":3,"44":3,"45":3,"46":3,"47":1,"48":2,"49":1,"50":1,"51":1,"52":1,"53":1,"54":0,"55":1,"56":7,"57":7,"58":1,"59":6,"60":6,"61":1,"62":5,"63":5,"64":5,"65":5,"66":5,"67":5,"68":0,"69":0,"70":0,"71":0,"72":5,"73":5,"74":5,"75":0,"76":1,"77":0,"78":0,"79":0,"80":0,"81":0,"82":0,"83":0,"84":0,"85":0,"86":0,"87":0,"88":0,"89":0,"90":0,"91":1,"92":0,"93":0,"94":0,"95":0,"96":0,"97":0,"98":0,"99":0,"100":0,"101":0,"102":0,"103":0,"104":0,"105":0,"106":0,"107":0,"108":0,"109":0,"110":1,"111":0,"112":0,"113":0,"114":0,"115":0,"116":0,"117":0,"118":0,"119":0,"120":0,"121":0,"122":0,"123":0,"124":0,"125":1,"126":0,"127":0,"128":0,"129":0,"130":0,"131":0,"132":0,"133":0,"134":0,"135":0,"136":0,"137":0,"138":0,"139":0,"140":0,"141":0,"142":0,"143":0,"144":0,"145":0,"146":0,"147":0,"148":0,"149":0,"150":1,"151":0,"152":0,"153":0,"154":0,"155":0,"156":0,"157":0,"158":0,"159":0,"160":0,"161":0,"162":0,"163":0,"164":0,"165":0,"166":0,"167":0,"168":0,"169":0,"170":0,"171":0,"172":0,"173":1,"174":0,"175":0,"176":0,"177":0,"178":0,"179":0,"180":0,"181":0,"182":0,"183":0,"184":0,"185":0,"186":0,"187":0,"188":0,"189":0,"190":0,"191":0,"192":1,"193":0,"194":0,"195":0,"196":0,"197":0,"198":0,"199":0,"200":1,"201":0,"202":0,"203":0,"204":0,"205":0,"206":0,"207":0,"208":0,"209":0,"210":0,"211":1,"212":0,"213":0,"214":0,"215":0,"216":0,"217":0,"218":0,"219":1},"f":{"0":0,"1":8,"2":6,"3":7,"4":0,"5":0,"6":0,"7":0,"8":0,"9":0,"10":0,"11":0,"12":0},"b":{"0":[1,5],"1":[1,4],"2":[5,4,4],"3":[1,3],"4":[1,2],"5":[1,1],"6":[2,1],"7":[1,5],"8":[1,4],"9":[5,4,4],"10":[3,1],"11":[4,3],"12":[1,2],"13":[1,1],"14":[5],"15":[1,6],"16":[7,1,1],"17":[1,5],"18":[0,5],"19":[0,0],"20":[0,0],"21":[0,0],"22":[0,0],"23":[0,0],"24":[0,0],"25":[0,0],"26":[0,0],"27":[0,0],"28":[0,0],"29":[0,0],"30":[0,0],"31":[0,0],"32":[0,0],"33":[0,0],"34":[0,0],"35":[0,0],"36":[0,0]},"_coverageSchema":"1a1c01bbd47fc00a2c39e90264f33305004495a9","hash":"e5f5b07b161be5096f0202e4a293a7b63da5092e"}
,"C:\\Users\\sanju\\OneDrive\\Desktop\\SEM 2.2\\FWEB\\assignment\\fweb_project with unit testing\\server\\models\\otpModel.js": {"path":"C:\\Users\\sanju\\OneDrive\\Desktop\\SEM 2.2\\FWEB\\assignment\\fweb_project with unit testing\\server\\models\\otpModel.js","statementMap":{"0":{"start":{"line":1,"column":17},"end":{"line":1,"column":36}},"1":{"start":{"line":3,"column":18},"end":{"line":8,"column":2}},"2":{"start":{"line":10,"column":17},"end":{"line":10,"column":49}},"3":{"start":{"line":12,"column":0},"end":{"line":12,"column":26}}},"fnMap":{},"branchMap":{},"s":{"0":1,"1":1,"2":1,"3":1},"f":{},"b":{},"_coverageSchema":"1a1c01bbd47fc00a2c39e90264f33305004495a9","hash":"9ae04c407c62b34e9b10aaa3fdcf7f039e3f0ab7"}
,"C:\\Users\\sanju\\OneDrive\\Desktop\\SEM 2.2\\FWEB\\assignment\\fweb_project with unit testing\\server\\models\\userModel.js": {"path":"C:\\Users\\sanju\\OneDrive\\Desktop\\SEM 2.2\\FWEB\\assignment\\fweb_project with unit testing\\server\\models\\userModel.js","statementMap":{"0":{"start":{"line":1,"column":17},"end":{"line":1,"column":36}},"1":{"start":{"line":3,"column":19},"end":{"line":15,"column":2}},"2":{"start":{"line":17,"column":18},"end":{"line":17,"column":53}},"3":{"start":{"line":19,"column":0},"end":{"line":19,"column":27}}},"fnMap":{},"branchMap":{},"s":{"0":1,"1":1,"2":1,"3":1},"f":{},"b":{},"_coverageSchema":"1a1c01bbd47fc00a2c39e90264f33305004495a9","hash":"f3e65ec845e9b117630d82919a0a2dbd324f423b"}
,"C:\\Users\\sanju\\OneDrive\\Desktop\\SEM 2.2\\FWEB\\assignment\\fweb_project with unit testing\\server\\tests\\testDb.js": {"path":"C:\\Users\\sanju\\OneDrive\\Desktop\\SEM 2.2\\FWEB\\assignment\\fweb_project with unit testing\\server\\tests\\testDb.js","statementMap":{"0":{"start":{"line":1,"column":17},"end":{"line":1,"column":36}},"1":{"start":{"line":2,"column":30},"end":{"line":2,"column":62}},"2":{"start":{"line":4,"column":12},"end":{"line":4,"column":21}},"3":{"start":{"line":6,"column":0},"end":{"line":13,"column":2}},"4":{"start":{"line":7,"column":2},"end":{"line":7,"column":43}},"5":{"start":{"line":8,"column":14},"end":{"line":8,"column":28}},"6":{"start":{"line":10,"column":2},"end":{"line":12,"column":5}},"7":{"start":{"line":15,"column":0},"end":{"line":21,"column":2}},"8":{"start":{"line":16,"column":2},"end":{"line":20,"column":3}},"9":{"start":{"line":17,"column":4},"end":{"line":17,"column":45}},"10":{"start":{"line":18,"column":4},"end":{"line":18,"column":38}},"11":{"start":{"line":19,"column":4},"end":{"line":19,"column":23}},"12":{"start":{"line":23,"column":0},"end":{"line":32,"column":2}},"13":{"start":{"line":24,"column":2},"end":{"line":31,"column":3}},"14":{"start":{"line":25,"column":24},"end":{"line":25,"column":55}},"15":{"start":{"line":27,"column":4},"end":{"line":30,"column":5}},"16":{"start":{"line":28,"column":25},"end":{"line":28,"column":41}},"17":{"start":{"line":29,"column":6},"end":{"line":29,"column":36}}},"fnMap":{"0":{"name":"(anonymous_0)","decl":{"start":{"line":6,"column":23},"end":{"line":6,"column":24}},"loc":{"start":{"line":6,"column":35},"end":{"line":13,"column":1}},"line":6},"1":{"name":"(anonymous_1)","decl":{"start":{"line":15,"column":30},"end":{"line":15,"column":31}},"loc":{"start":{"line":15,"column":42},"end":{"line":21,"column":1}},"line":15},"2":{"name":"(anonymous_2)","decl":{"start":{"line":23,"column":33},"end":{"line":23,"column":34}},"loc":{"start":{"line":23,"column":45},"end":{"line":32,"column":1}},"line":23}},"branchMap":{"0":{"loc":{"start":{"line":16,"column":2},"end":{"line":20,"column":3}},"type":"if","locations":[{"start":{"line":16,"column":2},"end":{"line":20,"column":3}},{"start":{},"end":{}}],"line":16},"1":{"loc":{"start":{"line":24,"column":2},"end":{"line":31,"column":3}},"type":"if","locations":[{"start":{"line":24,"column":2},"end":{"line":31,"column":3}},{"start":{},"end":{}}],"line":24}},"s":{"0":1,"1":1,"2":1,"3":1,"4":1,"5":1,"6":1,"7":1,"8":1,"9":1,"10":1,"11":1,"12":1,"13":19,"14":19,"15":19,"16":38,"17":38},"f":{"0":1,"1":1,"2":19},"b":{"0":[1,0],"1":[19,0]},"_coverageSchema":"1a1c01bbd47fc00a2c39e90264f33305004495a9","hash":"3de84d4a2a0a67f02ff30868f6ec61997b6855bc"}
,"C:\\Users\\sanju\\OneDrive\\Desktop\\SEM 2.2\\FWEB\\assignment\\fweb_project with unit testing\\server\\utils\\hashData.js": {"path":"C:\\Users\\sanju\\OneDrive\\Desktop\\SEM 2.2\\FWEB\\assignment\\fweb_project with unit testing\\server\\utils\\hashData.js","statementMap":{"0":{"start":{"line":1,"column":15},"end":{"line":1,"column":32}},"1":{"start":{"line":4,"column":17},"end":{"line":11,"column":1}},"2":{"start":{"line":5,"column":2},"end":{"line":10,"column":3}},"3":{"start":{"line":6,"column":23},"end":{"line":6,"column":58}},"4":{"start":{"line":7,"column":4},"end":{"line":7,"column":22}},"5":{"start":{"line":9,"column":4},"end":{"line":9,"column":16}},"6":{"start":{"line":14,"column":25},"end":{"line":23,"column":1}},"7":{"start":{"line":15,"column":2},"end":{"line":22,"column":3}},"8":{"start":{"line":16,"column":18},"end":{"line":16,"column":56}},"9":{"start":{"line":19,"column":4},"end":{"line":19,"column":17}},"10":{"start":{"line":21,"column":4},"end":{"line":21,"column":16}},"11":{"start":{"line":25,"column":0},"end":{"line":25,"column":48}}},"fnMap":{"0":{"name":"(anonymous_0)","decl":{"start":{"line":4,"column":17},"end":{"line":4,"column":18}},"loc":{"start":{"line":4,"column":50},"end":{"line":11,"column":1}},"line":4},"1":{"name":"(anonymous_1)","decl":{"start":{"line":14,"column":25},"end":{"line":14,"column":26}},"loc":{"start":{"line":14,"column":53},"end":{"line":23,"column":1}},"line":14}},"branchMap":{"0":{"loc":{"start":{"line":4,"column":30},"end":{"line":4,"column":45}},"type":"default-arg","locations":[{"start":{"line":4,"column":43},"end":{"line":4,"column":45}}],"line":4}},"s":{"0":1,"1":1,"2":20,"3":20,"4":20,"5":0,"6":1,"7":7,"8":7,"9":7,"10":0,"11":1},"f":{"0":20,"1":7},"b":{"0":[20]},"_coverageSchema":"1a1c01bbd47fc00a2c39e90264f33305004495a9","hash":"da8fc48fd611e8cfe89d2c457dd023169325a483"}
,"C:\\Users\\sanju\\OneDrive\\Desktop\\SEM 2.2\\FWEB\\assignment\\fweb_project with unit testing\\server\\utils\\otpUtils.js": {"path":"C:\\Users\\sanju\\OneDrive\\Desktop\\SEM 2.2\\FWEB\\assignment\\fweb_project with unit testing\\server\\utils\\otpUtils.js","statementMap":{"0":{"start":{"line":1,"column":29},"end":{"line":1,"column":60}},"1":{"start":{"line":2,"column":12},"end":{"line":2,"column":44}},"2":{"start":{"line":6,"column":20},"end":{"line":13,"column":1}},"3":{"start":{"line":7,"column":2},"end":{"line":12,"column":3}},"4":{"start":{"line":8,"column":16},"end":{"line":8,"column":60}},"5":{"start":{"line":9,"column":4},"end":{"line":9,"column":15}},"6":{"start":{"line":11,"column":4},"end":{"line":11,"column":16}},"7":{"start":{"line":16,"column":18},"end":{"line":66,"column":1}},"8":{"start":{"line":17,"column":2},"end":{"line":65,"column":3}},"9":{"start":{"line":19,"column":4},"end":{"line":21,"column":5}},"10":{"start":{"line":20,"column":6},"end":{"line":20,"column":49}},"11":{"start":{"line":23,"column":4},"end":{"line":25,"column":5}},"12":{"start":{"line":24,"column":6},"end":{"line":24,"column":47}},"13":{"start":{"line":28,"column":29},"end":{"line":30,"column":6}},"14":{"start":{"line":32,"column":4},"end":{"line":34,"column":5}},"15":{"start":{"line":33,"column":6},"end":{"line":33,"column":47}},"16":{"start":{"line":37,"column":26},"end":{"line":37,"column":42}},"17":{"start":{"line":39,"column":36},"end":{"line":39,"column":89}},"18":{"start":{"line":40,"column":4},"end":{"line":40,"column":41}},"19":{"start":{"line":43,"column":4},"end":{"line":61,"column":5}},"20":{"start":{"line":45,"column":6},"end":{"line":45,"column":37}},"21":{"start":{"line":46,"column":6},"end":{"line":46,"column":66}},"22":{"start":{"line":49,"column":24},"end":{"line":49,"column":44}},"23":{"start":{"line":50,"column":23},"end":{"line":50,"column":61}},"24":{"start":{"line":53,"column":6},"end":{"line":60,"column":7}},"25":{"start":{"line":54,"column":8},"end":{"line":54,"column":39}},"26":{"start":{"line":55,"column":8},"end":{"line":55,"column":45}},"27":{"start":{"line":56,"column":8},"end":{"line":56,"column":31}},"28":{"start":{"line":58,"column":8},"end":{"line":58,"column":47}},"29":{"start":{"line":59,"column":8},"end":{"line":59,"column":54}},"30":{"start":{"line":63,"column":4},"end":{"line":63,"column":49}},"31":{"start":{"line":64,"column":4},"end":{"line":64,"column":16}},"32":{"start":{"line":69,"column":31},"end":{"line":119,"column":1}},"33":{"start":{"line":70,"column":2},"end":{"line":118,"column":3}},"34":{"start":{"line":72,"column":4},"end":{"line":74,"column":5}},"35":{"start":{"line":73,"column":6},"end":{"line":73,"column":49}},"36":{"start":{"line":76,"column":4},"end":{"line":78,"column":5}},"37":{"start":{"line":77,"column":6},"end":{"line":77,"column":47}},"38":{"start":{"line":81,"column":29},"end":{"line":83,"column":6}},"39":{"start":{"line":85,"column":4},"end":{"line":87,"column":5}},"40":{"start":{"line":86,"column":6},"end":{"line":86,"column":47}},"41":{"start":{"line":90,"column":26},"end":{"line":90,"column":42}},"42":{"start":{"line":92,"column":36},"end":{"line":92,"column":89}},"43":{"start":{"line":93,"column":4},"end":{"line":93,"column":41}},"44":{"start":{"line":96,"column":4},"end":{"line":114,"column":5}},"45":{"start":{"line":98,"column":6},"end":{"line":98,"column":37}},"46":{"start":{"line":99,"column":6},"end":{"line":99,"column":66}},"47":{"start":{"line":102,"column":24},"end":{"line":102,"column":44}},"48":{"start":{"line":103,"column":23},"end":{"line":103,"column":61}},"49":{"start":{"line":106,"column":6},"end":{"line":113,"column":7}},"50":{"start":{"line":108,"column":8},"end":{"line":108,"column":36}},"51":{"start":{"line":109,"column":8},"end":{"line":109,"column":31}},"52":{"start":{"line":111,"column":8},"end":{"line":111,"column":47}},"53":{"start":{"line":112,"column":8},"end":{"line":112,"column":54}},"54":{"start":{"line":116,"column":4},"end":{"line":116,"column":49}},"55":{"start":{"line":117,"column":4},"end":{"line":117,"column":16}},"56":{"start":{"line":121,"column":0},"end":{"line":121,"column":68}}},"fnMap":{"0":{"name":"(anonymous_0)","decl":{"start":{"line":6,"column":20},"end":{"line":6,"column":21}},"loc":{"start":{"line":6,"column":32},"end":{"line":13,"column":1}},"line":6},"1":{"name":"(anonymous_1)","decl":{"start":{"line":16,"column":18},"end":{"line":16,"column":19}},"loc":{"start":{"line":16,"column":44},"end":{"line":66,"column":1}},"line":16},"2":{"name":"(anonymous_2)","decl":{"start":{"line":69,"column":31},"end":{"line":69,"column":32}},"loc":{"start":{"line":69,"column":57},"end":{"line":119,"column":1}},"line":69}},"branchMap":{"0":{"loc":{"start":{"line":19,"column":4},"end":{"line":21,"column":5}},"type":"if","locations":[{"start":{"line":19,"column":4},"end":{"line":21,"column":5}},{"start":{},"end":{}}],"line":19},"1":{"loc":{"start":{"line":23,"column":4},"end":{"line":25,"column":5}},"type":"if","locations":[{"start":{"line":23,"column":4},"end":{"line":25,"column":5}},{"start":{},"end":{}}],"line":23},"2":{"loc":{"start":{"line":32,"column":4},"end":{"line":34,"column":5}},"type":"if","locations":[{"start":{"line":32,"column":4},"end":{"line":34,"column":5}},{"start":{},"end":{}}],"line":32},"3":{"loc":{"start":{"line":43,"column":4},"end":{"line":61,"column":5}},"type":"if","locations":[{"start":{"line":43,"column":4},"end":{"line":61,"column":5}},{"start":{"line":47,"column":11},"end":{"line":61,"column":5}}],"line":43},"4":{"loc":{"start":{"line":43,"column":8},"end":{"line":43,"column":67}},"type":"binary-expr","locations":[{"start":{"line":43,"column":8},"end":{"line":43,"column":35}},{"start":{"line":43,"column":39},"end":{"line":43,"column":67}}],"line":43},"5":{"loc":{"start":{"line":53,"column":6},"end":{"line":60,"column":7}},"type":"if","locations":[{"start":{"line":53,"column":6},"end":{"line":60,"column":7}},{"start":{"line":57,"column":13},"end":{"line":60,"column":7}}],"line":53},"6":{"loc":{"start":{"line":72,"column":4},"end":{"line":74,"column":5}},"type":"if","locations":[{"start":{"line":72,"column":4},"end":{"line":74,"column":5}},{"start":{},"end":{}}],"line":72},"7":{"loc":{"start":{"line":76,"column":4},"end":{"line":78,"column":5}},"type":"if","locations":[{"start":{"line":76,"column":4},"end":{"line":78,"column":5}},{"start":{},"end":{}}],"line":76},"8":{"loc":{"start":{"line":85,"column":4},"end":{"line":87,"column":5}},"type":"if","locations":[{"start":{"line":85,"column":4},"end":{"line":87,"column":5}},{"start":{},"end":{}}],"line":85},"9":{"loc":{"start":{"line":96,"column":4},"end":{"line":114,"column":5}},"type":"if","locations":[{"start":{"line":96,"column":4},"end":{"line":114,"column":5}},{"start":{"line":100,"column":11},"end":{"line":114,"column":5}}],"line":96},"10":{"loc":{"start":{"line":96,"column":8},"end":{"line":96,"column":67}},"type":"binary-expr","locations":[{"start":{"line":96,"column":8},"end":{"line":96,"column":35}},{"start":{"line":96,"column":39},"end":{"line":96,"column":67}}],"line":96},"11":{"loc":{"start":{"line":106,"column":6},"end":{"line":113,"column":7}},"type":"if","locations":[{"start":{"line":106,"column":6},"end":{"line":113,"column":7}},{"start":{"line":110,"column":13},"end":{"line":113,"column":7}}],"line":106}},"s":{"0":1,"1":1,"2":1,"3":5,"4":5,"5":5,"6":0,"7":1,"8":0,"9":0,"10":0,"11":0,"12":0,"13":0,"14":0,"15":0,"16":0,"17":0,"18":0,"19":0,"20":0,"21":0,"22":0,"23":0,"24":0,"25":0,"26":0,"27":0,"28":0,"29":0,"30":0,"31":0,"32":1,"33":0,"34":0,"35":0,"36":0,"37":0,"38":0,"39":0,"40":0,"41":0,"42":0,"43":0,"44":0,"45":0,"46":0,"47":0,"48":0,"49":0,"50":0,"51":0,"52":0,"53":0,"54":0,"55":0,"56":1},"f":{"0":5,"1":0,"2":0},"b":{"0":[0,0],"1":[0,0],"2":[0,0],"3":[0,0],"4":[0,0],"5":[0,0],"6":[0,0],"7":[0,0],"8":[0,0],"9":[0,0],"10":[0,0],"11":[0,0]},"_coverageSchema":"1a1c01bbd47fc00a2c39e90264f33305004495a9","hash":"9ef000d04f5fa258f21e08272b5429de3dd783e7"}
}
