TN:
SF:controller\userController.js
FN:18,(anonymous_0)
FN:27,(anonymous_1)
FN:77,(anonymous_2)
FN:133,(anonymous_3)
FN:195,(anonymous_4)
FN:234,(anonymous_5)
FN:306,(anonymous_6)
FN:341,(anonymous_7)
FN:410,(anonymous_8)
FN:476,(anonymous_9)
FN:517,(anonymous_10)
FN:540,(anonymous_11)
FN:587,(anonymous_12)
FNF:13
FNH:13
FNDA:2,(anonymous_0)
FNDA:8,(anonymous_1)
FNDA:6,(anonymous_2)
FNDA:8,(anonymous_3)
FNDA:4,(anonymous_4)
FNDA:6,(anonymous_5)
FNDA:4,(anonymous_6)
FNDA:6,(anonymous_7)
FNDA:5,(anonymous_8)
FNDA:6,(anonymous_9)
FNDA:3,(anonymous_10)
FNDA:2,(anonymous_11)
FNDA:2,(anonymous_12)
DA:1,1
DA:2,1
DA:3,1
DA:4,1
DA:5,1
DA:6,1
DA:7,1
DA:8,1
DA:9,1
DA:12,1
DA:13,1
DA:18,1
DA:19,2
DA:22,2
DA:23,2
DA:27,1
DA:28,8
DA:29,8
DA:32,8
DA:34,6
DA:35,1
DA:39,5
DA:40,1
DA:43,4
DA:44,4
DA:46,4
DA:47,1
DA:50,3
DA:51,1
DA:54,2
DA:56,1
DA:63,1
DA:65,1
DA:68,1
DA:73,2
DA:77,1
DA:78,6
DA:79,6
DA:82,6
DA:84,6
DA:85,1
DA:89,5
DA:90,1
DA:93,4
DA:95,3
DA:98,3
DA:99,3
DA:101,3
DA:102,1
DA:105,2
DA:106,1
DA:110,1
DA:117,1
DA:119,1
DA:122,1
DA:127,0
DA:133,1
DA:134,8
DA:137,8
DA:138,1
DA:142,7
DA:144,7
DA:145,1
DA:149,6
DA:152,6
DA:155,6
DA:162,6
DA:165,6
DA:167,6
DA:169,1
DA:170,1
DA:171,1
DA:172,1
DA:175,5
DA:183,5
DA:186,6
DA:188,0
DA:195,1
DA:196,4
DA:197,4
DA:200,4
DA:202,4
DA:203,1
DA:207,3
DA:209,3
DA:211,2
DA:215,1
DA:216,1
DA:220,1
DA:225,1
DA:227,1
DA:229,0
DA:234,1
DA:235,6
DA:236,6
DA:239,6
DA:240,6
DA:241,6
DA:242,6
DA:243,6
DA:244,6
DA:248,6
DA:250,6
DA:251,1
DA:255,5
DA:256,1
DA:259,4
DA:260,1
DA:263,3
DA:264,1
DA:267,2
DA:268,1
DA:272,1
DA:273,1
DA:285,1
DA:288,1
DA:296,1
DA:298,1
DA:301,0
DA:306,1
DA:307,4
DA:308,4
DA:312,4
DA:314,4
DA:315,1
DA:319,3
DA:321,3
DA:323,2
DA:326,1
DA:327,1
DA:330,1
DA:332,1
DA:333,1
DA:336,0
DA:341,1
DA:342,6
DA:343,6
DA:346,6
DA:347,1
DA:351,5
DA:353,5
DA:354,1
DA:357,4
DA:358,1
DA:363,3
DA:366,3
DA:368,3
DA:369,3
DA:370,3
DA:373,3
DA:380,3
DA:383,3
DA:385,3
DA:387,1
DA:388,1
DA:389,1
DA:390,1
DA:393,2
DA:400,2
DA:403,3
DA:405,0
DA:410,1
DA:411,5
DA:412,5
DA:415,5
DA:416,1
DA:420,4
DA:422,4
DA:423,1
DA:428,3
DA:431,3
DA:433,3
DA:434,3
DA:435,3
DA:438,3
DA:445,3
DA:448,3
DA:450,3
DA:452,1
DA:453,1
DA:454,1
DA:455,1
DA:458,2
DA:466,2
DA:469,3
DA:471,0
DA:476,1
DA:477,6
DA:478,6
DA:479,6
DA:480,6
DA:482,6
DA:483,1
DA:487,5
DA:489,5
DA:490,1
DA:492,4
DA:493,1
DA:496,3
DA:497,2
DA:501,1
DA:504,1
DA:506,1
DA:508,1
DA:510,0
DA:517,1
DA:518,3
DA:519,3
DA:522,3
DA:523,2
DA:527,1
DA:529,1
DA:530,0
DA:533,1
DA:535,0
DA:540,1
DA:541,2
DA:543,2
DA:548,2
DA:552,2
DA:553,0
DA:557,2
DA:560,2
DA:561,1
DA:564,1
DA:566,0
DA:587,1
DA:588,2
DA:589,2
DA:591,2
DA:592,1
DA:597,1
DA:600,0
DA:604,1
LF:234
LH:221
BRDA:34,0,0,1
BRDA:34,0,1,5
BRDA:39,1,0,1
BRDA:39,1,1,4
BRDA:39,2,0,5
BRDA:39,2,1,4
BRDA:39,2,2,4
BRDA:46,3,0,1
BRDA:46,3,1,3
BRDA:50,4,0,1
BRDA:50,4,1,2
BRDA:54,5,0,1
BRDA:54,5,1,1
BRDA:54,6,0,2
BRDA:54,6,1,1
BRDA:84,7,0,1
BRDA:84,7,1,5
BRDA:89,8,0,1
BRDA:89,8,1,4
BRDA:89,9,0,5
BRDA:89,9,1,4
BRDA:89,9,2,4
BRDA:93,10,0,3
BRDA:93,10,1,1
BRDA:93,11,0,4
BRDA:93,11,1,3
BRDA:101,12,0,1
BRDA:101,12,1,2
BRDA:105,13,0,1
BRDA:105,13,1,1
BRDA:133,14,0,5
BRDA:137,15,0,1
BRDA:137,15,1,7
BRDA:137,16,0,8
BRDA:137,16,1,1
BRDA:137,16,2,1
BRDA:144,17,0,1
BRDA:144,17,1,6
BRDA:167,18,0,1
BRDA:167,18,1,5
BRDA:202,19,0,1
BRDA:202,19,1,3
BRDA:209,20,0,2
BRDA:209,20,1,1
BRDA:250,21,0,1
BRDA:250,21,1,5
BRDA:255,22,0,1
BRDA:255,22,1,4
BRDA:255,23,0,5
BRDA:255,23,1,4
BRDA:255,23,2,4
BRDA:255,23,3,4
BRDA:255,23,4,4
BRDA:255,23,5,4
BRDA:255,23,6,4
BRDA:259,24,0,1
BRDA:259,24,1,3
BRDA:263,25,0,1
BRDA:263,25,1,2
BRDA:267,26,0,1
BRDA:267,26,1,1
BRDA:314,27,0,1
BRDA:314,27,1,3
BRDA:321,28,0,2
BRDA:321,28,1,1
BRDA:346,29,0,1
BRDA:346,29,1,5
BRDA:353,30,0,1
BRDA:353,30,1,4
BRDA:357,31,0,1
BRDA:357,31,1,3
BRDA:385,32,0,1
BRDA:385,32,1,2
BRDA:415,33,0,1
BRDA:415,33,1,4
BRDA:422,34,0,1
BRDA:422,34,1,3
BRDA:450,35,0,1
BRDA:450,35,1,2
BRDA:482,36,0,1
BRDA:482,36,1,5
BRDA:489,37,0,1
BRDA:489,37,1,4
BRDA:492,38,0,1
BRDA:492,38,1,3
BRDA:496,39,0,2
BRDA:496,39,1,1
BRDA:522,40,0,2
BRDA:522,40,1,1
BRDA:529,41,0,0
BRDA:529,41,1,1
BRDA:552,42,0,0
BRDA:552,42,1,2
BRDA:560,43,0,1
BRDA:560,43,1,1
BRDA:591,44,0,1
BRDA:591,44,1,1
BRF:97
BRH:95
end_of_record
TN:
SF:models\otpModel.js
FNF:0
FNH:0
DA:1,1
DA:3,1
DA:10,1
DA:12,1
LF:4
LH:4
BRF:0
BRH:0
end_of_record
TN:
SF:models\userModel.js
FNF:0
FNH:0
DA:1,1
DA:3,1
DA:17,1
DA:19,1
LF:4
LH:4
BRF:0
BRH:0
end_of_record
TN:
SF:tests\testDb.js
FN:6,(anonymous_0)
FN:15,(anonymous_1)
FN:23,(anonymous_2)
FNF:3
FNH:3
FNDA:1,(anonymous_0)
FNDA:1,(anonymous_1)
FNDA:58,(anonymous_2)
DA:1,1
DA:2,1
DA:4,1
DA:6,1
DA:7,1
DA:8,1
DA:10,1
DA:15,1
DA:16,1
DA:17,1
DA:18,1
DA:19,1
DA:23,1
DA:24,58
DA:25,58
DA:27,58
DA:28,116
DA:29,116
LF:18
LH:18
BRDA:16,0,0,1
BRDA:16,0,1,0
BRDA:24,1,0,58
BRDA:24,1,1,0
BRF:4
BRH:2
end_of_record
TN:
SF:utils\hashData.js
FN:4,(anonymous_0)
FN:14,(anonymous_1)
FNF:2
FNH:2
FNDA:69,(anonymous_0)
FNDA:13,(anonymous_1)
DA:1,1
DA:4,1
DA:5,69
DA:6,69
DA:7,69
DA:9,0
DA:14,1
DA:15,13
DA:16,13
DA:19,13
DA:21,0
DA:25,1
LF:12
LH:10
BRDA:4,0,0,69
BRF:1
BRH:1
end_of_record
TN:
SF:utils\otpUtils.js
FN:6,(anonymous_0)
FN:16,(anonymous_1)
FN:69,(anonymous_2)
FNF:3
FNH:3
FNDA:24,(anonymous_0)
FNDA:6,(anonymous_1)
FNDA:5,(anonymous_2)
DA:1,1
DA:2,1
DA:6,1
DA:7,24
DA:8,24
DA:9,24
DA:11,0
DA:16,1
DA:17,6
DA:19,6
DA:20,0
DA:23,6
DA:24,0
DA:28,6
DA:32,6
DA:33,0
DA:37,6
DA:39,6
DA:43,6
DA:45,2
DA:46,2
DA:49,4
DA:50,4
DA:53,4
DA:54,2
DA:56,2
DA:59,2
DA:63,0
DA:64,0
DA:69,1
DA:70,5
DA:72,5
DA:73,0
DA:76,5
DA:77,0
DA:81,5
DA:85,5
DA:86,2
DA:90,3
DA:92,3
DA:93,3
DA:96,3
DA:98,1
DA:99,1
DA:102,2
DA:103,2
DA:106,2
DA:108,1
DA:109,1
DA:111,1
DA:112,1
DA:116,0
DA:117,0
DA:121,1
LF:54
LH:44
BRDA:19,0,0,0
BRDA:19,0,1,6
BRDA:23,1,0,0
BRDA:23,1,1,6
BRDA:32,2,0,0
BRDA:32,2,1,6
BRDA:43,3,0,2
BRDA:43,3,1,4
BRDA:43,4,0,6
BRDA:43,4,1,4
BRDA:53,5,0,2
BRDA:53,5,1,2
BRDA:72,6,0,0
BRDA:72,6,1,5
BRDA:76,7,0,0
BRDA:76,7,1,5
BRDA:85,8,0,2
BRDA:85,8,1,3
BRDA:96,9,0,1
BRDA:96,9,1,2
BRDA:96,10,0,3
BRDA:96,10,1,2
BRDA:106,11,0,1
BRDA:106,11,1,1
BRF:24
BRH:19
end_of_record
