TN:
SF:controller\userController.js
FN:19,(anonymous_0)
FN:28,(anonymous_1)
FN:78,(anonymous_2)
FN:134,(anonymous_3)
FN:196,(anonymous_4)
FN:235,(anonymous_5)
FN:307,(anonymous_6)
FN:342,(anonymous_7)
FN:411,(anonymous_8)
FN:477,(anonymous_9)
FN:518,(anonymous_10)
FN:541,(anonymous_11)
FN:588,(anonymous_12)
FNF:13
FNH:13
FNDA:2,(anonymous_0)
FNDA:8,(anonymous_1)
FNDA:6,(anonymous_2)
FNDA:8,(anonymous_3)
FNDA:4,(anonymous_4)
FNDA:6,(anonymous_5)
FNDA:4,(anonymous_6)
FNDA:6,(anonymous_7)
FNDA:5,(anonymous_8)
FNDA:6,(anonymous_9)
FNDA:3,(anonymous_10)
FNDA:2,(anonymous_11)
FNDA:2,(anonymous_12)
DA:1,1
DA:2,1
DA:3,1
DA:4,1
DA:5,1
DA:6,1
DA:7,1
DA:8,1
DA:9,1
DA:10,1
DA:13,1
DA:14,1
DA:19,1
DA:20,2
DA:23,2
DA:24,2
DA:28,1
DA:29,8
DA:30,8
DA:33,8
DA:35,6
DA:36,1
DA:40,5
DA:41,1
DA:44,4
DA:45,4
DA:47,4
DA:48,1
DA:51,3
DA:52,1
DA:55,2
DA:57,1
DA:64,1
DA:66,1
DA:69,1
DA:74,2
DA:78,1
DA:79,6
DA:80,6
DA:83,6
DA:85,6
DA:86,1
DA:90,5
DA:91,1
DA:94,4
DA:96,3
DA:99,3
DA:100,3
DA:102,3
DA:103,1
DA:106,2
DA:107,1
DA:111,1
DA:118,1
DA:120,1
DA:123,1
DA:128,0
DA:134,1
DA:135,8
DA:138,8
DA:139,1
DA:143,7
DA:145,7
DA:146,1
DA:150,6
DA:153,6
DA:156,6
DA:163,6
DA:166,6
DA:168,6
DA:170,1
DA:171,1
DA:172,1
DA:173,1
DA:176,5
DA:184,5
DA:187,6
DA:189,0
DA:196,1
DA:197,4
DA:198,4
DA:201,4
DA:203,4
DA:204,1
DA:208,3
DA:210,3
DA:212,2
DA:216,1
DA:217,1
DA:221,1
DA:226,1
DA:228,1
DA:230,0
DA:235,1
DA:236,6
DA:237,6
DA:240,6
DA:241,6
DA:242,6
DA:243,6
DA:244,6
DA:245,6
DA:249,6
DA:251,6
DA:252,1
DA:256,5
DA:257,1
DA:260,4
DA:261,1
DA:264,3
DA:265,1
DA:268,2
DA:269,1
DA:273,1
DA:274,1
DA:286,1
DA:289,1
DA:297,1
DA:299,1
DA:302,0
DA:307,1
DA:308,4
DA:309,4
DA:313,4
DA:315,4
DA:316,1
DA:320,3
DA:322,3
DA:324,2
DA:327,1
DA:328,1
DA:331,1
DA:333,1
DA:334,1
DA:337,0
DA:342,1
DA:343,6
DA:344,6
DA:347,6
DA:348,1
DA:352,5
DA:354,5
DA:355,1
DA:358,4
DA:359,1
DA:364,3
DA:367,3
DA:369,3
DA:370,3
DA:371,3
DA:374,3
DA:381,3
DA:384,3
DA:386,3
DA:388,1
DA:389,1
DA:390,1
DA:391,1
DA:394,2
DA:401,2
DA:404,3
DA:406,0
DA:411,1
DA:412,5
DA:413,5
DA:416,5
DA:417,1
DA:421,4
DA:423,4
DA:424,1
DA:429,3
DA:432,3
DA:434,3
DA:435,3
DA:436,3
DA:439,3
DA:446,3
DA:449,3
DA:451,3
DA:453,1
DA:454,1
DA:455,1
DA:456,1
DA:459,2
DA:467,2
DA:470,3
DA:472,0
DA:477,1
DA:478,6
DA:479,6
DA:480,6
DA:481,6
DA:483,6
DA:484,1
DA:488,5
DA:490,5
DA:491,1
DA:493,4
DA:494,1
DA:497,3
DA:498,2
DA:502,1
DA:505,1
DA:507,1
DA:509,1
DA:511,0
DA:518,1
DA:519,3
DA:520,3
DA:523,3
DA:524,2
DA:528,1
DA:530,1
DA:531,0
DA:534,1
DA:536,0
DA:541,1
DA:542,2
DA:544,2
DA:549,2
DA:553,2
DA:554,0
DA:558,2
DA:561,2
DA:562,1
DA:565,1
DA:567,0
DA:588,1
DA:589,2
DA:590,2
DA:593,2
DA:594,1
DA:598,1
DA:601,0
DA:605,1
LF:235
LH:222
BRDA:35,0,0,1
BRDA:35,0,1,5
BRDA:40,1,0,1
BRDA:40,1,1,4
BRDA:40,2,0,5
BRDA:40,2,1,4
BRDA:40,2,2,4
BRDA:47,3,0,1
BRDA:47,3,1,3
BRDA:51,4,0,1
BRDA:51,4,1,2
BRDA:55,5,0,1
BRDA:55,5,1,1
BRDA:55,6,0,2
BRDA:55,6,1,1
BRDA:85,7,0,1
BRDA:85,7,1,5
BRDA:90,8,0,1
BRDA:90,8,1,4
BRDA:90,9,0,5
BRDA:90,9,1,4
BRDA:90,9,2,4
BRDA:94,10,0,3
BRDA:94,10,1,1
BRDA:94,11,0,4
BRDA:94,11,1,3
BRDA:102,12,0,1
BRDA:102,12,1,2
BRDA:106,13,0,1
BRDA:106,13,1,1
BRDA:134,14,0,5
BRDA:138,15,0,1
BRDA:138,15,1,7
BRDA:138,16,0,8
BRDA:138,16,1,1
BRDA:138,16,2,1
BRDA:145,17,0,1
BRDA:145,17,1,6
BRDA:168,18,0,1
BRDA:168,18,1,5
BRDA:203,19,0,1
BRDA:203,19,1,3
BRDA:210,20,0,2
BRDA:210,20,1,1
BRDA:251,21,0,1
BRDA:251,21,1,5
BRDA:256,22,0,1
BRDA:256,22,1,4
BRDA:256,23,0,5
BRDA:256,23,1,4
BRDA:256,23,2,4
BRDA:256,23,3,4
BRDA:256,23,4,4
BRDA:256,23,5,4
BRDA:256,23,6,4
BRDA:260,24,0,1
BRDA:260,24,1,3
BRDA:264,25,0,1
BRDA:264,25,1,2
BRDA:268,26,0,1
BRDA:268,26,1,1
BRDA:315,27,0,1
BRDA:315,27,1,3
BRDA:322,28,0,2
BRDA:322,28,1,1
BRDA:347,29,0,1
BRDA:347,29,1,5
BRDA:354,30,0,1
BRDA:354,30,1,4
BRDA:358,31,0,1
BRDA:358,31,1,3
BRDA:386,32,0,1
BRDA:386,32,1,2
BRDA:416,33,0,1
BRDA:416,33,1,4
BRDA:423,34,0,1
BRDA:423,34,1,3
BRDA:451,35,0,1
BRDA:451,35,1,2
BRDA:483,36,0,1
BRDA:483,36,1,5
BRDA:490,37,0,1
BRDA:490,37,1,4
BRDA:493,38,0,1
BRDA:493,38,1,3
BRDA:497,39,0,2
BRDA:497,39,1,1
BRDA:523,40,0,2
BRDA:523,40,1,1
BRDA:530,41,0,0
BRDA:530,41,1,1
BRDA:553,42,0,0
BRDA:553,42,1,2
BRDA:561,43,0,1
BRDA:561,43,1,1
BRDA:593,44,0,1
BRDA:593,44,1,1
BRF:97
BRH:95
end_of_record
TN:
SF:models\eventsModel.js
FNF:0
FNH:0
DA:1,1
DA:3,1
DA:16,1
DA:18,1
LF:4
LH:4
BRF:0
BRH:0
end_of_record
TN:
SF:models\otpModel.js
FNF:0
FNH:0
DA:1,1
DA:3,1
DA:10,1
DA:12,1
LF:4
LH:4
BRF:0
BRH:0
end_of_record
TN:
SF:models\userModel.js
FNF:0
FNH:0
DA:1,1
DA:3,1
DA:17,1
DA:19,1
LF:4
LH:4
BRF:0
BRH:0
end_of_record
TN:
SF:tests\testDb.js
FN:6,(anonymous_0)
FN:15,(anonymous_1)
FN:23,(anonymous_2)
FNF:3
FNH:3
FNDA:1,(anonymous_0)
FNDA:1,(anonymous_1)
FNDA:58,(anonymous_2)
DA:1,1
DA:2,1
DA:4,1
DA:6,1
DA:7,1
DA:8,1
DA:10,1
DA:15,1
DA:16,1
DA:17,1
DA:18,1
DA:19,1
DA:23,1
DA:24,58
DA:25,58
DA:27,58
DA:28,174
DA:29,174
LF:18
LH:18
BRDA:16,0,0,1
BRDA:16,0,1,0
BRDA:24,1,0,58
BRDA:24,1,1,0
BRF:4
BRH:2
end_of_record
TN:
SF:utils\hashData.js
FN:4,(anonymous_0)
FN:14,(anonymous_1)
FNF:2
FNH:2
FNDA:69,(anonymous_0)
FNDA:13,(anonymous_1)
DA:1,1
DA:4,1
DA:5,69
DA:6,69
DA:7,69
DA:9,0
DA:14,1
DA:15,13
DA:16,13
DA:19,13
DA:21,0
DA:25,1
LF:12
LH:10
BRDA:4,0,0,69
BRF:1
BRH:1
end_of_record
TN:
SF:utils\otpUtils.js
FN:6,(anonymous_0)
FN:16,(anonymous_1)
FN:69,(anonymous_2)
FNF:3
FNH:3
FNDA:24,(anonymous_0)
FNDA:6,(anonymous_1)
FNDA:5,(anonymous_2)
DA:1,1
DA:2,1
DA:6,1
DA:7,24
DA:8,24
DA:9,24
DA:11,0
DA:16,1
DA:17,6
DA:19,6
DA:20,0
DA:23,6
DA:24,0
DA:28,6
DA:32,6
DA:33,0
DA:37,6
DA:39,6
DA:43,6
DA:45,2
DA:46,2
DA:49,4
DA:50,4
DA:53,4
DA:54,2
DA:56,2
DA:59,2
DA:63,0
DA:64,0
DA:69,1
DA:70,5
DA:72,5
DA:73,0
DA:76,5
DA:77,0
DA:81,5
DA:85,5
DA:86,2
DA:90,3
DA:92,3
DA:93,3
DA:96,3
DA:98,1
DA:99,1
DA:102,2
DA:103,2
DA:106,2
DA:108,1
DA:109,1
DA:111,1
DA:112,1
DA:116,0
DA:117,0
DA:121,1
LF:54
LH:44
BRDA:19,0,0,0
BRDA:19,0,1,6
BRDA:23,1,0,0
BRDA:23,1,1,6
BRDA:32,2,0,0
BRDA:32,2,1,6
BRDA:43,3,0,2
BRDA:43,3,1,4
BRDA:43,4,0,6
BRDA:43,4,1,4
BRDA:53,5,0,2
BRDA:53,5,1,2
BRDA:72,6,0,0
BRDA:72,6,1,5
BRDA:76,7,0,0
BRDA:76,7,1,5
BRDA:85,8,0,2
BRDA:85,8,1,3
BRDA:96,9,0,1
BRDA:96,9,1,2
BRDA:96,10,0,3
BRDA:96,10,1,2
BRDA:106,11,0,1
BRDA:106,11,1,1
BRF:24
BRH:19
end_of_record
